/Users/evangeline.bangsil/localwork/UTD-PROJECT/fm-subtype-discovery/experiments/ds002748_mdd/dataset_mdd.py:68: FutureWarning: The default strategy for standardize is currently 'zscore' which incorrectly uses population std to calculate sample zscores. The new strategy 'zscore_sample' corrects this behavior by using the sample std. In release 0.14.0, the default strategy will be replaced by the new strategy, the 'zscore' option will be removed. and using standardize=True will fall back to 'zscore_sample'.To avoid this warning, please use 'zscore_sample' instead.
  r=lw.fit_transform([ts])[0]
/Users/evangeline.bangsil/localwork/UTD-PROJECT/fm-subtype-discovery/experiments/ds002748_mdd/dataset_mdd.py:69: RuntimeWarning: divide by zero encountered in arctanh
  z=np.arctanh(r)
/Users/evangeline.bangsil/localwork/UTD-PROJECT/fm-subtype-discovery/experiments/ds002748_mdd/dataset_mdd.py:68: FutureWarning: The default strategy for standardize is currently 'zscore' which incorrectly uses population std to calculate sample zscores. The new strategy 'zscore_sample' corrects this behavior by using the sample std. In release 0.14.0, the default strategy will be replaced by the new strategy, the 'zscore' option will be removed. and using standardize=True will fall back to 'zscore_sample'.To avoid this warning, please use 'zscore_sample' instead.
  r=lw.fit_transform([ts])[0]
/Users/evangeline.bangsil/localwork/UTD-PROJECT/fm-subtype-discovery/experiments/ds002748_mdd/dataset_mdd.py:69: RuntimeWarning: divide by zero encountered in arctanh
  z=np.arctanh(r)
/Users/evangeline.bangsil/localwork/UTD-PROJECT/fm-subtype-discovery/experiments/ds002748_mdd/dataset_mdd.py:68: FutureWarning: The default strategy for standardize is currently 'zscore' which incorrectly uses population std to calculate sample zscores. The new strategy 'zscore_sample' corrects this behavior by using the sample std. In release 0.14.0, the default strategy will be replaced by the new strategy, the 'zscore' option will be removed. and using standardize=True will fall back to 'zscore_sample'.To avoid this warning, please use 'zscore_sample' instead.
  r=lw.fit_transform([ts])[0]
/Users/evangeline.bangsil/localwork/UTD-PROJECT/fm-subtype-discovery/experiments/ds002748_mdd/dataset_mdd.py:69: RuntimeWarning: divide by zero encountered in arctanh
  z=np.arctanh(r)
/Users/evangeline.bangsil/localwork/UTD-PROJECT/fm-subtype-discovery/experiments/ds002748_mdd/dataset_mdd.py:68: FutureWarning: The default strategy for standardize is currently 'zscore' which incorrectly uses population std to calculate sample zscores. The new strategy 'zscore_sample' corrects this behavior by using the sample std. In release 0.14.0, the default strategy will be replaced by the new strategy, the 'zscore' option will be removed. and using standardize=True will fall back to 'zscore_sample'.To avoid this warning, please use 'zscore_sample' instead.
  r=lw.fit_transform([ts])[0]
/Users/evangeline.bangsil/localwork/UTD-PROJECT/fm-subtype-discovery/experiments/ds002748_mdd/dataset_mdd.py:69: RuntimeWarning: divide by zero encountered in arctanh
  z=np.arctanh(r)
/Users/evangeline.bangsil/localwork/UTD-PROJECT/fm-subtype-discovery/experiments/ds002748_mdd/dataset_mdd.py:68: FutureWarning: The default strategy for standardize is currently 'zscore' which incorrectly uses population std to calculate sample zscores. The new strategy 'zscore_sample' corrects this behavior by using the sample std. In release 0.14.0, the default strategy will be replaced by the new strategy, the 'zscore' option will be removed. and using standardize=True will fall back to 'zscore_sample'.To avoid this warning, please use 'zscore_sample' instead.
  r=lw.fit_transform([ts])[0]
/Users/evangeline.bangsil/localwork/UTD-PROJECT/fm-subtype-discovery/experiments/ds002748_mdd/dataset_mdd.py:69: RuntimeWarning: divide by zero encountered in arctanh
  z=np.arctanh(r)
/Users/evangeline.bangsil/localwork/UTD-PROJECT/fm-subtype-discovery/experiments/ds002748_mdd/dataset_mdd.py:68: FutureWarning: The default strategy for standardize is currently 'zscore' which incorrectly uses population std to calculate sample zscores. The new strategy 'zscore_sample' corrects this behavior by using the sample std. In release 0.14.0, the default strategy will be replaced by the new strategy, the 'zscore' option will be removed. and using standardize=True will fall back to 'zscore_sample'.To avoid this warning, please use 'zscore_sample' instead.
  r=lw.fit_transform([ts])[0]
/Users/evangeline.bangsil/localwork/UTD-PROJECT/fm-subtype-discovery/experiments/ds002748_mdd/dataset_mdd.py:69: RuntimeWarning: divide by zero encountered in arctanh
  z=np.arctanh(r)
/Users/evangeline.bangsil/localwork/UTD-PROJECT/fm-subtype-discovery/experiments/ds002748_mdd/dataset_mdd.py:68: FutureWarning: The default strategy for standardize is currently 'zscore' which incorrectly uses population std to calculate sample zscores. The new strategy 'zscore_sample' corrects this behavior by using the sample std. In release 0.14.0, the default strategy will be replaced by the new strategy, the 'zscore' option will be removed. and using standardize=True will fall back to 'zscore_sample'.To avoid this warning, please use 'zscore_sample' instead.
  r=lw.fit_transform([ts])[0]
/Users/evangeline.bangsil/localwork/UTD-PROJECT/fm-subtype-discovery/experiments/ds002748_mdd/dataset_mdd.py:69: RuntimeWarning: divide by zero encountered in arctanh
  z=np.arctanh(r)
/Users/evangeline.bangsil/localwork/UTD-PROJECT/fm-subtype-discovery/experiments/ds002748_mdd/dataset_mdd.py:68: FutureWarning: The default strategy for standardize is currently 'zscore' which incorrectly uses population std to calculate sample zscores. The new strategy 'zscore_sample' corrects this behavior by using the sample std. In release 0.14.0, the default strategy will be replaced by the new strategy, the 'zscore' option will be removed. and using standardize=True will fall back to 'zscore_sample'.To avoid this warning, please use 'zscore_sample' instead.
  r=lw.fit_transform([ts])[0]
/Users/evangeline.bangsil/localwork/UTD-PROJECT/fm-subtype-discovery/experiments/ds002748_mdd/dataset_mdd.py:69: RuntimeWarning: divide by zero encountered in arctanh
  z=np.arctanh(r)
/Users/evangeline.bangsil/localwork/UTD-PROJECT/fm-subtype-discovery/experiments/ds002748_mdd/dataset_mdd.py:68: FutureWarning: The default strategy for standardize is currently 'zscore' which incorrectly uses population std to calculate sample zscores. The new strategy 'zscore_sample' corrects this behavior by using the sample std. In release 0.14.0, the default strategy will be replaced by the new strategy, the 'zscore' option will be removed. and using standardize=True will fall back to 'zscore_sample'.To avoid this warning, please use 'zscore_sample' instead.
  r=lw.fit_transform([ts])[0]
/Users/evangeline.bangsil/localwork/UTD-PROJECT/fm-subtype-discovery/experiments/ds002748_mdd/dataset_mdd.py:69: RuntimeWarning: divide by zero encountered in arctanh
  z=np.arctanh(r)
/Users/evangeline.bangsil/localwork/UTD-PROJECT/fm-subtype-discovery/experiments/ds002748_mdd/dataset_mdd.py:68: FutureWarning: The default strategy for standardize is currently 'zscore' which incorrectly uses population std to calculate sample zscores. The new strategy 'zscore_sample' corrects this behavior by using the sample std. In release 0.14.0, the default strategy will be replaced by the new strategy, the 'zscore' option will be removed. and using standardize=True will fall back to 'zscore_sample'.To avoid this warning, please use 'zscore_sample' instead.
  r=lw.fit_transform([ts])[0]
/Users/evangeline.bangsil/localwork/UTD-PROJECT/fm-subtype-discovery/experiments/ds002748_mdd/dataset_mdd.py:69: RuntimeWarning: divide by zero encountered in arctanh
  z=np.arctanh(r)
/Users/evangeline.bangsil/localwork/UTD-PROJECT/fm-subtype-discovery/experiments/ds002748_mdd/dataset_mdd.py:68: FutureWarning: The default strategy for standardize is currently 'zscore' which incorrectly uses population std to calculate sample zscores. The new strategy 'zscore_sample' corrects this behavior by using the sample std. In release 0.14.0, the default strategy will be replaced by the new strategy, the 'zscore' option will be removed. and using standardize=True will fall back to 'zscore_sample'.To avoid this warning, please use 'zscore_sample' instead.
  r=lw.fit_transform([ts])[0]
/Users/evangeline.bangsil/localwork/UTD-PROJECT/fm-subtype-discovery/experiments/ds002748_mdd/dataset_mdd.py:69: RuntimeWarning: divide by zero encountered in arctanh
  z=np.arctanh(r)
/Users/evangeline.bangsil/localwork/UTD-PROJECT/fm-subtype-discovery/experiments/ds002748_mdd/dataset_mdd.py:68: FutureWarning: The default strategy for standardize is currently 'zscore' which incorrectly uses population std to calculate sample zscores. The new strategy 'zscore_sample' corrects this behavior by using the sample std. In release 0.14.0, the default strategy will be replaced by the new strategy, the 'zscore' option will be removed. and using standardize=True will fall back to 'zscore_sample'.To avoid this warning, please use 'zscore_sample' instead.
  r=lw.fit_transform([ts])[0]
/Users/evangeline.bangsil/localwork/UTD-PROJECT/fm-subtype-discovery/experiments/ds002748_mdd/dataset_mdd.py:69: RuntimeWarning: divide by zero encountered in arctanh
  z=np.arctanh(r)
/Users/evangeline.bangsil/localwork/UTD-PROJECT/fm-subtype-discovery/experiments/ds002748_mdd/dataset_mdd.py:68: FutureWarning: The default strategy for standardize is currently 'zscore' which incorrectly uses population std to calculate sample zscores. The new strategy 'zscore_sample' corrects this behavior by using the sample std. In release 0.14.0, the default strategy will be replaced by the new strategy, the 'zscore' option will be removed. and using standardize=True will fall back to 'zscore_sample'.To avoid this warning, please use 'zscore_sample' instead.
  r=lw.fit_transform([ts])[0]
/Users/evangeline.bangsil/localwork/UTD-PROJECT/fm-subtype-discovery/experiments/ds002748_mdd/dataset_mdd.py:69: RuntimeWarning: divide by zero encountered in arctanh
  z=np.arctanh(r)
/Users/evangeline.bangsil/localwork/UTD-PROJECT/fm-subtype-discovery/experiments/ds002748_mdd/dataset_mdd.py:68: FutureWarning: The default strategy for standardize is currently 'zscore' which incorrectly uses population std to calculate sample zscores. The new strategy 'zscore_sample' corrects this behavior by using the sample std. In release 0.14.0, the default strategy will be replaced by the new strategy, the 'zscore' option will be removed. and using standardize=True will fall back to 'zscore_sample'.To avoid this warning, please use 'zscore_sample' instead.
  r=lw.fit_transform([ts])[0]
/Users/evangeline.bangsil/localwork/UTD-PROJECT/fm-subtype-discovery/experiments/ds002748_mdd/dataset_mdd.py:69: RuntimeWarning: divide by zero encountered in arctanh
  z=np.arctanh(r)
/Users/evangeline.bangsil/localwork/UTD-PROJECT/fm-subtype-discovery/experiments/ds002748_mdd/dataset_mdd.py:68: FutureWarning: The default strategy for standardize is currently 'zscore' which incorrectly uses population std to calculate sample zscores. The new strategy 'zscore_sample' corrects this behavior by using the sample std. In release 0.14.0, the default strategy will be replaced by the new strategy, the 'zscore' option will be removed. and using standardize=True will fall back to 'zscore_sample'.To avoid this warning, please use 'zscore_sample' instead.
  r=lw.fit_transform([ts])[0]
/Users/evangeline.bangsil/localwork/UTD-PROJECT/fm-subtype-discovery/experiments/ds002748_mdd/dataset_mdd.py:69: RuntimeWarning: divide by zero encountered in arctanh
  z=np.arctanh(r)
/Users/evangeline.bangsil/localwork/UTD-PROJECT/fm-subtype-discovery/experiments/ds002748_mdd/dataset_mdd.py:68: FutureWarning: The default strategy for standardize is currently 'zscore' which incorrectly uses population std to calculate sample zscores. The new strategy 'zscore_sample' corrects this behavior by using the sample std. In release 0.14.0, the default strategy will be replaced by the new strategy, the 'zscore' option will be removed. and using standardize=True will fall back to 'zscore_sample'.To avoid this warning, please use 'zscore_sample' instead.
  r=lw.fit_transform([ts])[0]
/Users/evangeline.bangsil/localwork/UTD-PROJECT/fm-subtype-discovery/experiments/ds002748_mdd/dataset_mdd.py:69: RuntimeWarning: divide by zero encountered in arctanh
  z=np.arctanh(r)
/Users/evangeline.bangsil/localwork/UTD-PROJECT/fm-subtype-discovery/experiments/ds002748_mdd/dataset_mdd.py:68: FutureWarning: The default strategy for standardize is currently 'zscore' which incorrectly uses population std to calculate sample zscores. The new strategy 'zscore_sample' corrects this behavior by using the sample std. In release 0.14.0, the default strategy will be replaced by the new strategy, the 'zscore' option will be removed. and using standardize=True will fall back to 'zscore_sample'.To avoid this warning, please use 'zscore_sample' instead.
  r=lw.fit_transform([ts])[0]
/Users/evangeline.bangsil/localwork/UTD-PROJECT/fm-subtype-discovery/experiments/ds002748_mdd/dataset_mdd.py:69: RuntimeWarning: divide by zero encountered in arctanh
  z=np.arctanh(r)
/Users/evangeline.bangsil/localwork/UTD-PROJECT/fm-subtype-discovery/experiments/ds002748_mdd/dataset_mdd.py:68: FutureWarning: The default strategy for standardize is currently 'zscore' which incorrectly uses population std to calculate sample zscores. The new strategy 'zscore_sample' corrects this behavior by using the sample std. In release 0.14.0, the default strategy will be replaced by the new strategy, the 'zscore' option will be removed. and using standardize=True will fall back to 'zscore_sample'.To avoid this warning, please use 'zscore_sample' instead.
  r=lw.fit_transform([ts])[0]
/Users/evangeline.bangsil/localwork/UTD-PROJECT/fm-subtype-discovery/experiments/ds002748_mdd/dataset_mdd.py:69: RuntimeWarning: divide by zero encountered in arctanh
  z=np.arctanh(r)
/Users/evangeline.bangsil/localwork/UTD-PROJECT/fm-subtype-discovery/experiments/ds002748_mdd/dataset_mdd.py:68: FutureWarning: The default strategy for standardize is currently 'zscore' which incorrectly uses population std to calculate sample zscores. The new strategy 'zscore_sample' corrects this behavior by using the sample std. In release 0.14.0, the default strategy will be replaced by the new strategy, the 'zscore' option will be removed. and using standardize=True will fall back to 'zscore_sample'.To avoid this warning, please use 'zscore_sample' instead.
  r=lw.fit_transform([ts])[0]
/Users/evangeline.bangsil/localwork/UTD-PROJECT/fm-subtype-discovery/experiments/ds002748_mdd/dataset_mdd.py:69: RuntimeWarning: divide by zero encountered in arctanh
  z=np.arctanh(r)
/Users/evangeline.bangsil/localwork/UTD-PROJECT/fm-subtype-discovery/experiments/ds002748_mdd/dataset_mdd.py:68: FutureWarning: The default strategy for standardize is currently 'zscore' which incorrectly uses population std to calculate sample zscores. The new strategy 'zscore_sample' corrects this behavior by using the sample std. In release 0.14.0, the default strategy will be replaced by the new strategy, the 'zscore' option will be removed. and using standardize=True will fall back to 'zscore_sample'.To avoid this warning, please use 'zscore_sample' instead.
  r=lw.fit_transform([ts])[0]
/Users/evangeline.bangsil/localwork/UTD-PROJECT/fm-subtype-discovery/experiments/ds002748_mdd/dataset_mdd.py:69: RuntimeWarning: divide by zero encountered in arctanh
  z=np.arctanh(r)
/Users/evangeline.bangsil/localwork/UTD-PROJECT/fm-subtype-discovery/experiments/ds002748_mdd/dataset_mdd.py:68: FutureWarning: The default strategy for standardize is currently 'zscore' which incorrectly uses population std to calculate sample zscores. The new strategy 'zscore_sample' corrects this behavior by using the sample std. In release 0.14.0, the default strategy will be replaced by the new strategy, the 'zscore' option will be removed. and using standardize=True will fall back to 'zscore_sample'.To avoid this warning, please use 'zscore_sample' instead.
  r=lw.fit_transform([ts])[0]
/Users/evangeline.bangsil/localwork/UTD-PROJECT/fm-subtype-discovery/experiments/ds002748_mdd/dataset_mdd.py:69: RuntimeWarning: divide by zero encountered in arctanh
  z=np.arctanh(r)
/Users/evangeline.bangsil/localwork/UTD-PROJECT/fm-subtype-discovery/experiments/ds002748_mdd/dataset_mdd.py:68: FutureWarning: The default strategy for standardize is currently 'zscore' which incorrectly uses population std to calculate sample zscores. The new strategy 'zscore_sample' corrects this behavior by using the sample std. In release 0.14.0, the default strategy will be replaced by the new strategy, the 'zscore' option will be removed. and using standardize=True will fall back to 'zscore_sample'.To avoid this warning, please use 'zscore_sample' instead.
  r=lw.fit_transform([ts])[0]
/Users/evangeline.bangsil/localwork/UTD-PROJECT/fm-subtype-discovery/experiments/ds002748_mdd/dataset_mdd.py:69: RuntimeWarning: divide by zero encountered in arctanh
  z=np.arctanh(r)
/Users/evangeline.bangsil/localwork/UTD-PROJECT/fm-subtype-discovery/experiments/ds002748_mdd/dataset_mdd.py:68: FutureWarning: The default strategy for standardize is currently 'zscore' which incorrectly uses population std to calculate sample zscores. The new strategy 'zscore_sample' corrects this behavior by using the sample std. In release 0.14.0, the default strategy will be replaced by the new strategy, the 'zscore' option will be removed. and using standardize=True will fall back to 'zscore_sample'.To avoid this warning, please use 'zscore_sample' instead.
  r=lw.fit_transform([ts])[0]
/Users/evangeline.bangsil/localwork/UTD-PROJECT/fm-subtype-discovery/experiments/ds002748_mdd/dataset_mdd.py:69: RuntimeWarning: divide by zero encountered in arctanh
  z=np.arctanh(r)
/Users/evangeline.bangsil/localwork/UTD-PROJECT/fm-subtype-discovery/experiments/ds002748_mdd/dataset_mdd.py:68: FutureWarning: The default strategy for standardize is currently 'zscore' which incorrectly uses population std to calculate sample zscores. The new strategy 'zscore_sample' corrects this behavior by using the sample std. In release 0.14.0, the default strategy will be replaced by the new strategy, the 'zscore' option will be removed. and using standardize=True will fall back to 'zscore_sample'.To avoid this warning, please use 'zscore_sample' instead.
  r=lw.fit_transform([ts])[0]
/Users/evangeline.bangsil/localwork/UTD-PROJECT/fm-subtype-discovery/experiments/ds002748_mdd/dataset_mdd.py:69: RuntimeWarning: divide by zero encountered in arctanh
  z=np.arctanh(r)
/Users/evangeline.bangsil/localwork/UTD-PROJECT/fm-subtype-discovery/experiments/ds002748_mdd/dataset_mdd.py:68: FutureWarning: The default strategy for standardize is currently 'zscore' which incorrectly uses population std to calculate sample zscores. The new strategy 'zscore_sample' corrects this behavior by using the sample std. In release 0.14.0, the default strategy will be replaced by the new strategy, the 'zscore' option will be removed. and using standardize=True will fall back to 'zscore_sample'.To avoid this warning, please use 'zscore_sample' instead.
  r=lw.fit_transform([ts])[0]
/Users/evangeline.bangsil/localwork/UTD-PROJECT/fm-subtype-discovery/experiments/ds002748_mdd/dataset_mdd.py:69: RuntimeWarning: divide by zero encountered in arctanh
  z=np.arctanh(r)
/Users/evangeline.bangsil/localwork/UTD-PROJECT/fm-subtype-discovery/experiments/ds002748_mdd/dataset_mdd.py:68: FutureWarning: The default strategy for standardize is currently 'zscore' which incorrectly uses population std to calculate sample zscores. The new strategy 'zscore_sample' corrects this behavior by using the sample std. In release 0.14.0, the default strategy will be replaced by the new strategy, the 'zscore' option will be removed. and using standardize=True will fall back to 'zscore_sample'.To avoid this warning, please use 'zscore_sample' instead.
  r=lw.fit_transform([ts])[0]
/Users/evangeline.bangsil/localwork/UTD-PROJECT/fm-subtype-discovery/experiments/ds002748_mdd/dataset_mdd.py:69: RuntimeWarning: divide by zero encountered in arctanh
  z=np.arctanh(r)
/Users/evangeline.bangsil/localwork/UTD-PROJECT/fm-subtype-discovery/experiments/ds002748_mdd/dataset_mdd.py:68: FutureWarning: The default strategy for standardize is currently 'zscore' which incorrectly uses population std to calculate sample zscores. The new strategy 'zscore_sample' corrects this behavior by using the sample std. In release 0.14.0, the default strategy will be replaced by the new strategy, the 'zscore' option will be removed. and using standardize=True will fall back to 'zscore_sample'.To avoid this warning, please use 'zscore_sample' instead.
  r=lw.fit_transform([ts])[0]
/Users/evangeline.bangsil/localwork/UTD-PROJECT/fm-subtype-discovery/experiments/ds002748_mdd/dataset_mdd.py:69: RuntimeWarning: divide by zero encountered in arctanh
  z=np.arctanh(r)
/Users/evangeline.bangsil/localwork/UTD-PROJECT/fm-subtype-discovery/experiments/ds002748_mdd/dataset_mdd.py:68: FutureWarning: The default strategy for standardize is currently 'zscore' which incorrectly uses population std to calculate sample zscores. The new strategy 'zscore_sample' corrects this behavior by using the sample std. In release 0.14.0, the default strategy will be replaced by the new strategy, the 'zscore' option will be removed. and using standardize=True will fall back to 'zscore_sample'.To avoid this warning, please use 'zscore_sample' instead.
  r=lw.fit_transform([ts])[0]
/Users/evangeline.bangsil/localwork/UTD-PROJECT/fm-subtype-discovery/experiments/ds002748_mdd/dataset_mdd.py:69: RuntimeWarning: divide by zero encountered in arctanh
  z=np.arctanh(r)
/Users/evangeline.bangsil/localwork/UTD-PROJECT/fm-subtype-discovery/experiments/ds002748_mdd/dataset_mdd.py:68: FutureWarning: The default strategy for standardize is currently 'zscore' which incorrectly uses population std to calculate sample zscores. The new strategy 'zscore_sample' corrects this behavior by using the sample std. In release 0.14.0, the default strategy will be replaced by the new strategy, the 'zscore' option will be removed. and using standardize=True will fall back to 'zscore_sample'.To avoid this warning, please use 'zscore_sample' instead.
  r=lw.fit_transform([ts])[0]
/Users/evangeline.bangsil/localwork/UTD-PROJECT/fm-subtype-discovery/experiments/ds002748_mdd/dataset_mdd.py:69: RuntimeWarning: divide by zero encountered in arctanh
  z=np.arctanh(r)
/Users/evangeline.bangsil/localwork/UTD-PROJECT/fm-subtype-discovery/experiments/ds002748_mdd/dataset_mdd.py:68: FutureWarning: The default strategy for standardize is currently 'zscore' which incorrectly uses population std to calculate sample zscores. The new strategy 'zscore_sample' corrects this behavior by using the sample std. In release 0.14.0, the default strategy will be replaced by the new strategy, the 'zscore' option will be removed. and using standardize=True will fall back to 'zscore_sample'.To avoid this warning, please use 'zscore_sample' instead.
  r=lw.fit_transform([ts])[0]
/Users/evangeline.bangsil/localwork/UTD-PROJECT/fm-subtype-discovery/experiments/ds002748_mdd/dataset_mdd.py:69: RuntimeWarning: divide by zero encountered in arctanh
  z=np.arctanh(r)
/Users/evangeline.bangsil/localwork/UTD-PROJECT/fm-subtype-discovery/experiments/ds002748_mdd/dataset_mdd.py:68: FutureWarning: The default strategy for standardize is currently 'zscore' which incorrectly uses population std to calculate sample zscores. The new strategy 'zscore_sample' corrects this behavior by using the sample std. In release 0.14.0, the default strategy will be replaced by the new strategy, the 'zscore' option will be removed. and using standardize=True will fall back to 'zscore_sample'.To avoid this warning, please use 'zscore_sample' instead.
  r=lw.fit_transform([ts])[0]
/Users/evangeline.bangsil/localwork/UTD-PROJECT/fm-subtype-discovery/experiments/ds002748_mdd/dataset_mdd.py:69: RuntimeWarning: divide by zero encountered in arctanh
  z=np.arctanh(r)
/Users/evangeline.bangsil/localwork/UTD-PROJECT/fm-subtype-discovery/experiments/ds002748_mdd/dataset_mdd.py:68: FutureWarning: The default strategy for standardize is currently 'zscore' which incorrectly uses population std to calculate sample zscores. The new strategy 'zscore_sample' corrects this behavior by using the sample std. In release 0.14.0, the default strategy will be replaced by the new strategy, the 'zscore' option will be removed. and using standardize=True will fall back to 'zscore_sample'.To avoid this warning, please use 'zscore_sample' instead.
  r=lw.fit_transform([ts])[0]
/Users/evangeline.bangsil/localwork/UTD-PROJECT/fm-subtype-discovery/experiments/ds002748_mdd/dataset_mdd.py:69: RuntimeWarning: divide by zero encountered in arctanh
  z=np.arctanh(r)
/Users/evangeline.bangsil/localwork/UTD-PROJECT/fm-subtype-discovery/experiments/ds002748_mdd/dataset_mdd.py:68: FutureWarning: The default strategy for standardize is currently 'zscore' which incorrectly uses population std to calculate sample zscores. The new strategy 'zscore_sample' corrects this behavior by using the sample std. In release 0.14.0, the default strategy will be replaced by the new strategy, the 'zscore' option will be removed. and using standardize=True will fall back to 'zscore_sample'.To avoid this warning, please use 'zscore_sample' instead.
  r=lw.fit_transform([ts])[0]
/Users/evangeline.bangsil/localwork/UTD-PROJECT/fm-subtype-discovery/experiments/ds002748_mdd/dataset_mdd.py:69: RuntimeWarning: divide by zero encountered in arctanh
  z=np.arctanh(r)
/Users/evangeline.bangsil/localwork/UTD-PROJECT/fm-subtype-discovery/experiments/ds002748_mdd/dataset_mdd.py:68: FutureWarning: The default strategy for standardize is currently 'zscore' which incorrectly uses population std to calculate sample zscores. The new strategy 'zscore_sample' corrects this behavior by using the sample std. In release 0.14.0, the default strategy will be replaced by the new strategy, the 'zscore' option will be removed. and using standardize=True will fall back to 'zscore_sample'.To avoid this warning, please use 'zscore_sample' instead.
  r=lw.fit_transform([ts])[0]
/Users/evangeline.bangsil/localwork/UTD-PROJECT/fm-subtype-discovery/experiments/ds002748_mdd/dataset_mdd.py:69: RuntimeWarning: divide by zero encountered in arctanh
  z=np.arctanh(r)
/Users/evangeline.bangsil/localwork/UTD-PROJECT/fm-subtype-discovery/experiments/ds002748_mdd/dataset_mdd.py:68: FutureWarning: The default strategy for standardize is currently 'zscore' which incorrectly uses population std to calculate sample zscores. The new strategy 'zscore_sample' corrects this behavior by using the sample std. In release 0.14.0, the default strategy will be replaced by the new strategy, the 'zscore' option will be removed. and using standardize=True will fall back to 'zscore_sample'.To avoid this warning, please use 'zscore_sample' instead.
  r=lw.fit_transform([ts])[0]
/Users/evangeline.bangsil/localwork/UTD-PROJECT/fm-subtype-discovery/experiments/ds002748_mdd/dataset_mdd.py:69: RuntimeWarning: divide by zero encountered in arctanh
  z=np.arctanh(r)
/Users/evangeline.bangsil/localwork/UTD-PROJECT/fm-subtype-discovery/experiments/ds002748_mdd/dataset_mdd.py:68: FutureWarning: The default strategy for standardize is currently 'zscore' which incorrectly uses population std to calculate sample zscores. The new strategy 'zscore_sample' corrects this behavior by using the sample std. In release 0.14.0, the default strategy will be replaced by the new strategy, the 'zscore' option will be removed. and using standardize=True will fall back to 'zscore_sample'.To avoid this warning, please use 'zscore_sample' instead.
  r=lw.fit_transform([ts])[0]
/Users/evangeline.bangsil/localwork/UTD-PROJECT/fm-subtype-discovery/experiments/ds002748_mdd/dataset_mdd.py:69: RuntimeWarning: divide by zero encountered in arctanh
  z=np.arctanh(r)
/Users/evangeline.bangsil/localwork/UTD-PROJECT/fm-subtype-discovery/experiments/ds002748_mdd/dataset_mdd.py:68: FutureWarning: The default strategy for standardize is currently 'zscore' which incorrectly uses population std to calculate sample zscores. The new strategy 'zscore_sample' corrects this behavior by using the sample std. In release 0.14.0, the default strategy will be replaced by the new strategy, the 'zscore' option will be removed. and using standardize=True will fall back to 'zscore_sample'.To avoid this warning, please use 'zscore_sample' instead.
  r=lw.fit_transform([ts])[0]
/Users/evangeline.bangsil/localwork/UTD-PROJECT/fm-subtype-discovery/experiments/ds002748_mdd/dataset_mdd.py:69: RuntimeWarning: divide by zero encountered in arctanh
  z=np.arctanh(r)
/Users/evangeline.bangsil/localwork/UTD-PROJECT/fm-subtype-discovery/experiments/ds002748_mdd/dataset_mdd.py:68: FutureWarning: The default strategy for standardize is currently 'zscore' which incorrectly uses population std to calculate sample zscores. The new strategy 'zscore_sample' corrects this behavior by using the sample std. In release 0.14.0, the default strategy will be replaced by the new strategy, the 'zscore' option will be removed. and using standardize=True will fall back to 'zscore_sample'.To avoid this warning, please use 'zscore_sample' instead.
  r=lw.fit_transform([ts])[0]
/Users/evangeline.bangsil/localwork/UTD-PROJECT/fm-subtype-discovery/experiments/ds002748_mdd/dataset_mdd.py:69: RuntimeWarning: divide by zero encountered in arctanh
  z=np.arctanh(r)
/Users/evangeline.bangsil/localwork/UTD-PROJECT/fm-subtype-discovery/experiments/ds002748_mdd/dataset_mdd.py:68: FutureWarning: The default strategy for standardize is currently 'zscore' which incorrectly uses population std to calculate sample zscores. The new strategy 'zscore_sample' corrects this behavior by using the sample std. In release 0.14.0, the default strategy will be replaced by the new strategy, the 'zscore' option will be removed. and using standardize=True will fall back to 'zscore_sample'.To avoid this warning, please use 'zscore_sample' instead.
  r=lw.fit_transform([ts])[0]
/Users/evangeline.bangsil/localwork/UTD-PROJECT/fm-subtype-discovery/experiments/ds002748_mdd/dataset_mdd.py:69: RuntimeWarning: divide by zero encountered in arctanh
  z=np.arctanh(r)
/Users/evangeline.bangsil/localwork/UTD-PROJECT/fm-subtype-discovery/experiments/ds002748_mdd/dataset_mdd.py:68: FutureWarning: The default strategy for standardize is currently 'zscore' which incorrectly uses population std to calculate sample zscores. The new strategy 'zscore_sample' corrects this behavior by using the sample std. In release 0.14.0, the default strategy will be replaced by the new strategy, the 'zscore' option will be removed. and using standardize=True will fall back to 'zscore_sample'.To avoid this warning, please use 'zscore_sample' instead.
  r=lw.fit_transform([ts])[0]
/Users/evangeline.bangsil/localwork/UTD-PROJECT/fm-subtype-discovery/experiments/ds002748_mdd/dataset_mdd.py:69: RuntimeWarning: divide by zero encountered in arctanh
  z=np.arctanh(r)
/Users/evangeline.bangsil/localwork/UTD-PROJECT/fm-subtype-discovery/experiments/ds002748_mdd/dataset_mdd.py:68: FutureWarning: The default strategy for standardize is currently 'zscore' which incorrectly uses population std to calculate sample zscores. The new strategy 'zscore_sample' corrects this behavior by using the sample std. In release 0.14.0, the default strategy will be replaced by the new strategy, the 'zscore' option will be removed. and using standardize=True will fall back to 'zscore_sample'.To avoid this warning, please use 'zscore_sample' instead.
  r=lw.fit_transform([ts])[0]
/Users/evangeline.bangsil/localwork/UTD-PROJECT/fm-subtype-discovery/experiments/ds002748_mdd/dataset_mdd.py:69: RuntimeWarning: divide by zero encountered in arctanh
  z=np.arctanh(r)
/Users/evangeline.bangsil/localwork/UTD-PROJECT/fm-subtype-discovery/experiments/ds002748_mdd/dataset_mdd.py:68: FutureWarning: The default strategy for standardize is currently 'zscore' which incorrectly uses population std to calculate sample zscores. The new strategy 'zscore_sample' corrects this behavior by using the sample std. In release 0.14.0, the default strategy will be replaced by the new strategy, the 'zscore' option will be removed. and using standardize=True will fall back to 'zscore_sample'.To avoid this warning, please use 'zscore_sample' instead.
  r=lw.fit_transform([ts])[0]
/Users/evangeline.bangsil/localwork/UTD-PROJECT/fm-subtype-discovery/experiments/ds002748_mdd/dataset_mdd.py:69: RuntimeWarning: divide by zero encountered in arctanh
  z=np.arctanh(r)
/Users/evangeline.bangsil/localwork/UTD-PROJECT/fm-subtype-discovery/experiments/ds002748_mdd/dataset_mdd.py:68: FutureWarning: The default strategy for standardize is currently 'zscore' which incorrectly uses population std to calculate sample zscores. The new strategy 'zscore_sample' corrects this behavior by using the sample std. In release 0.14.0, the default strategy will be replaced by the new strategy, the 'zscore' option will be removed. and using standardize=True will fall back to 'zscore_sample'.To avoid this warning, please use 'zscore_sample' instead.
  r=lw.fit_transform([ts])[0]
/Users/evangeline.bangsil/localwork/UTD-PROJECT/fm-subtype-discovery/experiments/ds002748_mdd/dataset_mdd.py:69: RuntimeWarning: divide by zero encountered in arctanh
  z=np.arctanh(r)
/Users/evangeline.bangsil/localwork/UTD-PROJECT/fm-subtype-discovery/experiments/ds002748_mdd/dataset_mdd.py:68: FutureWarning: The default strategy for standardize is currently 'zscore' which incorrectly uses population std to calculate sample zscores. The new strategy 'zscore_sample' corrects this behavior by using the sample std. In release 0.14.0, the default strategy will be replaced by the new strategy, the 'zscore' option will be removed. and using standardize=True will fall back to 'zscore_sample'.To avoid this warning, please use 'zscore_sample' instead.
  r=lw.fit_transform([ts])[0]
/Users/evangeline.bangsil/localwork/UTD-PROJECT/fm-subtype-discovery/experiments/ds002748_mdd/dataset_mdd.py:69: RuntimeWarning: divide by zero encountered in arctanh
  z=np.arctanh(r)
/Users/evangeline.bangsil/localwork/UTD-PROJECT/fm-subtype-discovery/experiments/ds002748_mdd/dataset_mdd.py:68: FutureWarning: The default strategy for standardize is currently 'zscore' which incorrectly uses population std to calculate sample zscores. The new strategy 'zscore_sample' corrects this behavior by using the sample std. In release 0.14.0, the default strategy will be replaced by the new strategy, the 'zscore' option will be removed. and using standardize=True will fall back to 'zscore_sample'.To avoid this warning, please use 'zscore_sample' instead.
  r=lw.fit_transform([ts])[0]
/Users/evangeline.bangsil/localwork/UTD-PROJECT/fm-subtype-discovery/experiments/ds002748_mdd/dataset_mdd.py:69: RuntimeWarning: divide by zero encountered in arctanh
  z=np.arctanh(r)
/Users/evangeline.bangsil/localwork/UTD-PROJECT/fm-subtype-discovery/experiments/ds002748_mdd/dataset_mdd.py:68: FutureWarning: The default strategy for standardize is currently 'zscore' which incorrectly uses population std to calculate sample zscores. The new strategy 'zscore_sample' corrects this behavior by using the sample std. In release 0.14.0, the default strategy will be replaced by the new strategy, the 'zscore' option will be removed. and using standardize=True will fall back to 'zscore_sample'.To avoid this warning, please use 'zscore_sample' instead.
  r=lw.fit_transform([ts])[0]
/Users/evangeline.bangsil/localwork/UTD-PROJECT/fm-subtype-discovery/experiments/ds002748_mdd/dataset_mdd.py:69: RuntimeWarning: divide by zero encountered in arctanh
  z=np.arctanh(r)
/Users/evangeline.bangsil/localwork/UTD-PROJECT/fm-subtype-discovery/experiments/ds002748_mdd/dataset_mdd.py:68: FutureWarning: The default strategy for standardize is currently 'zscore' which incorrectly uses population std to calculate sample zscores. The new strategy 'zscore_sample' corrects this behavior by using the sample std. In release 0.14.0, the default strategy will be replaced by the new strategy, the 'zscore' option will be removed. and using standardize=True will fall back to 'zscore_sample'.To avoid this warning, please use 'zscore_sample' instead.
  r=lw.fit_transform([ts])[0]
/Users/evangeline.bangsil/localwork/UTD-PROJECT/fm-subtype-discovery/experiments/ds002748_mdd/dataset_mdd.py:69: RuntimeWarning: divide by zero encountered in arctanh
  z=np.arctanh(r)
/Users/evangeline.bangsil/localwork/UTD-PROJECT/fm-subtype-discovery/experiments/ds002748_mdd/dataset_mdd.py:68: FutureWarning: The default strategy for standardize is currently 'zscore' which incorrectly uses population std to calculate sample zscores. The new strategy 'zscore_sample' corrects this behavior by using the sample std. In release 0.14.0, the default strategy will be replaced by the new strategy, the 'zscore' option will be removed. and using standardize=True will fall back to 'zscore_sample'.To avoid this warning, please use 'zscore_sample' instead.
  r=lw.fit_transform([ts])[0]
/Users/evangeline.bangsil/localwork/UTD-PROJECT/fm-subtype-discovery/experiments/ds002748_mdd/dataset_mdd.py:69: RuntimeWarning: divide by zero encountered in arctanh
  z=np.arctanh(r)
/Users/evangeline.bangsil/localwork/UTD-PROJECT/fm-subtype-discovery/experiments/ds002748_mdd/dataset_mdd.py:68: FutureWarning: The default strategy for standardize is currently 'zscore' which incorrectly uses population std to calculate sample zscores. The new strategy 'zscore_sample' corrects this behavior by using the sample std. In release 0.14.0, the default strategy will be replaced by the new strategy, the 'zscore' option will be removed. and using standardize=True will fall back to 'zscore_sample'.To avoid this warning, please use 'zscore_sample' instead.
  r=lw.fit_transform([ts])[0]
/Users/evangeline.bangsil/localwork/UTD-PROJECT/fm-subtype-discovery/experiments/ds002748_mdd/dataset_mdd.py:69: RuntimeWarning: divide by zero encountered in arctanh
  z=np.arctanh(r)
/Users/evangeline.bangsil/localwork/UTD-PROJECT/fm-subtype-discovery/experiments/ds002748_mdd/dataset_mdd.py:68: FutureWarning: The default strategy for standardize is currently 'zscore' which incorrectly uses population std to calculate sample zscores. The new strategy 'zscore_sample' corrects this behavior by using the sample std. In release 0.14.0, the default strategy will be replaced by the new strategy, the 'zscore' option will be removed. and using standardize=True will fall back to 'zscore_sample'.To avoid this warning, please use 'zscore_sample' instead.
  r=lw.fit_transform([ts])[0]
/Users/evangeline.bangsil/localwork/UTD-PROJECT/fm-subtype-discovery/experiments/ds002748_mdd/dataset_mdd.py:69: RuntimeWarning: divide by zero encountered in arctanh
  z=np.arctanh(r)
/Users/evangeline.bangsil/localwork/UTD-PROJECT/fm-subtype-discovery/experiments/ds002748_mdd/dataset_mdd.py:68: FutureWarning: The default strategy for standardize is currently 'zscore' which incorrectly uses population std to calculate sample zscores. The new strategy 'zscore_sample' corrects this behavior by using the sample std. In release 0.14.0, the default strategy will be replaced by the new strategy, the 'zscore' option will be removed. and using standardize=True will fall back to 'zscore_sample'.To avoid this warning, please use 'zscore_sample' instead.
  r=lw.fit_transform([ts])[0]
/Users/evangeline.bangsil/localwork/UTD-PROJECT/fm-subtype-discovery/experiments/ds002748_mdd/dataset_mdd.py:69: RuntimeWarning: divide by zero encountered in arctanh
  z=np.arctanh(r)
/Users/evangeline.bangsil/localwork/UTD-PROJECT/fm-subtype-discovery/experiments/ds002748_mdd/dataset_mdd.py:68: FutureWarning: The default strategy for standardize is currently 'zscore' which incorrectly uses population std to calculate sample zscores. The new strategy 'zscore_sample' corrects this behavior by using the sample std. In release 0.14.0, the default strategy will be replaced by the new strategy, the 'zscore' option will be removed. and using standardize=True will fall back to 'zscore_sample'.To avoid this warning, please use 'zscore_sample' instead.
  r=lw.fit_transform([ts])[0]
/Users/evangeline.bangsil/localwork/UTD-PROJECT/fm-subtype-discovery/experiments/ds002748_mdd/dataset_mdd.py:69: RuntimeWarning: divide by zero encountered in arctanh
  z=np.arctanh(r)
/Users/evangeline.bangsil/localwork/UTD-PROJECT/fm-subtype-discovery/experiments/ds002748_mdd/dataset_mdd.py:68: FutureWarning: The default strategy for standardize is currently 'zscore' which incorrectly uses population std to calculate sample zscores. The new strategy 'zscore_sample' corrects this behavior by using the sample std. In release 0.14.0, the default strategy will be replaced by the new strategy, the 'zscore' option will be removed. and using standardize=True will fall back to 'zscore_sample'.To avoid this warning, please use 'zscore_sample' instead.
  r=lw.fit_transform([ts])[0]
/Users/evangeline.bangsil/localwork/UTD-PROJECT/fm-subtype-discovery/experiments/ds002748_mdd/dataset_mdd.py:69: RuntimeWarning: divide by zero encountered in arctanh
  z=np.arctanh(r)
/Users/evangeline.bangsil/localwork/UTD-PROJECT/fm-subtype-discovery/experiments/ds002748_mdd/dataset_mdd.py:68: FutureWarning: The default strategy for standardize is currently 'zscore' which incorrectly uses population std to calculate sample zscores. The new strategy 'zscore_sample' corrects this behavior by using the sample std. In release 0.14.0, the default strategy will be replaced by the new strategy, the 'zscore' option will be removed. and using standardize=True will fall back to 'zscore_sample'.To avoid this warning, please use 'zscore_sample' instead.
  r=lw.fit_transform([ts])[0]
/Users/evangeline.bangsil/localwork/UTD-PROJECT/fm-subtype-discovery/experiments/ds002748_mdd/dataset_mdd.py:69: RuntimeWarning: divide by zero encountered in arctanh
  z=np.arctanh(r)
/Users/evangeline.bangsil/localwork/UTD-PROJECT/fm-subtype-discovery/experiments/ds002748_mdd/dataset_mdd.py:68: FutureWarning: The default strategy for standardize is currently 'zscore' which incorrectly uses population std to calculate sample zscores. The new strategy 'zscore_sample' corrects this behavior by using the sample std. In release 0.14.0, the default strategy will be replaced by the new strategy, the 'zscore' option will be removed. and using standardize=True will fall back to 'zscore_sample'.To avoid this warning, please use 'zscore_sample' instead.
  r=lw.fit_transform([ts])[0]
/Users/evangeline.bangsil/localwork/UTD-PROJECT/fm-subtype-discovery/experiments/ds002748_mdd/dataset_mdd.py:69: RuntimeWarning: divide by zero encountered in arctanh
  z=np.arctanh(r)
/Users/evangeline.bangsil/localwork/UTD-PROJECT/fm-subtype-discovery/experiments/ds002748_mdd/dataset_mdd.py:68: FutureWarning: The default strategy for standardize is currently 'zscore' which incorrectly uses population std to calculate sample zscores. The new strategy 'zscore_sample' corrects this behavior by using the sample std. In release 0.14.0, the default strategy will be replaced by the new strategy, the 'zscore' option will be removed. and using standardize=True will fall back to 'zscore_sample'.To avoid this warning, please use 'zscore_sample' instead.
  r=lw.fit_transform([ts])[0]
/Users/evangeline.bangsil/localwork/UTD-PROJECT/fm-subtype-discovery/experiments/ds002748_mdd/dataset_mdd.py:69: RuntimeWarning: divide by zero encountered in arctanh
  z=np.arctanh(r)
/Users/evangeline.bangsil/localwork/UTD-PROJECT/fm-subtype-discovery/experiments/ds002748_mdd/dataset_mdd.py:68: FutureWarning: The default strategy for standardize is currently 'zscore' which incorrectly uses population std to calculate sample zscores. The new strategy 'zscore_sample' corrects this behavior by using the sample std. In release 0.14.0, the default strategy will be replaced by the new strategy, the 'zscore' option will be removed. and using standardize=True will fall back to 'zscore_sample'.To avoid this warning, please use 'zscore_sample' instead.
  r=lw.fit_transform([ts])[0]
/Users/evangeline.bangsil/localwork/UTD-PROJECT/fm-subtype-discovery/experiments/ds002748_mdd/dataset_mdd.py:69: RuntimeWarning: divide by zero encountered in arctanh
  z=np.arctanh(r)
/Users/evangeline.bangsil/localwork/UTD-PROJECT/fm-subtype-discovery/experiments/ds002748_mdd/dataset_mdd.py:68: FutureWarning: The default strategy for standardize is currently 'zscore' which incorrectly uses population std to calculate sample zscores. The new strategy 'zscore_sample' corrects this behavior by using the sample std. In release 0.14.0, the default strategy will be replaced by the new strategy, the 'zscore' option will be removed. and using standardize=True will fall back to 'zscore_sample'.To avoid this warning, please use 'zscore_sample' instead.
  r=lw.fit_transform([ts])[0]
/Users/evangeline.bangsil/localwork/UTD-PROJECT/fm-subtype-discovery/experiments/ds002748_mdd/dataset_mdd.py:69: RuntimeWarning: divide by zero encountered in arctanh
  z=np.arctanh(r)
/Users/evangeline.bangsil/localwork/UTD-PROJECT/fm-subtype-discovery/experiments/ds002748_mdd/dataset_mdd.py:68: FutureWarning: The default strategy for standardize is currently 'zscore' which incorrectly uses population std to calculate sample zscores. The new strategy 'zscore_sample' corrects this behavior by using the sample std. In release 0.14.0, the default strategy will be replaced by the new strategy, the 'zscore' option will be removed. and using standardize=True will fall back to 'zscore_sample'.To avoid this warning, please use 'zscore_sample' instead.
  r=lw.fit_transform([ts])[0]
/Users/evangeline.bangsil/localwork/UTD-PROJECT/fm-subtype-discovery/experiments/ds002748_mdd/dataset_mdd.py:69: RuntimeWarning: divide by zero encountered in arctanh
  z=np.arctanh(r)
/Users/evangeline.bangsil/localwork/UTD-PROJECT/fm-subtype-discovery/experiments/ds002748_mdd/dataset_mdd.py:68: FutureWarning: The default strategy for standardize is currently 'zscore' which incorrectly uses population std to calculate sample zscores. The new strategy 'zscore_sample' corrects this behavior by using the sample std. In release 0.14.0, the default strategy will be replaced by the new strategy, the 'zscore' option will be removed. and using standardize=True will fall back to 'zscore_sample'.To avoid this warning, please use 'zscore_sample' instead.
  r=lw.fit_transform([ts])[0]
/Users/evangeline.bangsil/localwork/UTD-PROJECT/fm-subtype-discovery/experiments/ds002748_mdd/dataset_mdd.py:69: RuntimeWarning: divide by zero encountered in arctanh
  z=np.arctanh(r)
/Users/evangeline.bangsil/localwork/UTD-PROJECT/fm-subtype-discovery/experiments/ds002748_mdd/dataset_mdd.py:68: FutureWarning: The default strategy for standardize is currently 'zscore' which incorrectly uses population std to calculate sample zscores. The new strategy 'zscore_sample' corrects this behavior by using the sample std. In release 0.14.0, the default strategy will be replaced by the new strategy, the 'zscore' option will be removed. and using standardize=True will fall back to 'zscore_sample'.To avoid this warning, please use 'zscore_sample' instead.
  r=lw.fit_transform([ts])[0]
/Users/evangeline.bangsil/localwork/UTD-PROJECT/fm-subtype-discovery/experiments/ds002748_mdd/dataset_mdd.py:69: RuntimeWarning: divide by zero encountered in arctanh
  z=np.arctanh(r)
/Users/evangeline.bangsil/localwork/UTD-PROJECT/fm-subtype-discovery/experiments/ds002748_mdd/dataset_mdd.py:68: FutureWarning: The default strategy for standardize is currently 'zscore' which incorrectly uses population std to calculate sample zscores. The new strategy 'zscore_sample' corrects this behavior by using the sample std. In release 0.14.0, the default strategy will be replaced by the new strategy, the 'zscore' option will be removed. and using standardize=True will fall back to 'zscore_sample'.To avoid this warning, please use 'zscore_sample' instead.
  r=lw.fit_transform([ts])[0]
/Users/evangeline.bangsil/localwork/UTD-PROJECT/fm-subtype-discovery/experiments/ds002748_mdd/dataset_mdd.py:69: RuntimeWarning: divide by zero encountered in arctanh
  z=np.arctanh(r)
/Users/evangeline.bangsil/localwork/UTD-PROJECT/fm-subtype-discovery/experiments/ds002748_mdd/dataset_mdd.py:68: FutureWarning: The default strategy for standardize is currently 'zscore' which incorrectly uses population std to calculate sample zscores. The new strategy 'zscore_sample' corrects this behavior by using the sample std. In release 0.14.0, the default strategy will be replaced by the new strategy, the 'zscore' option will be removed. and using standardize=True will fall back to 'zscore_sample'.To avoid this warning, please use 'zscore_sample' instead.
  r=lw.fit_transform([ts])[0]
/Users/evangeline.bangsil/localwork/UTD-PROJECT/fm-subtype-discovery/experiments/ds002748_mdd/dataset_mdd.py:69: RuntimeWarning: divide by zero encountered in arctanh
  z=np.arctanh(r)
/Users/evangeline.bangsil/localwork/UTD-PROJECT/fm-subtype-discovery/experiments/ds002748_mdd/dataset_mdd.py:68: FutureWarning: The default strategy for standardize is currently 'zscore' which incorrectly uses population std to calculate sample zscores. The new strategy 'zscore_sample' corrects this behavior by using the sample std. In release 0.14.0, the default strategy will be replaced by the new strategy, the 'zscore' option will be removed. and using standardize=True will fall back to 'zscore_sample'.To avoid this warning, please use 'zscore_sample' instead.
  r=lw.fit_transform([ts])[0]
/Users/evangeline.bangsil/localwork/UTD-PROJECT/fm-subtype-discovery/experiments/ds002748_mdd/dataset_mdd.py:69: RuntimeWarning: divide by zero encountered in arctanh
  z=np.arctanh(r)
/Users/evangeline.bangsil/localwork/UTD-PROJECT/fm-subtype-discovery/experiments/ds002748_mdd/dataset_mdd.py:68: FutureWarning: The default strategy for standardize is currently 'zscore' which incorrectly uses population std to calculate sample zscores. The new strategy 'zscore_sample' corrects this behavior by using the sample std. In release 0.14.0, the default strategy will be replaced by the new strategy, the 'zscore' option will be removed. and using standardize=True will fall back to 'zscore_sample'.To avoid this warning, please use 'zscore_sample' instead.
  r=lw.fit_transform([ts])[0]
/Users/evangeline.bangsil/localwork/UTD-PROJECT/fm-subtype-discovery/experiments/ds002748_mdd/dataset_mdd.py:69: RuntimeWarning: divide by zero encountered in arctanh
  z=np.arctanh(r)
/Users/evangeline.bangsil/localwork/UTD-PROJECT/fm-subtype-discovery/experiments/ds002748_mdd/dataset_mdd.py:68: FutureWarning: The default strategy for standardize is currently 'zscore' which incorrectly uses population std to calculate sample zscores. The new strategy 'zscore_sample' corrects this behavior by using the sample std. In release 0.14.0, the default strategy will be replaced by the new strategy, the 'zscore' option will be removed. and using standardize=True will fall back to 'zscore_sample'.To avoid this warning, please use 'zscore_sample' instead.
  r=lw.fit_transform([ts])[0]
/Users/evangeline.bangsil/localwork/UTD-PROJECT/fm-subtype-discovery/experiments/ds002748_mdd/dataset_mdd.py:69: RuntimeWarning: divide by zero encountered in arctanh
  z=np.arctanh(r)
/Users/evangeline.bangsil/localwork/UTD-PROJECT/fm-subtype-discovery/experiments/ds002748_mdd/dataset_mdd.py:68: FutureWarning: The default strategy for standardize is currently 'zscore' which incorrectly uses population std to calculate sample zscores. The new strategy 'zscore_sample' corrects this behavior by using the sample std. In release 0.14.0, the default strategy will be replaced by the new strategy, the 'zscore' option will be removed. and using standardize=True will fall back to 'zscore_sample'.To avoid this warning, please use 'zscore_sample' instead.
  r=lw.fit_transform([ts])[0]
/Users/evangeline.bangsil/localwork/UTD-PROJECT/fm-subtype-discovery/experiments/ds002748_mdd/dataset_mdd.py:69: RuntimeWarning: divide by zero encountered in arctanh
  z=np.arctanh(r)
/Users/evangeline.bangsil/localwork/UTD-PROJECT/fm-subtype-discovery/experiments/ds002748_mdd/dataset_mdd.py:68: FutureWarning: The default strategy for standardize is currently 'zscore' which incorrectly uses population std to calculate sample zscores. The new strategy 'zscore_sample' corrects this behavior by using the sample std. In release 0.14.0, the default strategy will be replaced by the new strategy, the 'zscore' option will be removed. and using standardize=True will fall back to 'zscore_sample'.To avoid this warning, please use 'zscore_sample' instead.
  r=lw.fit_transform([ts])[0]
/Users/evangeline.bangsil/localwork/UTD-PROJECT/fm-subtype-discovery/experiments/ds002748_mdd/dataset_mdd.py:69: RuntimeWarning: divide by zero encountered in arctanh
  z=np.arctanh(r)
/Users/evangeline.bangsil/localwork/UTD-PROJECT/fm-subtype-discovery/experiments/ds002748_mdd/dataset_mdd.py:68: FutureWarning: The default strategy for standardize is currently 'zscore' which incorrectly uses population std to calculate sample zscores. The new strategy 'zscore_sample' corrects this behavior by using the sample std. In release 0.14.0, the default strategy will be replaced by the new strategy, the 'zscore' option will be removed. and using standardize=True will fall back to 'zscore_sample'.To avoid this warning, please use 'zscore_sample' instead.
  r=lw.fit_transform([ts])[0]
/Users/evangeline.bangsil/localwork/UTD-PROJECT/fm-subtype-discovery/experiments/ds002748_mdd/dataset_mdd.py:69: RuntimeWarning: divide by zero encountered in arctanh
  z=np.arctanh(r)
/Users/evangeline.bangsil/localwork/UTD-PROJECT/fm-subtype-discovery/experiments/ds002748_mdd/dataset_mdd.py:68: FutureWarning: The default strategy for standardize is currently 'zscore' which incorrectly uses population std to calculate sample zscores. The new strategy 'zscore_sample' corrects this behavior by using the sample std. In release 0.14.0, the default strategy will be replaced by the new strategy, the 'zscore' option will be removed. and using standardize=True will fall back to 'zscore_sample'.To avoid this warning, please use 'zscore_sample' instead.
  r=lw.fit_transform([ts])[0]
/Users/evangeline.bangsil/localwork/UTD-PROJECT/fm-subtype-discovery/experiments/ds002748_mdd/dataset_mdd.py:69: RuntimeWarning: divide by zero encountered in arctanh
  z=np.arctanh(r)
/Users/evangeline.bangsil/localwork/UTD-PROJECT/fm-subtype-discovery/experiments/ds002748_mdd/dataset_mdd.py:68: FutureWarning: The default strategy for standardize is currently 'zscore' which incorrectly uses population std to calculate sample zscores. The new strategy 'zscore_sample' corrects this behavior by using the sample std. In release 0.14.0, the default strategy will be replaced by the new strategy, the 'zscore' option will be removed. and using standardize=True will fall back to 'zscore_sample'.To avoid this warning, please use 'zscore_sample' instead.
  r=lw.fit_transform([ts])[0]
/Users/evangeline.bangsil/localwork/UTD-PROJECT/fm-subtype-discovery/experiments/ds002748_mdd/dataset_mdd.py:69: RuntimeWarning: divide by zero encountered in arctanh
  z=np.arctanh(r)
/Users/evangeline.bangsil/localwork/UTD-PROJECT/fm-subtype-discovery/experiments/ds002748_mdd/dataset_mdd.py:68: FutureWarning: The default strategy for standardize is currently 'zscore' which incorrectly uses population std to calculate sample zscores. The new strategy 'zscore_sample' corrects this behavior by using the sample std. In release 0.14.0, the default strategy will be replaced by the new strategy, the 'zscore' option will be removed. and using standardize=True will fall back to 'zscore_sample'.To avoid this warning, please use 'zscore_sample' instead.
  r=lw.fit_transform([ts])[0]
/Users/evangeline.bangsil/localwork/UTD-PROJECT/fm-subtype-discovery/experiments/ds002748_mdd/dataset_mdd.py:69: RuntimeWarning: divide by zero encountered in arctanh
  z=np.arctanh(r)
   k  silhouette_score  gap_stat    gap_se  permutation_p  k_selected_silhouette  k_selected_gap
0  2          0.111021  0.429904  0.009639            NaN                      5               6
1  3          0.103880  0.513719  0.013254            NaN                      5               6
2  4          0.126870  0.581907  0.010032            NaN                      5               6
3  5          0.134927  0.651398  0.014452          0.205                      5               6
4  6          0.147716  0.743704  0.014428            NaN                      5               6
bootstrap ARI mean=0.3204 range=[0.0168,0.8495]
