/Users/evangeline.bangsil/localwork/UTD-PROJECT/fm-subtype-discovery/experiments/ds002748_mdd/dataset_mdd.py:68: FutureWarning: The default strategy for standardize is currently 'zscore' which incorrectly uses population std to calculate sample zscores. The new strategy 'zscore_sample' corrects this behavior by using the sample std. In release 0.14.0, the default strategy will be replaced by the new strategy, the 'zscore' option will be removed. and using standardize=True will fall back to 'zscore_sample'.To avoid this warning, please use 'zscore_sample' instead.
  r=lw.fit_transform([ts])[0]
/Users/evangeline.bangsil/localwork/UTD-PROJECT/fm-subtype-discovery/experiments/ds002748_mdd/dataset_mdd.py:69: RuntimeWarning: divide by zero encountered in arctanh
  z=np.arctanh(r)
/Users/evangeline.bangsil/localwork/UTD-PROJECT/fm-subtype-discovery/experiments/ds002748_mdd/dataset_mdd.py:68: FutureWarning: The default strategy for standardize is currently 'zscore' which incorrectly uses population std to calculate sample zscores. The new strategy 'zscore_sample' corrects this behavior by using the sample std. In release 0.14.0, the default strategy will be replaced by the new strategy, the 'zscore' option will be removed. and using standardize=True will fall back to 'zscore_sample'.To avoid this warning, please use 'zscore_sample' instead.
  r=lw.fit_transform([ts])[0]
/Users/evangeline.bangsil/localwork/UTD-PROJECT/fm-subtype-discovery/experiments/ds002748_mdd/dataset_mdd.py:69: RuntimeWarning: divide by zero encountered in arctanh
  z=np.arctanh(r)
/Users/evangeline.bangsil/localwork/UTD-PROJECT/fm-subtype-discovery/experiments/ds002748_mdd/dataset_mdd.py:68: FutureWarning: The default strategy for standardize is currently 'zscore' which incorrectly uses population std to calculate sample zscores. The new strategy 'zscore_sample' corrects this behavior by using the sample std. In release 0.14.0, the default strategy will be replaced by the new strategy, the 'zscore' option will be removed. and using standardize=True will fall back to 'zscore_sample'.To avoid this warning, please use 'zscore_sample' instead.
  r=lw.fit_transform([ts])[0]
/Users/evangeline.bangsil/localwork/UTD-PROJECT/fm-subtype-discovery/experiments/ds002748_mdd/dataset_mdd.py:69: RuntimeWarning: divide by zero encountered in arctanh
  z=np.arctanh(r)
/Users/evangeline.bangsil/localwork/UTD-PROJECT/fm-subtype-discovery/experiments/ds002748_mdd/dataset_mdd.py:68: FutureWarning: The default strategy for standardize is currently 'zscore' which incorrectly uses population std to calculate sample zscores. The new strategy 'zscore_sample' corrects this behavior by using the sample std. In release 0.14.0, the default strategy will be replaced by the new strategy, the 'zscore' option will be removed. and using standardize=True will fall back to 'zscore_sample'.To avoid this warning, please use 'zscore_sample' instead.
  r=lw.fit_transform([ts])[0]
/Users/evangeline.bangsil/localwork/UTD-PROJECT/fm-subtype-discovery/experiments/ds002748_mdd/dataset_mdd.py:69: RuntimeWarning: divide by zero encountered in arctanh
  z=np.arctanh(r)
/Users/evangeline.bangsil/localwork/UTD-PROJECT/fm-subtype-discovery/experiments/ds002748_mdd/dataset_mdd.py:68: FutureWarning: The default strategy for standardize is currently 'zscore' which incorrectly uses population std to calculate sample zscores. The new strategy 'zscore_sample' corrects this behavior by using the sample std. In release 0.14.0, the default strategy will be replaced by the new strategy, the 'zscore' option will be removed. and using standardize=True will fall back to 'zscore_sample'.To avoid this warning, please use 'zscore_sample' instead.
  r=lw.fit_transform([ts])[0]
/Users/evangeline.bangsil/localwork/UTD-PROJECT/fm-subtype-discovery/experiments/ds002748_mdd/dataset_mdd.py:69: RuntimeWarning: divide by zero encountered in arctanh
  z=np.arctanh(r)
/Users/evangeline.bangsil/localwork/UTD-PROJECT/fm-subtype-discovery/experiments/ds002748_mdd/dataset_mdd.py:68: FutureWarning: The default strategy for standardize is currently 'zscore' which incorrectly uses population std to calculate sample zscores. The new strategy 'zscore_sample' corrects this behavior by using the sample std. In release 0.14.0, the default strategy will be replaced by the new strategy, the 'zscore' option will be removed. and using standardize=True will fall back to 'zscore_sample'.To avoid this warning, please use 'zscore_sample' instead.
  r=lw.fit_transform([ts])[0]
/Users/evangeline.bangsil/localwork/UTD-PROJECT/fm-subtype-discovery/experiments/ds002748_mdd/dataset_mdd.py:69: RuntimeWarning: divide by zero encountered in arctanh
  z=np.arctanh(r)
/Users/evangeline.bangsil/localwork/UTD-PROJECT/fm-subtype-discovery/experiments/ds002748_mdd/dataset_mdd.py:68: FutureWarning: The default strategy for standardize is currently 'zscore' which incorrectly uses population std to calculate sample zscores. The new strategy 'zscore_sample' corrects this behavior by using the sample std. In release 0.14.0, the default strategy will be replaced by the new strategy, the 'zscore' option will be removed. and using standardize=True will fall back to 'zscore_sample'.To avoid this warning, please use 'zscore_sample' instead.
  r=lw.fit_transform([ts])[0]
/Users/evangeline.bangsil/localwork/UTD-PROJECT/fm-subtype-discovery/experiments/ds002748_mdd/dataset_mdd.py:69: RuntimeWarning: divide by zero encountered in arctanh
  z=np.arctanh(r)
/Users/evangeline.bangsil/localwork/UTD-PROJECT/fm-subtype-discovery/experiments/ds002748_mdd/dataset_mdd.py:68: FutureWarning: The default strategy for standardize is currently 'zscore' which incorrectly uses population std to calculate sample zscores. The new strategy 'zscore_sample' corrects this behavior by using the sample std. In release 0.14.0, the default strategy will be replaced by the new strategy, the 'zscore' option will be removed. and using standardize=True will fall back to 'zscore_sample'.To avoid this warning, please use 'zscore_sample' instead.
  r=lw.fit_transform([ts])[0]
/Users/evangeline.bangsil/localwork/UTD-PROJECT/fm-subtype-discovery/experiments/ds002748_mdd/dataset_mdd.py:69: RuntimeWarning: divide by zero encountered in arctanh
  z=np.arctanh(r)
/Users/evangeline.bangsil/localwork/UTD-PROJECT/fm-subtype-discovery/experiments/ds002748_mdd/dataset_mdd.py:68: FutureWarning: The default strategy for standardize is currently 'zscore' which incorrectly uses population std to calculate sample zscores. The new strategy 'zscore_sample' corrects this behavior by using the sample std. In release 0.14.0, the default strategy will be replaced by the new strategy, the 'zscore' option will be removed. and using standardize=True will fall back to 'zscore_sample'.To avoid this warning, please use 'zscore_sample' instead.
  r=lw.fit_transform([ts])[0]
/Users/evangeline.bangsil/localwork/UTD-PROJECT/fm-subtype-discovery/experiments/ds002748_mdd/dataset_mdd.py:69: RuntimeWarning: divide by zero encountered in arctanh
  z=np.arctanh(r)
/Users/evangeline.bangsil/localwork/UTD-PROJECT/fm-subtype-discovery/experiments/ds002748_mdd/dataset_mdd.py:68: FutureWarning: The default strategy for standardize is currently 'zscore' which incorrectly uses population std to calculate sample zscores. The new strategy 'zscore_sample' corrects this behavior by using the sample std. In release 0.14.0, the default strategy will be replaced by the new strategy, the 'zscore' option will be removed. and using standardize=True will fall back to 'zscore_sample'.To avoid this warning, please use 'zscore_sample' instead.
  r=lw.fit_transform([ts])[0]
/Users/evangeline.bangsil/localwork/UTD-PROJECT/fm-subtype-discovery/experiments/ds002748_mdd/dataset_mdd.py:69: RuntimeWarning: divide by zero encountered in arctanh
  z=np.arctanh(r)
/Users/evangeline.bangsil/localwork/UTD-PROJECT/fm-subtype-discovery/experiments/ds002748_mdd/dataset_mdd.py:68: FutureWarning: The default strategy for standardize is currently 'zscore' which incorrectly uses population std to calculate sample zscores. The new strategy 'zscore_sample' corrects this behavior by using the sample std. In release 0.14.0, the default strategy will be replaced by the new strategy, the 'zscore' option will be removed. and using standardize=True will fall back to 'zscore_sample'.To avoid this warning, please use 'zscore_sample' instead.
  r=lw.fit_transform([ts])[0]
/Users/evangeline.bangsil/localwork/UTD-PROJECT/fm-subtype-discovery/experiments/ds002748_mdd/dataset_mdd.py:69: RuntimeWarning: divide by zero encountered in arctanh
  z=np.arctanh(r)
/Users/evangeline.bangsil/localwork/UTD-PROJECT/fm-subtype-discovery/experiments/ds002748_mdd/dataset_mdd.py:68: FutureWarning: The default strategy for standardize is currently 'zscore' which incorrectly uses population std to calculate sample zscores. The new strategy 'zscore_sample' corrects this behavior by using the sample std. In release 0.14.0, the default strategy will be replaced by the new strategy, the 'zscore' option will be removed. and using standardize=True will fall back to 'zscore_sample'.To avoid this warning, please use 'zscore_sample' instead.
  r=lw.fit_transform([ts])[0]
/Users/evangeline.bangsil/localwork/UTD-PROJECT/fm-subtype-discovery/experiments/ds002748_mdd/dataset_mdd.py:69: RuntimeWarning: divide by zero encountered in arctanh
  z=np.arctanh(r)
/Users/evangeline.bangsil/localwork/UTD-PROJECT/fm-subtype-discovery/experiments/ds002748_mdd/dataset_mdd.py:68: FutureWarning: The default strategy for standardize is currently 'zscore' which incorrectly uses population std to calculate sample zscores. The new strategy 'zscore_sample' corrects this behavior by using the sample std. In release 0.14.0, the default strategy will be replaced by the new strategy, the 'zscore' option will be removed. and using standardize=True will fall back to 'zscore_sample'.To avoid this warning, please use 'zscore_sample' instead.
  r=lw.fit_transform([ts])[0]
/Users/evangeline.bangsil/localwork/UTD-PROJECT/fm-subtype-discovery/experiments/ds002748_mdd/dataset_mdd.py:69: RuntimeWarning: divide by zero encountered in arctanh
  z=np.arctanh(r)
/Users/evangeline.bangsil/localwork/UTD-PROJECT/fm-subtype-discovery/experiments/ds002748_mdd/dataset_mdd.py:68: FutureWarning: The default strategy for standardize is currently 'zscore' which incorrectly uses population std to calculate sample zscores. The new strategy 'zscore_sample' corrects this behavior by using the sample std. In release 0.14.0, the default strategy will be replaced by the new strategy, the 'zscore' option will be removed. and using standardize=True will fall back to 'zscore_sample'.To avoid this warning, please use 'zscore_sample' instead.
  r=lw.fit_transform([ts])[0]
/Users/evangeline.bangsil/localwork/UTD-PROJECT/fm-subtype-discovery/experiments/ds002748_mdd/dataset_mdd.py:69: RuntimeWarning: divide by zero encountered in arctanh
  z=np.arctanh(r)
/Users/evangeline.bangsil/localwork/UTD-PROJECT/fm-subtype-discovery/experiments/ds002748_mdd/dataset_mdd.py:68: FutureWarning: The default strategy for standardize is currently 'zscore' which incorrectly uses population std to calculate sample zscores. The new strategy 'zscore_sample' corrects this behavior by using the sample std. In release 0.14.0, the default strategy will be replaced by the new strategy, the 'zscore' option will be removed. and using standardize=True will fall back to 'zscore_sample'.To avoid this warning, please use 'zscore_sample' instead.
  r=lw.fit_transform([ts])[0]
/Users/evangeline.bangsil/localwork/UTD-PROJECT/fm-subtype-discovery/experiments/ds002748_mdd/dataset_mdd.py:69: RuntimeWarning: divide by zero encountered in arctanh
  z=np.arctanh(r)
/Users/evangeline.bangsil/localwork/UTD-PROJECT/fm-subtype-discovery/experiments/ds002748_mdd/dataset_mdd.py:68: FutureWarning: The default strategy for standardize is currently 'zscore' which incorrectly uses population std to calculate sample zscores. The new strategy 'zscore_sample' corrects this behavior by using the sample std. In release 0.14.0, the default strategy will be replaced by the new strategy, the 'zscore' option will be removed. and using standardize=True will fall back to 'zscore_sample'.To avoid this warning, please use 'zscore_sample' instead.
  r=lw.fit_transform([ts])[0]
/Users/evangeline.bangsil/localwork/UTD-PROJECT/fm-subtype-discovery/experiments/ds002748_mdd/dataset_mdd.py:69: RuntimeWarning: divide by zero encountered in arctanh
  z=np.arctanh(r)
/Users/evangeline.bangsil/localwork/UTD-PROJECT/fm-subtype-discovery/experiments/ds002748_mdd/dataset_mdd.py:68: FutureWarning: The default strategy for standardize is currently 'zscore' which incorrectly uses population std to calculate sample zscores. The new strategy 'zscore_sample' corrects this behavior by using the sample std. In release 0.14.0, the default strategy will be replaced by the new strategy, the 'zscore' option will be removed. and using standardize=True will fall back to 'zscore_sample'.To avoid this warning, please use 'zscore_sample' instead.
  r=lw.fit_transform([ts])[0]
/Users/evangeline.bangsil/localwork/UTD-PROJECT/fm-subtype-discovery/experiments/ds002748_mdd/dataset_mdd.py:69: RuntimeWarning: divide by zero encountered in arctanh
  z=np.arctanh(r)
/Users/evangeline.bangsil/localwork/UTD-PROJECT/fm-subtype-discovery/experiments/ds002748_mdd/dataset_mdd.py:68: FutureWarning: The default strategy for standardize is currently 'zscore' which incorrectly uses population std to calculate sample zscores. The new strategy 'zscore_sample' corrects this behavior by using the sample std. In release 0.14.0, the default strategy will be replaced by the new strategy, the 'zscore' option will be removed. and using standardize=True will fall back to 'zscore_sample'.To avoid this warning, please use 'zscore_sample' instead.
  r=lw.fit_transform([ts])[0]
/Users/evangeline.bangsil/localwork/UTD-PROJECT/fm-subtype-discovery/experiments/ds002748_mdd/dataset_mdd.py:69: RuntimeWarning: divide by zero encountered in arctanh
  z=np.arctanh(r)
/Users/evangeline.bangsil/localwork/UTD-PROJECT/fm-subtype-discovery/experiments/ds002748_mdd/dataset_mdd.py:68: FutureWarning: The default strategy for standardize is currently 'zscore' which incorrectly uses population std to calculate sample zscores. The new strategy 'zscore_sample' corrects this behavior by using the sample std. In release 0.14.0, the default strategy will be replaced by the new strategy, the 'zscore' option will be removed. and using standardize=True will fall back to 'zscore_sample'.To avoid this warning, please use 'zscore_sample' instead.
  r=lw.fit_transform([ts])[0]
/Users/evangeline.bangsil/localwork/UTD-PROJECT/fm-subtype-discovery/experiments/ds002748_mdd/dataset_mdd.py:69: RuntimeWarning: divide by zero encountered in arctanh
  z=np.arctanh(r)
/Users/evangeline.bangsil/localwork/UTD-PROJECT/fm-subtype-discovery/experiments/ds002748_mdd/dataset_mdd.py:68: FutureWarning: The default strategy for standardize is currently 'zscore' which incorrectly uses population std to calculate sample zscores. The new strategy 'zscore_sample' corrects this behavior by using the sample std. In release 0.14.0, the default strategy will be replaced by the new strategy, the 'zscore' option will be removed. and using standardize=True will fall back to 'zscore_sample'.To avoid this warning, please use 'zscore_sample' instead.
  r=lw.fit_transform([ts])[0]
/Users/evangeline.bangsil/localwork/UTD-PROJECT/fm-subtype-discovery/experiments/ds002748_mdd/dataset_mdd.py:69: RuntimeWarning: divide by zero encountered in arctanh
  z=np.arctanh(r)
/Users/evangeline.bangsil/localwork/UTD-PROJECT/fm-subtype-discovery/experiments/ds002748_mdd/dataset_mdd.py:68: FutureWarning: The default strategy for standardize is currently 'zscore' which incorrectly uses population std to calculate sample zscores. The new strategy 'zscore_sample' corrects this behavior by using the sample std. In release 0.14.0, the default strategy will be replaced by the new strategy, the 'zscore' option will be removed. and using standardize=True will fall back to 'zscore_sample'.To avoid this warning, please use 'zscore_sample' instead.
  r=lw.fit_transform([ts])[0]
/Users/evangeline.bangsil/localwork/UTD-PROJECT/fm-subtype-discovery/experiments/ds002748_mdd/dataset_mdd.py:69: RuntimeWarning: divide by zero encountered in arctanh
  z=np.arctanh(r)
/Users/evangeline.bangsil/localwork/UTD-PROJECT/fm-subtype-discovery/experiments/ds002748_mdd/dataset_mdd.py:68: FutureWarning: The default strategy for standardize is currently 'zscore' which incorrectly uses population std to calculate sample zscores. The new strategy 'zscore_sample' corrects this behavior by using the sample std. In release 0.14.0, the default strategy will be replaced by the new strategy, the 'zscore' option will be removed. and using standardize=True will fall back to 'zscore_sample'.To avoid this warning, please use 'zscore_sample' instead.
  r=lw.fit_transform([ts])[0]
/Users/evangeline.bangsil/localwork/UTD-PROJECT/fm-subtype-discovery/experiments/ds002748_mdd/dataset_mdd.py:69: RuntimeWarning: divide by zero encountered in arctanh
  z=np.arctanh(r)
/Users/evangeline.bangsil/localwork/UTD-PROJECT/fm-subtype-discovery/experiments/ds002748_mdd/dataset_mdd.py:68: FutureWarning: The default strategy for standardize is currently 'zscore' which incorrectly uses population std to calculate sample zscores. The new strategy 'zscore_sample' corrects this behavior by using the sample std. In release 0.14.0, the default strategy will be replaced by the new strategy, the 'zscore' option will be removed. and using standardize=True will fall back to 'zscore_sample'.To avoid this warning, please use 'zscore_sample' instead.
  r=lw.fit_transform([ts])[0]
/Users/evangeline.bangsil/localwork/UTD-PROJECT/fm-subtype-discovery/experiments/ds002748_mdd/dataset_mdd.py:69: RuntimeWarning: divide by zero encountered in arctanh
  z=np.arctanh(r)
/Users/evangeline.bangsil/localwork/UTD-PROJECT/fm-subtype-discovery/experiments/ds002748_mdd/dataset_mdd.py:68: FutureWarning: The default strategy for standardize is currently 'zscore' which incorrectly uses population std to calculate sample zscores. The new strategy 'zscore_sample' corrects this behavior by using the sample std. In release 0.14.0, the default strategy will be replaced by the new strategy, the 'zscore' option will be removed. and using standardize=True will fall back to 'zscore_sample'.To avoid this warning, please use 'zscore_sample' instead.
  r=lw.fit_transform([ts])[0]
/Users/evangeline.bangsil/localwork/UTD-PROJECT/fm-subtype-discovery/experiments/ds002748_mdd/dataset_mdd.py:69: RuntimeWarning: divide by zero encountered in arctanh
  z=np.arctanh(r)
/Users/evangeline.bangsil/localwork/UTD-PROJECT/fm-subtype-discovery/experiments/ds002748_mdd/dataset_mdd.py:68: FutureWarning: The default strategy for standardize is currently 'zscore' which incorrectly uses population std to calculate sample zscores. The new strategy 'zscore_sample' corrects this behavior by using the sample std. In release 0.14.0, the default strategy will be replaced by the new strategy, the 'zscore' option will be removed. and using standardize=True will fall back to 'zscore_sample'.To avoid this warning, please use 'zscore_sample' instead.
  r=lw.fit_transform([ts])[0]
/Users/evangeline.bangsil/localwork/UTD-PROJECT/fm-subtype-discovery/experiments/ds002748_mdd/dataset_mdd.py:69: RuntimeWarning: divide by zero encountered in arctanh
  z=np.arctanh(r)
/Users/evangeline.bangsil/localwork/UTD-PROJECT/fm-subtype-discovery/experiments/ds002748_mdd/dataset_mdd.py:68: FutureWarning: The default strategy for standardize is currently 'zscore' which incorrectly uses population std to calculate sample zscores. The new strategy 'zscore_sample' corrects this behavior by using the sample std. In release 0.14.0, the default strategy will be replaced by the new strategy, the 'zscore' option will be removed. and using standardize=True will fall back to 'zscore_sample'.To avoid this warning, please use 'zscore_sample' instead.
  r=lw.fit_transform([ts])[0]
/Users/evangeline.bangsil/localwork/UTD-PROJECT/fm-subtype-discovery/experiments/ds002748_mdd/dataset_mdd.py:69: RuntimeWarning: divide by zero encountered in arctanh
  z=np.arctanh(r)
/Users/evangeline.bangsil/localwork/UTD-PROJECT/fm-subtype-discovery/experiments/ds002748_mdd/dataset_mdd.py:68: FutureWarning: The default strategy for standardize is currently 'zscore' which incorrectly uses population std to calculate sample zscores. The new strategy 'zscore_sample' corrects this behavior by using the sample std. In release 0.14.0, the default strategy will be replaced by the new strategy, the 'zscore' option will be removed. and using standardize=True will fall back to 'zscore_sample'.To avoid this warning, please use 'zscore_sample' instead.
  r=lw.fit_transform([ts])[0]
/Users/evangeline.bangsil/localwork/UTD-PROJECT/fm-subtype-discovery/experiments/ds002748_mdd/dataset_mdd.py:69: RuntimeWarning: divide by zero encountered in arctanh
  z=np.arctanh(r)
/Users/evangeline.bangsil/localwork/UTD-PROJECT/fm-subtype-discovery/experiments/ds002748_mdd/dataset_mdd.py:68: FutureWarning: The default strategy for standardize is currently 'zscore' which incorrectly uses population std to calculate sample zscores. The new strategy 'zscore_sample' corrects this behavior by using the sample std. In release 0.14.0, the default strategy will be replaced by the new strategy, the 'zscore' option will be removed. and using standardize=True will fall back to 'zscore_sample'.To avoid this warning, please use 'zscore_sample' instead.
  r=lw.fit_transform([ts])[0]
/Users/evangeline.bangsil/localwork/UTD-PROJECT/fm-subtype-discovery/experiments/ds002748_mdd/dataset_mdd.py:69: RuntimeWarning: divide by zero encountered in arctanh
  z=np.arctanh(r)
/Users/evangeline.bangsil/localwork/UTD-PROJECT/fm-subtype-discovery/experiments/ds002748_mdd/dataset_mdd.py:68: FutureWarning: The default strategy for standardize is currently 'zscore' which incorrectly uses population std to calculate sample zscores. The new strategy 'zscore_sample' corrects this behavior by using the sample std. In release 0.14.0, the default strategy will be replaced by the new strategy, the 'zscore' option will be removed. and using standardize=True will fall back to 'zscore_sample'.To avoid this warning, please use 'zscore_sample' instead.
  r=lw.fit_transform([ts])[0]
/Users/evangeline.bangsil/localwork/UTD-PROJECT/fm-subtype-discovery/experiments/ds002748_mdd/dataset_mdd.py:69: RuntimeWarning: divide by zero encountered in arctanh
  z=np.arctanh(r)
/Users/evangeline.bangsil/localwork/UTD-PROJECT/fm-subtype-discovery/experiments/ds002748_mdd/dataset_mdd.py:68: FutureWarning: The default strategy for standardize is currently 'zscore' which incorrectly uses population std to calculate sample zscores. The new strategy 'zscore_sample' corrects this behavior by using the sample std. In release 0.14.0, the default strategy will be replaced by the new strategy, the 'zscore' option will be removed. and using standardize=True will fall back to 'zscore_sample'.To avoid this warning, please use 'zscore_sample' instead.
  r=lw.fit_transform([ts])[0]
/Users/evangeline.bangsil/localwork/UTD-PROJECT/fm-subtype-discovery/experiments/ds002748_mdd/dataset_mdd.py:69: RuntimeWarning: divide by zero encountered in arctanh
  z=np.arctanh(r)
/Users/evangeline.bangsil/localwork/UTD-PROJECT/fm-subtype-discovery/experiments/ds002748_mdd/dataset_mdd.py:68: FutureWarning: The default strategy for standardize is currently 'zscore' which incorrectly uses population std to calculate sample zscores. The new strategy 'zscore_sample' corrects this behavior by using the sample std. In release 0.14.0, the default strategy will be replaced by the new strategy, the 'zscore' option will be removed. and using standardize=True will fall back to 'zscore_sample'.To avoid this warning, please use 'zscore_sample' instead.
  r=lw.fit_transform([ts])[0]
/Users/evangeline.bangsil/localwork/UTD-PROJECT/fm-subtype-discovery/experiments/ds002748_mdd/dataset_mdd.py:69: RuntimeWarning: divide by zero encountered in arctanh
  z=np.arctanh(r)
/Users/evangeline.bangsil/localwork/UTD-PROJECT/fm-subtype-discovery/experiments/ds002748_mdd/dataset_mdd.py:68: FutureWarning: The default strategy for standardize is currently 'zscore' which incorrectly uses population std to calculate sample zscores. The new strategy 'zscore_sample' corrects this behavior by using the sample std. In release 0.14.0, the default strategy will be replaced by the new strategy, the 'zscore' option will be removed. and using standardize=True will fall back to 'zscore_sample'.To avoid this warning, please use 'zscore_sample' instead.
  r=lw.fit_transform([ts])[0]
/Users/evangeline.bangsil/localwork/UTD-PROJECT/fm-subtype-discovery/experiments/ds002748_mdd/dataset_mdd.py:69: RuntimeWarning: divide by zero encountered in arctanh
  z=np.arctanh(r)
/Users/evangeline.bangsil/localwork/UTD-PROJECT/fm-subtype-discovery/experiments/ds002748_mdd/dataset_mdd.py:68: FutureWarning: The default strategy for standardize is currently 'zscore' which incorrectly uses population std to calculate sample zscores. The new strategy 'zscore_sample' corrects this behavior by using the sample std. In release 0.14.0, the default strategy will be replaced by the new strategy, the 'zscore' option will be removed. and using standardize=True will fall back to 'zscore_sample'.To avoid this warning, please use 'zscore_sample' instead.
  r=lw.fit_transform([ts])[0]
/Users/evangeline.bangsil/localwork/UTD-PROJECT/fm-subtype-discovery/experiments/ds002748_mdd/dataset_mdd.py:69: RuntimeWarning: divide by zero encountered in arctanh
  z=np.arctanh(r)
/Users/evangeline.bangsil/localwork/UTD-PROJECT/fm-subtype-discovery/experiments/ds002748_mdd/dataset_mdd.py:68: FutureWarning: The default strategy for standardize is currently 'zscore' which incorrectly uses population std to calculate sample zscores. The new strategy 'zscore_sample' corrects this behavior by using the sample std. In release 0.14.0, the default strategy will be replaced by the new strategy, the 'zscore' option will be removed. and using standardize=True will fall back to 'zscore_sample'.To avoid this warning, please use 'zscore_sample' instead.
  r=lw.fit_transform([ts])[0]
/Users/evangeline.bangsil/localwork/UTD-PROJECT/fm-subtype-discovery/experiments/ds002748_mdd/dataset_mdd.py:69: RuntimeWarning: divide by zero encountered in arctanh
  z=np.arctanh(r)
/Users/evangeline.bangsil/localwork/UTD-PROJECT/fm-subtype-discovery/experiments/ds002748_mdd/dataset_mdd.py:68: FutureWarning: The default strategy for standardize is currently 'zscore' which incorrectly uses population std to calculate sample zscores. The new strategy 'zscore_sample' corrects this behavior by using the sample std. In release 0.14.0, the default strategy will be replaced by the new strategy, the 'zscore' option will be removed. and using standardize=True will fall back to 'zscore_sample'.To avoid this warning, please use 'zscore_sample' instead.
  r=lw.fit_transform([ts])[0]
/Users/evangeline.bangsil/localwork/UTD-PROJECT/fm-subtype-discovery/experiments/ds002748_mdd/dataset_mdd.py:69: RuntimeWarning: divide by zero encountered in arctanh
  z=np.arctanh(r)
/Users/evangeline.bangsil/localwork/UTD-PROJECT/fm-subtype-discovery/experiments/ds002748_mdd/dataset_mdd.py:68: FutureWarning: The default strategy for standardize is currently 'zscore' which incorrectly uses population std to calculate sample zscores. The new strategy 'zscore_sample' corrects this behavior by using the sample std. In release 0.14.0, the default strategy will be replaced by the new strategy, the 'zscore' option will be removed. and using standardize=True will fall back to 'zscore_sample'.To avoid this warning, please use 'zscore_sample' instead.
  r=lw.fit_transform([ts])[0]
/Users/evangeline.bangsil/localwork/UTD-PROJECT/fm-subtype-discovery/experiments/ds002748_mdd/dataset_mdd.py:69: RuntimeWarning: divide by zero encountered in arctanh
  z=np.arctanh(r)
/Users/evangeline.bangsil/localwork/UTD-PROJECT/fm-subtype-discovery/experiments/ds002748_mdd/dataset_mdd.py:68: FutureWarning: The default strategy for standardize is currently 'zscore' which incorrectly uses population std to calculate sample zscores. The new strategy 'zscore_sample' corrects this behavior by using the sample std. In release 0.14.0, the default strategy will be replaced by the new strategy, the 'zscore' option will be removed. and using standardize=True will fall back to 'zscore_sample'.To avoid this warning, please use 'zscore_sample' instead.
  r=lw.fit_transform([ts])[0]
/Users/evangeline.bangsil/localwork/UTD-PROJECT/fm-subtype-discovery/experiments/ds002748_mdd/dataset_mdd.py:69: RuntimeWarning: divide by zero encountered in arctanh
  z=np.arctanh(r)
/Users/evangeline.bangsil/localwork/UTD-PROJECT/fm-subtype-discovery/experiments/ds002748_mdd/dataset_mdd.py:68: FutureWarning: The default strategy for standardize is currently 'zscore' which incorrectly uses population std to calculate sample zscores. The new strategy 'zscore_sample' corrects this behavior by using the sample std. In release 0.14.0, the default strategy will be replaced by the new strategy, the 'zscore' option will be removed. and using standardize=True will fall back to 'zscore_sample'.To avoid this warning, please use 'zscore_sample' instead.
  r=lw.fit_transform([ts])[0]
/Users/evangeline.bangsil/localwork/UTD-PROJECT/fm-subtype-discovery/experiments/ds002748_mdd/dataset_mdd.py:69: RuntimeWarning: divide by zero encountered in arctanh
  z=np.arctanh(r)
/Users/evangeline.bangsil/localwork/UTD-PROJECT/fm-subtype-discovery/experiments/ds002748_mdd/dataset_mdd.py:68: FutureWarning: The default strategy for standardize is currently 'zscore' which incorrectly uses population std to calculate sample zscores. The new strategy 'zscore_sample' corrects this behavior by using the sample std. In release 0.14.0, the default strategy will be replaced by the new strategy, the 'zscore' option will be removed. and using standardize=True will fall back to 'zscore_sample'.To avoid this warning, please use 'zscore_sample' instead.
  r=lw.fit_transform([ts])[0]
/Users/evangeline.bangsil/localwork/UTD-PROJECT/fm-subtype-discovery/experiments/ds002748_mdd/dataset_mdd.py:69: RuntimeWarning: divide by zero encountered in arctanh
  z=np.arctanh(r)
/Users/evangeline.bangsil/localwork/UTD-PROJECT/fm-subtype-discovery/experiments/ds002748_mdd/dataset_mdd.py:68: FutureWarning: The default strategy for standardize is currently 'zscore' which incorrectly uses population std to calculate sample zscores. The new strategy 'zscore_sample' corrects this behavior by using the sample std. In release 0.14.0, the default strategy will be replaced by the new strategy, the 'zscore' option will be removed. and using standardize=True will fall back to 'zscore_sample'.To avoid this warning, please use 'zscore_sample' instead.
  r=lw.fit_transform([ts])[0]
/Users/evangeline.bangsil/localwork/UTD-PROJECT/fm-subtype-discovery/experiments/ds002748_mdd/dataset_mdd.py:69: RuntimeWarning: divide by zero encountered in arctanh
  z=np.arctanh(r)
/Users/evangeline.bangsil/localwork/UTD-PROJECT/fm-subtype-discovery/experiments/ds002748_mdd/dataset_mdd.py:68: FutureWarning: The default strategy for standardize is currently 'zscore' which incorrectly uses population std to calculate sample zscores. The new strategy 'zscore_sample' corrects this behavior by using the sample std. In release 0.14.0, the default strategy will be replaced by the new strategy, the 'zscore' option will be removed. and using standardize=True will fall back to 'zscore_sample'.To avoid this warning, please use 'zscore_sample' instead.
  r=lw.fit_transform([ts])[0]
/Users/evangeline.bangsil/localwork/UTD-PROJECT/fm-subtype-discovery/experiments/ds002748_mdd/dataset_mdd.py:69: RuntimeWarning: divide by zero encountered in arctanh
  z=np.arctanh(r)
/Users/evangeline.bangsil/localwork/UTD-PROJECT/fm-subtype-discovery/experiments/ds002748_mdd/dataset_mdd.py:68: FutureWarning: The default strategy for standardize is currently 'zscore' which incorrectly uses population std to calculate sample zscores. The new strategy 'zscore_sample' corrects this behavior by using the sample std. In release 0.14.0, the default strategy will be replaced by the new strategy, the 'zscore' option will be removed. and using standardize=True will fall back to 'zscore_sample'.To avoid this warning, please use 'zscore_sample' instead.
  r=lw.fit_transform([ts])[0]
/Users/evangeline.bangsil/localwork/UTD-PROJECT/fm-subtype-discovery/experiments/ds002748_mdd/dataset_mdd.py:69: RuntimeWarning: divide by zero encountered in arctanh
  z=np.arctanh(r)
/Users/evangeline.bangsil/localwork/UTD-PROJECT/fm-subtype-discovery/experiments/ds002748_mdd/dataset_mdd.py:68: FutureWarning: The default strategy for standardize is currently 'zscore' which incorrectly uses population std to calculate sample zscores. The new strategy 'zscore_sample' corrects this behavior by using the sample std. In release 0.14.0, the default strategy will be replaced by the new strategy, the 'zscore' option will be removed. and using standardize=True will fall back to 'zscore_sample'.To avoid this warning, please use 'zscore_sample' instead.
  r=lw.fit_transform([ts])[0]
/Users/evangeline.bangsil/localwork/UTD-PROJECT/fm-subtype-discovery/experiments/ds002748_mdd/dataset_mdd.py:69: RuntimeWarning: divide by zero encountered in arctanh
  z=np.arctanh(r)
/Users/evangeline.bangsil/localwork/UTD-PROJECT/fm-subtype-discovery/experiments/ds002748_mdd/dataset_mdd.py:68: FutureWarning: The default strategy for standardize is currently 'zscore' which incorrectly uses population std to calculate sample zscores. The new strategy 'zscore_sample' corrects this behavior by using the sample std. In release 0.14.0, the default strategy will be replaced by the new strategy, the 'zscore' option will be removed. and using standardize=True will fall back to 'zscore_sample'.To avoid this warning, please use 'zscore_sample' instead.
  r=lw.fit_transform([ts])[0]
/Users/evangeline.bangsil/localwork/UTD-PROJECT/fm-subtype-discovery/experiments/ds002748_mdd/dataset_mdd.py:69: RuntimeWarning: divide by zero encountered in arctanh
  z=np.arctanh(r)
/Users/evangeline.bangsil/localwork/UTD-PROJECT/fm-subtype-discovery/experiments/ds002748_mdd/dataset_mdd.py:68: FutureWarning: The default strategy for standardize is currently 'zscore' which incorrectly uses population std to calculate sample zscores. The new strategy 'zscore_sample' corrects this behavior by using the sample std. In release 0.14.0, the default strategy will be replaced by the new strategy, the 'zscore' option will be removed. and using standardize=True will fall back to 'zscore_sample'.To avoid this warning, please use 'zscore_sample' instead.
  r=lw.fit_transform([ts])[0]
/Users/evangeline.bangsil/localwork/UTD-PROJECT/fm-subtype-discovery/experiments/ds002748_mdd/dataset_mdd.py:69: RuntimeWarning: divide by zero encountered in arctanh
  z=np.arctanh(r)
/Users/evangeline.bangsil/localwork/UTD-PROJECT/fm-subtype-discovery/experiments/ds002748_mdd/dataset_mdd.py:68: FutureWarning: The default strategy for standardize is currently 'zscore' which incorrectly uses population std to calculate sample zscores. The new strategy 'zscore_sample' corrects this behavior by using the sample std. In release 0.14.0, the default strategy will be replaced by the new strategy, the 'zscore' option will be removed. and using standardize=True will fall back to 'zscore_sample'.To avoid this warning, please use 'zscore_sample' instead.
  r=lw.fit_transform([ts])[0]
/Users/evangeline.bangsil/localwork/UTD-PROJECT/fm-subtype-discovery/experiments/ds002748_mdd/dataset_mdd.py:69: RuntimeWarning: divide by zero encountered in arctanh
  z=np.arctanh(r)
/Users/evangeline.bangsil/localwork/UTD-PROJECT/fm-subtype-discovery/experiments/ds002748_mdd/dataset_mdd.py:68: FutureWarning: The default strategy for standardize is currently 'zscore' which incorrectly uses population std to calculate sample zscores. The new strategy 'zscore_sample' corrects this behavior by using the sample std. In release 0.14.0, the default strategy will be replaced by the new strategy, the 'zscore' option will be removed. and using standardize=True will fall back to 'zscore_sample'.To avoid this warning, please use 'zscore_sample' instead.
  r=lw.fit_transform([ts])[0]
/Users/evangeline.bangsil/localwork/UTD-PROJECT/fm-subtype-discovery/experiments/ds002748_mdd/dataset_mdd.py:69: RuntimeWarning: divide by zero encountered in arctanh
  z=np.arctanh(r)
/Users/evangeline.bangsil/localwork/UTD-PROJECT/fm-subtype-discovery/experiments/ds002748_mdd/dataset_mdd.py:68: FutureWarning: The default strategy for standardize is currently 'zscore' which incorrectly uses population std to calculate sample zscores. The new strategy 'zscore_sample' corrects this behavior by using the sample std. In release 0.14.0, the default strategy will be replaced by the new strategy, the 'zscore' option will be removed. and using standardize=True will fall back to 'zscore_sample'.To avoid this warning, please use 'zscore_sample' instead.
  r=lw.fit_transform([ts])[0]
/Users/evangeline.bangsil/localwork/UTD-PROJECT/fm-subtype-discovery/experiments/ds002748_mdd/dataset_mdd.py:69: RuntimeWarning: divide by zero encountered in arctanh
  z=np.arctanh(r)
/Users/evangeline.bangsil/localwork/UTD-PROJECT/fm-subtype-discovery/experiments/ds002748_mdd/dataset_mdd.py:68: FutureWarning: The default strategy for standardize is currently 'zscore' which incorrectly uses population std to calculate sample zscores. The new strategy 'zscore_sample' corrects this behavior by using the sample std. In release 0.14.0, the default strategy will be replaced by the new strategy, the 'zscore' option will be removed. and using standardize=True will fall back to 'zscore_sample'.To avoid this warning, please use 'zscore_sample' instead.
  r=lw.fit_transform([ts])[0]
/Users/evangeline.bangsil/localwork/UTD-PROJECT/fm-subtype-discovery/experiments/ds002748_mdd/dataset_mdd.py:69: RuntimeWarning: divide by zero encountered in arctanh
  z=np.arctanh(r)
/Users/evangeline.bangsil/localwork/UTD-PROJECT/fm-subtype-discovery/experiments/ds002748_mdd/dataset_mdd.py:68: FutureWarning: The default strategy for standardize is currently 'zscore' which incorrectly uses population std to calculate sample zscores. The new strategy 'zscore_sample' corrects this behavior by using the sample std. In release 0.14.0, the default strategy will be replaced by the new strategy, the 'zscore' option will be removed. and using standardize=True will fall back to 'zscore_sample'.To avoid this warning, please use 'zscore_sample' instead.
  r=lw.fit_transform([ts])[0]
/Users/evangeline.bangsil/localwork/UTD-PROJECT/fm-subtype-discovery/experiments/ds002748_mdd/dataset_mdd.py:69: RuntimeWarning: divide by zero encountered in arctanh
  z=np.arctanh(r)
/Users/evangeline.bangsil/localwork/UTD-PROJECT/fm-subtype-discovery/experiments/ds002748_mdd/dataset_mdd.py:68: FutureWarning: The default strategy for standardize is currently 'zscore' which incorrectly uses population std to calculate sample zscores. The new strategy 'zscore_sample' corrects this behavior by using the sample std. In release 0.14.0, the default strategy will be replaced by the new strategy, the 'zscore' option will be removed. and using standardize=True will fall back to 'zscore_sample'.To avoid this warning, please use 'zscore_sample' instead.
  r=lw.fit_transform([ts])[0]
/Users/evangeline.bangsil/localwork/UTD-PROJECT/fm-subtype-discovery/experiments/ds002748_mdd/dataset_mdd.py:69: RuntimeWarning: divide by zero encountered in arctanh
  z=np.arctanh(r)
/Users/evangeline.bangsil/localwork/UTD-PROJECT/fm-subtype-discovery/experiments/ds002748_mdd/dataset_mdd.py:68: FutureWarning: The default strategy for standardize is currently 'zscore' which incorrectly uses population std to calculate sample zscores. The new strategy 'zscore_sample' corrects this behavior by using the sample std. In release 0.14.0, the default strategy will be replaced by the new strategy, the 'zscore' option will be removed. and using standardize=True will fall back to 'zscore_sample'.To avoid this warning, please use 'zscore_sample' instead.
  r=lw.fit_transform([ts])[0]
/Users/evangeline.bangsil/localwork/UTD-PROJECT/fm-subtype-discovery/experiments/ds002748_mdd/dataset_mdd.py:69: RuntimeWarning: divide by zero encountered in arctanh
  z=np.arctanh(r)
/Users/evangeline.bangsil/localwork/UTD-PROJECT/fm-subtype-discovery/experiments/ds002748_mdd/dataset_mdd.py:68: FutureWarning: The default strategy for standardize is currently 'zscore' which incorrectly uses population std to calculate sample zscores. The new strategy 'zscore_sample' corrects this behavior by using the sample std. In release 0.14.0, the default strategy will be replaced by the new strategy, the 'zscore' option will be removed. and using standardize=True will fall back to 'zscore_sample'.To avoid this warning, please use 'zscore_sample' instead.
  r=lw.fit_transform([ts])[0]
/Users/evangeline.bangsil/localwork/UTD-PROJECT/fm-subtype-discovery/experiments/ds002748_mdd/dataset_mdd.py:69: RuntimeWarning: divide by zero encountered in arctanh
  z=np.arctanh(r)
/Users/evangeline.bangsil/localwork/UTD-PROJECT/fm-subtype-discovery/experiments/ds002748_mdd/dataset_mdd.py:68: FutureWarning: The default strategy for standardize is currently 'zscore' which incorrectly uses population std to calculate sample zscores. The new strategy 'zscore_sample' corrects this behavior by using the sample std. In release 0.14.0, the default strategy will be replaced by the new strategy, the 'zscore' option will be removed. and using standardize=True will fall back to 'zscore_sample'.To avoid this warning, please use 'zscore_sample' instead.
  r=lw.fit_transform([ts])[0]
/Users/evangeline.bangsil/localwork/UTD-PROJECT/fm-subtype-discovery/experiments/ds002748_mdd/dataset_mdd.py:69: RuntimeWarning: divide by zero encountered in arctanh
  z=np.arctanh(r)
/Users/evangeline.bangsil/localwork/UTD-PROJECT/fm-subtype-discovery/experiments/ds002748_mdd/dataset_mdd.py:68: FutureWarning: The default strategy for standardize is currently 'zscore' which incorrectly uses population std to calculate sample zscores. The new strategy 'zscore_sample' corrects this behavior by using the sample std. In release 0.14.0, the default strategy will be replaced by the new strategy, the 'zscore' option will be removed. and using standardize=True will fall back to 'zscore_sample'.To avoid this warning, please use 'zscore_sample' instead.
  r=lw.fit_transform([ts])[0]
/Users/evangeline.bangsil/localwork/UTD-PROJECT/fm-subtype-discovery/experiments/ds002748_mdd/dataset_mdd.py:69: RuntimeWarning: divide by zero encountered in arctanh
  z=np.arctanh(r)
/Users/evangeline.bangsil/localwork/UTD-PROJECT/fm-subtype-discovery/experiments/ds002748_mdd/dataset_mdd.py:68: FutureWarning: The default strategy for standardize is currently 'zscore' which incorrectly uses population std to calculate sample zscores. The new strategy 'zscore_sample' corrects this behavior by using the sample std. In release 0.14.0, the default strategy will be replaced by the new strategy, the 'zscore' option will be removed. and using standardize=True will fall back to 'zscore_sample'.To avoid this warning, please use 'zscore_sample' instead.
  r=lw.fit_transform([ts])[0]
/Users/evangeline.bangsil/localwork/UTD-PROJECT/fm-subtype-discovery/experiments/ds002748_mdd/dataset_mdd.py:69: RuntimeWarning: divide by zero encountered in arctanh
  z=np.arctanh(r)
/Users/evangeline.bangsil/localwork/UTD-PROJECT/fm-subtype-discovery/experiments/ds002748_mdd/dataset_mdd.py:68: FutureWarning: The default strategy for standardize is currently 'zscore' which incorrectly uses population std to calculate sample zscores. The new strategy 'zscore_sample' corrects this behavior by using the sample std. In release 0.14.0, the default strategy will be replaced by the new strategy, the 'zscore' option will be removed. and using standardize=True will fall back to 'zscore_sample'.To avoid this warning, please use 'zscore_sample' instead.
  r=lw.fit_transform([ts])[0]
/Users/evangeline.bangsil/localwork/UTD-PROJECT/fm-subtype-discovery/experiments/ds002748_mdd/dataset_mdd.py:69: RuntimeWarning: divide by zero encountered in arctanh
  z=np.arctanh(r)
/Users/evangeline.bangsil/localwork/UTD-PROJECT/fm-subtype-discovery/experiments/ds002748_mdd/dataset_mdd.py:68: FutureWarning: The default strategy for standardize is currently 'zscore' which incorrectly uses population std to calculate sample zscores. The new strategy 'zscore_sample' corrects this behavior by using the sample std. In release 0.14.0, the default strategy will be replaced by the new strategy, the 'zscore' option will be removed. and using standardize=True will fall back to 'zscore_sample'.To avoid this warning, please use 'zscore_sample' instead.
  r=lw.fit_transform([ts])[0]
/Users/evangeline.bangsil/localwork/UTD-PROJECT/fm-subtype-discovery/experiments/ds002748_mdd/dataset_mdd.py:69: RuntimeWarning: divide by zero encountered in arctanh
  z=np.arctanh(r)
/Users/evangeline.bangsil/localwork/UTD-PROJECT/fm-subtype-discovery/experiments/ds002748_mdd/dataset_mdd.py:68: FutureWarning: The default strategy for standardize is currently 'zscore' which incorrectly uses population std to calculate sample zscores. The new strategy 'zscore_sample' corrects this behavior by using the sample std. In release 0.14.0, the default strategy will be replaced by the new strategy, the 'zscore' option will be removed. and using standardize=True will fall back to 'zscore_sample'.To avoid this warning, please use 'zscore_sample' instead.
  r=lw.fit_transform([ts])[0]
/Users/evangeline.bangsil/localwork/UTD-PROJECT/fm-subtype-discovery/experiments/ds002748_mdd/dataset_mdd.py:69: RuntimeWarning: divide by zero encountered in arctanh
  z=np.arctanh(r)
/Users/evangeline.bangsil/localwork/UTD-PROJECT/fm-subtype-discovery/experiments/ds002748_mdd/dataset_mdd.py:68: FutureWarning: The default strategy for standardize is currently 'zscore' which incorrectly uses population std to calculate sample zscores. The new strategy 'zscore_sample' corrects this behavior by using the sample std. In release 0.14.0, the default strategy will be replaced by the new strategy, the 'zscore' option will be removed. and using standardize=True will fall back to 'zscore_sample'.To avoid this warning, please use 'zscore_sample' instead.
  r=lw.fit_transform([ts])[0]
/Users/evangeline.bangsil/localwork/UTD-PROJECT/fm-subtype-discovery/experiments/ds002748_mdd/dataset_mdd.py:69: RuntimeWarning: divide by zero encountered in arctanh
  z=np.arctanh(r)
/Users/evangeline.bangsil/localwork/UTD-PROJECT/fm-subtype-discovery/experiments/ds002748_mdd/dataset_mdd.py:68: FutureWarning: The default strategy for standardize is currently 'zscore' which incorrectly uses population std to calculate sample zscores. The new strategy 'zscore_sample' corrects this behavior by using the sample std. In release 0.14.0, the default strategy will be replaced by the new strategy, the 'zscore' option will be removed. and using standardize=True will fall back to 'zscore_sample'.To avoid this warning, please use 'zscore_sample' instead.
  r=lw.fit_transform([ts])[0]
/Users/evangeline.bangsil/localwork/UTD-PROJECT/fm-subtype-discovery/experiments/ds002748_mdd/dataset_mdd.py:69: RuntimeWarning: divide by zero encountered in arctanh
  z=np.arctanh(r)
/Users/evangeline.bangsil/localwork/UTD-PROJECT/fm-subtype-discovery/experiments/ds002748_mdd/dataset_mdd.py:68: FutureWarning: The default strategy for standardize is currently 'zscore' which incorrectly uses population std to calculate sample zscores. The new strategy 'zscore_sample' corrects this behavior by using the sample std. In release 0.14.0, the default strategy will be replaced by the new strategy, the 'zscore' option will be removed. and using standardize=True will fall back to 'zscore_sample'.To avoid this warning, please use 'zscore_sample' instead.
  r=lw.fit_transform([ts])[0]
/Users/evangeline.bangsil/localwork/UTD-PROJECT/fm-subtype-discovery/experiments/ds002748_mdd/dataset_mdd.py:69: RuntimeWarning: divide by zero encountered in arctanh
  z=np.arctanh(r)
/Users/evangeline.bangsil/localwork/UTD-PROJECT/fm-subtype-discovery/experiments/ds002748_mdd/dataset_mdd.py:68: FutureWarning: The default strategy for standardize is currently 'zscore' which incorrectly uses population std to calculate sample zscores. The new strategy 'zscore_sample' corrects this behavior by using the sample std. In release 0.14.0, the default strategy will be replaced by the new strategy, the 'zscore' option will be removed. and using standardize=True will fall back to 'zscore_sample'.To avoid this warning, please use 'zscore_sample' instead.
  r=lw.fit_transform([ts])[0]
/Users/evangeline.bangsil/localwork/UTD-PROJECT/fm-subtype-discovery/experiments/ds002748_mdd/dataset_mdd.py:69: RuntimeWarning: divide by zero encountered in arctanh
  z=np.arctanh(r)
/Users/evangeline.bangsil/localwork/UTD-PROJECT/fm-subtype-discovery/experiments/ds002748_mdd/dataset_mdd.py:68: FutureWarning: The default strategy for standardize is currently 'zscore' which incorrectly uses population std to calculate sample zscores. The new strategy 'zscore_sample' corrects this behavior by using the sample std. In release 0.14.0, the default strategy will be replaced by the new strategy, the 'zscore' option will be removed. and using standardize=True will fall back to 'zscore_sample'.To avoid this warning, please use 'zscore_sample' instead.
  r=lw.fit_transform([ts])[0]
/Users/evangeline.bangsil/localwork/UTD-PROJECT/fm-subtype-discovery/experiments/ds002748_mdd/dataset_mdd.py:69: RuntimeWarning: divide by zero encountered in arctanh
  z=np.arctanh(r)
/Users/evangeline.bangsil/localwork/UTD-PROJECT/fm-subtype-discovery/experiments/ds002748_mdd/dataset_mdd.py:68: FutureWarning: The default strategy for standardize is currently 'zscore' which incorrectly uses population std to calculate sample zscores. The new strategy 'zscore_sample' corrects this behavior by using the sample std. In release 0.14.0, the default strategy will be replaced by the new strategy, the 'zscore' option will be removed. and using standardize=True will fall back to 'zscore_sample'.To avoid this warning, please use 'zscore_sample' instead.
  r=lw.fit_transform([ts])[0]
/Users/evangeline.bangsil/localwork/UTD-PROJECT/fm-subtype-discovery/experiments/ds002748_mdd/dataset_mdd.py:69: RuntimeWarning: divide by zero encountered in arctanh
  z=np.arctanh(r)
/Users/evangeline.bangsil/localwork/UTD-PROJECT/fm-subtype-discovery/experiments/ds002748_mdd/dataset_mdd.py:68: FutureWarning: The default strategy for standardize is currently 'zscore' which incorrectly uses population std to calculate sample zscores. The new strategy 'zscore_sample' corrects this behavior by using the sample std. In release 0.14.0, the default strategy will be replaced by the new strategy, the 'zscore' option will be removed. and using standardize=True will fall back to 'zscore_sample'.To avoid this warning, please use 'zscore_sample' instead.
  r=lw.fit_transform([ts])[0]
/Users/evangeline.bangsil/localwork/UTD-PROJECT/fm-subtype-discovery/experiments/ds002748_mdd/dataset_mdd.py:69: RuntimeWarning: divide by zero encountered in arctanh
  z=np.arctanh(r)
/Users/evangeline.bangsil/localwork/UTD-PROJECT/fm-subtype-discovery/experiments/ds002748_mdd/dataset_mdd.py:68: FutureWarning: The default strategy for standardize is currently 'zscore' which incorrectly uses population std to calculate sample zscores. The new strategy 'zscore_sample' corrects this behavior by using the sample std. In release 0.14.0, the default strategy will be replaced by the new strategy, the 'zscore' option will be removed. and using standardize=True will fall back to 'zscore_sample'.To avoid this warning, please use 'zscore_sample' instead.
  r=lw.fit_transform([ts])[0]
/Users/evangeline.bangsil/localwork/UTD-PROJECT/fm-subtype-discovery/experiments/ds002748_mdd/dataset_mdd.py:69: RuntimeWarning: divide by zero encountered in arctanh
  z=np.arctanh(r)
/Users/evangeline.bangsil/localwork/UTD-PROJECT/fm-subtype-discovery/experiments/ds002748_mdd/dataset_mdd.py:68: FutureWarning: The default strategy for standardize is currently 'zscore' which incorrectly uses population std to calculate sample zscores. The new strategy 'zscore_sample' corrects this behavior by using the sample std. In release 0.14.0, the default strategy will be replaced by the new strategy, the 'zscore' option will be removed. and using standardize=True will fall back to 'zscore_sample'.To avoid this warning, please use 'zscore_sample' instead.
  r=lw.fit_transform([ts])[0]
/Users/evangeline.bangsil/localwork/UTD-PROJECT/fm-subtype-discovery/experiments/ds002748_mdd/dataset_mdd.py:69: RuntimeWarning: divide by zero encountered in arctanh
  z=np.arctanh(r)
/Users/evangeline.bangsil/localwork/UTD-PROJECT/fm-subtype-discovery/experiments/ds002748_mdd/dataset_mdd.py:68: FutureWarning: The default strategy for standardize is currently 'zscore' which incorrectly uses population std to calculate sample zscores. The new strategy 'zscore_sample' corrects this behavior by using the sample std. In release 0.14.0, the default strategy will be replaced by the new strategy, the 'zscore' option will be removed. and using standardize=True will fall back to 'zscore_sample'.To avoid this warning, please use 'zscore_sample' instead.
  r=lw.fit_transform([ts])[0]
/Users/evangeline.bangsil/localwork/UTD-PROJECT/fm-subtype-discovery/experiments/ds002748_mdd/dataset_mdd.py:69: RuntimeWarning: divide by zero encountered in arctanh
  z=np.arctanh(r)
/Users/evangeline.bangsil/localwork/UTD-PROJECT/fm-subtype-discovery/experiments/ds002748_mdd/dataset_mdd.py:68: FutureWarning: The default strategy for standardize is currently 'zscore' which incorrectly uses population std to calculate sample zscores. The new strategy 'zscore_sample' corrects this behavior by using the sample std. In release 0.14.0, the default strategy will be replaced by the new strategy, the 'zscore' option will be removed. and using standardize=True will fall back to 'zscore_sample'.To avoid this warning, please use 'zscore_sample' instead.
  r=lw.fit_transform([ts])[0]
/Users/evangeline.bangsil/localwork/UTD-PROJECT/fm-subtype-discovery/experiments/ds002748_mdd/dataset_mdd.py:69: RuntimeWarning: divide by zero encountered in arctanh
  z=np.arctanh(r)
/Users/evangeline.bangsil/localwork/UTD-PROJECT/fm-subtype-discovery/experiments/ds002748_mdd/dataset_mdd.py:68: FutureWarning: The default strategy for standardize is currently 'zscore' which incorrectly uses population std to calculate sample zscores. The new strategy 'zscore_sample' corrects this behavior by using the sample std. In release 0.14.0, the default strategy will be replaced by the new strategy, the 'zscore' option will be removed. and using standardize=True will fall back to 'zscore_sample'.To avoid this warning, please use 'zscore_sample' instead.
  r=lw.fit_transform([ts])[0]
/Users/evangeline.bangsil/localwork/UTD-PROJECT/fm-subtype-discovery/experiments/ds002748_mdd/dataset_mdd.py:69: RuntimeWarning: divide by zero encountered in arctanh
  z=np.arctanh(r)
/Users/evangeline.bangsil/localwork/UTD-PROJECT/fm-subtype-discovery/experiments/ds002748_mdd/dataset_mdd.py:68: FutureWarning: The default strategy for standardize is currently 'zscore' which incorrectly uses population std to calculate sample zscores. The new strategy 'zscore_sample' corrects this behavior by using the sample std. In release 0.14.0, the default strategy will be replaced by the new strategy, the 'zscore' option will be removed. and using standardize=True will fall back to 'zscore_sample'.To avoid this warning, please use 'zscore_sample' instead.
  r=lw.fit_transform([ts])[0]
/Users/evangeline.bangsil/localwork/UTD-PROJECT/fm-subtype-discovery/experiments/ds002748_mdd/dataset_mdd.py:69: RuntimeWarning: divide by zero encountered in arctanh
  z=np.arctanh(r)
[I 2026-07-20 21:51:16,411] A new study created in memory with name: no-name-f5cb24e7-f67c-4058-9b34-aa89da0692ae
[I 2026-07-20 21:55:07,243] Trial 0 finished with value: 2.007461130619049 and parameters: {'dModel': 61, 'heads': 7, 'output': 56, 'layers': 2, 'dropout': 0.06225507355451738, 'lr': 2.812671845945258e-05, 'weightDecay': 0.001769182042661431, 'maskRate': 0.23100063552890837, 'ntXentTemp': 0.6938862970421091, 'batchSize': 13}. Best is trial 0 with value: 2.007461130619049.
[I 2026-07-20 22:06:06,775] Trial 1 finished with value: 1.7626760005950928 and parameters: {'dModel': 78, 'heads': 8, 'output': 45, 'layers': 3, 'dropout': 0.20015758211327533, 'lr': 1.798051784896817e-05, 'weightDecay': 0.0007821156966217078, 'maskRate': 0.05412134921439087, 'ntXentTemp': 0.5742580087886302, 'batchSize': 12}. Best is trial 1 with value: 1.7626760005950928.
[I 2026-07-20 22:10:00,937] Trial 2 finished with value: 1.8847466707229614 and parameters: {'dModel': 89, 'heads': 7, 'output': 25, 'layers': 2, 'dropout': 0.25198512872932843, 'lr': 0.0003328510927366386, 'weightDecay': 0.06995248319275031, 'maskRate': 0.2407950191308546, 'ntXentTemp': 0.7054001722859694, 'batchSize': 13}. Best is trial 1 with value: 1.7626760005950928.
[I 2026-07-20 22:13:21,425] Trial 3 finished with value: 1.1960296332836151 and parameters: {'dModel': 118, 'heads': 4, 'output': 43, 'layers': 2, 'dropout': 0.24012677971851262, 'lr': 3.599870504265054e-05, 'weightDecay': 0.09430990694779004, 'maskRate': 0.17679743917567875, 'ntXentTemp': 0.2912515442071163, 'batchSize': 14}. Best is trial 3 with value: 1.1960296332836151.
[I 2026-07-20 22:16:41,367] Trial 4 finished with value: 1.8145725727081299 and parameters: {'dModel': 84, 'heads': 7, 'output': 12, 'layers': 2, 'dropout': 0.2065266322278661, 'lr': 1.118315785143615e-05, 'weightDecay': 0.00037851076255844665, 'maskRate': 0.23670785168852948, 'ntXentTemp': 0.9985949331006632, 'batchSize': 19}. Best is trial 3 with value: 1.1960296332836151.
[I 2026-07-20 22:19:55,898] Trial 5 finished with value: 0.8624173005421957 and parameters: {'dModel': 36, 'heads': 4, 'output': 56, 'layers': 3, 'dropout': 0.0828213967067338, 'lr': 7.400679781512014e-05, 'weightDecay': 0.00012175009383423116, 'maskRate': 0.16155097511944266, 'ntXentTemp': 0.4302505073906532, 'batchSize': 9}. Best is trial 5 with value: 0.8624173005421957.
[I 2026-07-20 22:22:52,404] Trial 6 pruned. 
[I 2026-07-20 22:23:01,059] Trial 7 pruned. 
[I 2026-07-20 22:23:04,970] Trial 8 pruned. 
[I 2026-07-20 22:24:59,839] Trial 9 finished with value: 1.7613895535469055 and parameters: {'dModel': 49, 'heads': 2, 'output': 62, 'layers': 3, 'dropout': 0.12159639658807571, 'lr': 0.0013693444132333156, 'weightDecay': 0.00658313671667363, 'maskRate': 0.10445159389528053, 'ntXentTemp': 0.6819352234090075, 'batchSize': 14}. Best is trial 5 with value: 0.8624173005421957.
[I 2026-07-20 22:31:39,535] Trial 10 finished with value: 0.4720387061436971 and parameters: {'dModel': 126, 'heads': 5, 'output': 31, 'layers': 4, 'dropout': 0.2914072712415321, 'lr': 0.00012012699855203222, 'weightDecay': 0.00012575584516658374, 'maskRate': 0.15971658066719935, 'ntXentTemp': 0.28599106086462184, 'batchSize': 8}. Best is trial 10 with value: 0.4720387061436971.
[I 2026-07-20 22:38:06,887] Trial 11 finished with value: 0.3089648187160492 and parameters: {'dModel': 127, 'heads': 5, 'output': 32, 'layers': 4, 'dropout': 0.2981598384750932, 'lr': 0.00011875391097575693, 'weightDecay': 0.00013406112152284112, 'maskRate': 0.16579700823765964, 'ntXentTemp': 0.23670060084404212, 'batchSize': 8}. Best is trial 11 with value: 0.3089648187160492.
[I 2026-07-20 22:44:13,746] Trial 12 finished with value: 0.25563326478004456 and parameters: {'dModel': 128, 'heads': 5, 'output': 29, 'layers': 4, 'dropout': 0.2994760422552215, 'lr': 0.0001547806594772335, 'weightDecay': 0.00010543435564944344, 'maskRate': 0.15640775409580204, 'ntXentTemp': 0.21156126312689247, 'batchSize': 8}. Best is trial 12 with value: 0.25563326478004456.
[I 2026-07-20 22:50:16,572] Trial 13 finished with value: 0.23828421036402384 and parameters: {'dModel': 107, 'heads': 5, 'output': 32, 'layers': 4, 'dropout': 0.28881128355403324, 'lr': 0.00027583247012280787, 'weightDecay': 0.0002735550064841749, 'maskRate': 0.1450469828572145, 'ntXentTemp': 0.2126782191289414, 'batchSize': 10}. Best is trial 13 with value: 0.23828421036402384.
[I 2026-07-20 22:55:07,594] Trial 14 finished with value: 0.21632077296574911 and parameters: {'dModel': 107, 'heads': 5, 'output': 18, 'layers': 4, 'dropout': 0.25484152687231476, 'lr': 0.00042899067465538264, 'weightDecay': 0.00026686493357225207, 'maskRate': 0.13382832523529303, 'ntXentTemp': 0.20183648423828085, 'batchSize': 10}. Best is trial 14 with value: 0.21632077296574911.
[I 2026-07-20 22:55:53,171] Trial 15 pruned. 
[I 2026-07-20 22:56:14,401] Trial 16 pruned. 
[I 2026-07-20 23:00:05,983] Trial 17 finished with value: 0.20082515478134155 and parameters: {'dModel': 101, 'heads': 3, 'output': 38, 'layers': 4, 'dropout': 0.25987908969348167, 'lr': 0.002661648403864737, 'weightDecay': 0.0003227263360525811, 'maskRate': 0.08328197948953733, 'ntXentTemp': 0.20252387712930675, 'batchSize': 10}. Best is trial 17 with value: 0.20082515478134155.
[I 2026-07-20 23:03:54,960] Trial 18 finished with value: 0.7121788635849953 and parameters: {'dModel': 96, 'heads': 3, 'output': 39, 'layers': 4, 'dropout': 0.16024394791139965, 'lr': 0.002373641639544088, 'weightDecay': 0.0004894962304985733, 'maskRate': 0.07416712555413682, 'ntXentTemp': 0.3261371258950174, 'batchSize': 17}. Best is trial 17 with value: 0.20082515478134155.
[I 2026-07-20 23:04:03,192] Trial 19 pruned. 
[I 2026-07-20 23:04:11,871] Trial 20 pruned. 
[I 2026-07-20 23:12:11,975] Trial 21 finished with value: 0.23103215297063193 and parameters: {'dModel': 107, 'heads': 6, 'output': 39, 'layers': 4, 'dropout': 0.27018672721759524, 'lr': 0.0002111049467825805, 'weightDecay': 0.00023798060552997078, 'maskRate': 0.13708061520646816, 'ntXentTemp': 0.20596344279026066, 'batchSize': 10}. Best is trial 17 with value: 0.20082515478134155.
[I 2026-07-20 23:19:29,898] Trial 22 finished with value: 0.5026320417722067 and parameters: {'dModel': 94, 'heads': 6, 'output': 39, 'layers': 4, 'dropout': 0.26548327655995846, 'lr': 0.0002194572169418924, 'weightDecay': 0.00022918436676260489, 'maskRate': 0.13262166571664294, 'ntXentTemp': 0.29668187419597913, 'batchSize': 10}. Best is trial 17 with value: 0.20082515478134155.
[I 2026-07-20 23:20:04,421] Trial 23 pruned. 
[I 2026-07-20 23:22:24,859] Trial 24 pruned. 
best valLoss=0.200825 -> /Users/evangeline.bangsil/localwork/UTD-PROJECT/fm-subtype-discovery/data/tune/bestParams.json
{'dModel': 101, 'heads': 3, 'output': 38, 'layers': 4, 'dropout': 0.25987908969348167, 'lr': 0.002661648403864737, 'weightDecay': 0.0003227263360525811, 'maskRate': 0.08328197948953733, 'ntXentTemp': 0.20252387712930675, 'batchSize': 10}
