/Users/evangeline.bangsil/localwork/UTD-PROJECT/fm-subtype-discovery/experiments/ds002748_mdd/dataset_mdd.py:68: FutureWarning: The default strategy for standardize is currently 'zscore' which incorrectly uses population std to calculate sample zscores. The new strategy 'zscore_sample' corrects this behavior by using the sample std. In release 0.14.0, the default strategy will be replaced by the new strategy, the 'zscore' option will be removed. and using standardize=True will fall back to 'zscore_sample'.To avoid this warning, please use 'zscore_sample' instead.
  r=lw.fit_transform([ts])[0]
/Users/evangeline.bangsil/localwork/UTD-PROJECT/fm-subtype-discovery/experiments/ds002748_mdd/dataset_mdd.py:69: RuntimeWarning: divide by zero encountered in arctanh
  z=np.arctanh(r)
/Users/evangeline.bangsil/localwork/UTD-PROJECT/fm-subtype-discovery/experiments/ds002748_mdd/dataset_mdd.py:68: FutureWarning: The default strategy for standardize is currently 'zscore' which incorrectly uses population std to calculate sample zscores. The new strategy 'zscore_sample' corrects this behavior by using the sample std. In release 0.14.0, the default strategy will be replaced by the new strategy, the 'zscore' option will be removed. and using standardize=True will fall back to 'zscore_sample'.To avoid this warning, please use 'zscore_sample' instead.
  r=lw.fit_transform([ts])[0]
/Users/evangeline.bangsil/localwork/UTD-PROJECT/fm-subtype-discovery/experiments/ds002748_mdd/dataset_mdd.py:69: RuntimeWarning: divide by zero encountered in arctanh
  z=np.arctanh(r)
/Users/evangeline.bangsil/localwork/UTD-PROJECT/fm-subtype-discovery/experiments/ds002748_mdd/dataset_mdd.py:68: FutureWarning: The default strategy for standardize is currently 'zscore' which incorrectly uses population std to calculate sample zscores. The new strategy 'zscore_sample' corrects this behavior by using the sample std. In release 0.14.0, the default strategy will be replaced by the new strategy, the 'zscore' option will be removed. and using standardize=True will fall back to 'zscore_sample'.To avoid this warning, please use 'zscore_sample' instead.
  r=lw.fit_transform([ts])[0]
/Users/evangeline.bangsil/localwork/UTD-PROJECT/fm-subtype-discovery/experiments/ds002748_mdd/dataset_mdd.py:69: RuntimeWarning: divide by zero encountered in arctanh
  z=np.arctanh(r)
/Users/evangeline.bangsil/localwork/UTD-PROJECT/fm-subtype-discovery/experiments/ds002748_mdd/dataset_mdd.py:68: FutureWarning: The default strategy for standardize is currently 'zscore' which incorrectly uses population std to calculate sample zscores. The new strategy 'zscore_sample' corrects this behavior by using the sample std. In release 0.14.0, the default strategy will be replaced by the new strategy, the 'zscore' option will be removed. and using standardize=True will fall back to 'zscore_sample'.To avoid this warning, please use 'zscore_sample' instead.
  r=lw.fit_transform([ts])[0]
/Users/evangeline.bangsil/localwork/UTD-PROJECT/fm-subtype-discovery/experiments/ds002748_mdd/dataset_mdd.py:69: RuntimeWarning: divide by zero encountered in arctanh
  z=np.arctanh(r)
/Users/evangeline.bangsil/localwork/UTD-PROJECT/fm-subtype-discovery/experiments/ds002748_mdd/dataset_mdd.py:68: FutureWarning: The default strategy for standardize is currently 'zscore' which incorrectly uses population std to calculate sample zscores. The new strategy 'zscore_sample' corrects this behavior by using the sample std. In release 0.14.0, the default strategy will be replaced by the new strategy, the 'zscore' option will be removed. and using standardize=True will fall back to 'zscore_sample'.To avoid this warning, please use 'zscore_sample' instead.
  r=lw.fit_transform([ts])[0]
/Users/evangeline.bangsil/localwork/UTD-PROJECT/fm-subtype-discovery/experiments/ds002748_mdd/dataset_mdd.py:69: RuntimeWarning: divide by zero encountered in arctanh
  z=np.arctanh(r)
/Users/evangeline.bangsil/localwork/UTD-PROJECT/fm-subtype-discovery/experiments/ds002748_mdd/dataset_mdd.py:68: FutureWarning: The default strategy for standardize is currently 'zscore' which incorrectly uses population std to calculate sample zscores. The new strategy 'zscore_sample' corrects this behavior by using the sample std. In release 0.14.0, the default strategy will be replaced by the new strategy, the 'zscore' option will be removed. and using standardize=True will fall back to 'zscore_sample'.To avoid this warning, please use 'zscore_sample' instead.
  r=lw.fit_transform([ts])[0]
/Users/evangeline.bangsil/localwork/UTD-PROJECT/fm-subtype-discovery/experiments/ds002748_mdd/dataset_mdd.py:69: RuntimeWarning: divide by zero encountered in arctanh
  z=np.arctanh(r)
/Users/evangeline.bangsil/localwork/UTD-PROJECT/fm-subtype-discovery/experiments/ds002748_mdd/dataset_mdd.py:68: FutureWarning: The default strategy for standardize is currently 'zscore' which incorrectly uses population std to calculate sample zscores. The new strategy 'zscore_sample' corrects this behavior by using the sample std. In release 0.14.0, the default strategy will be replaced by the new strategy, the 'zscore' option will be removed. and using standardize=True will fall back to 'zscore_sample'.To avoid this warning, please use 'zscore_sample' instead.
  r=lw.fit_transform([ts])[0]
/Users/evangeline.bangsil/localwork/UTD-PROJECT/fm-subtype-discovery/experiments/ds002748_mdd/dataset_mdd.py:69: RuntimeWarning: divide by zero encountered in arctanh
  z=np.arctanh(r)
/Users/evangeline.bangsil/localwork/UTD-PROJECT/fm-subtype-discovery/experiments/ds002748_mdd/dataset_mdd.py:68: FutureWarning: The default strategy for standardize is currently 'zscore' which incorrectly uses population std to calculate sample zscores. The new strategy 'zscore_sample' corrects this behavior by using the sample std. In release 0.14.0, the default strategy will be replaced by the new strategy, the 'zscore' option will be removed. and using standardize=True will fall back to 'zscore_sample'.To avoid this warning, please use 'zscore_sample' instead.
  r=lw.fit_transform([ts])[0]
/Users/evangeline.bangsil/localwork/UTD-PROJECT/fm-subtype-discovery/experiments/ds002748_mdd/dataset_mdd.py:69: RuntimeWarning: divide by zero encountered in arctanh
  z=np.arctanh(r)
/Users/evangeline.bangsil/localwork/UTD-PROJECT/fm-subtype-discovery/experiments/ds002748_mdd/dataset_mdd.py:68: FutureWarning: The default strategy for standardize is currently 'zscore' which incorrectly uses population std to calculate sample zscores. The new strategy 'zscore_sample' corrects this behavior by using the sample std. In release 0.14.0, the default strategy will be replaced by the new strategy, the 'zscore' option will be removed. and using standardize=True will fall back to 'zscore_sample'.To avoid this warning, please use 'zscore_sample' instead.
  r=lw.fit_transform([ts])[0]
/Users/evangeline.bangsil/localwork/UTD-PROJECT/fm-subtype-discovery/experiments/ds002748_mdd/dataset_mdd.py:69: RuntimeWarning: divide by zero encountered in arctanh
  z=np.arctanh(r)
/Users/evangeline.bangsil/localwork/UTD-PROJECT/fm-subtype-discovery/experiments/ds002748_mdd/dataset_mdd.py:68: FutureWarning: The default strategy for standardize is currently 'zscore' which incorrectly uses population std to calculate sample zscores. The new strategy 'zscore_sample' corrects this behavior by using the sample std. In release 0.14.0, the default strategy will be replaced by the new strategy, the 'zscore' option will be removed. and using standardize=True will fall back to 'zscore_sample'.To avoid this warning, please use 'zscore_sample' instead.
  r=lw.fit_transform([ts])[0]
/Users/evangeline.bangsil/localwork/UTD-PROJECT/fm-subtype-discovery/experiments/ds002748_mdd/dataset_mdd.py:69: RuntimeWarning: divide by zero encountered in arctanh
  z=np.arctanh(r)
/Users/evangeline.bangsil/localwork/UTD-PROJECT/fm-subtype-discovery/experiments/ds002748_mdd/dataset_mdd.py:68: FutureWarning: The default strategy for standardize is currently 'zscore' which incorrectly uses population std to calculate sample zscores. The new strategy 'zscore_sample' corrects this behavior by using the sample std. In release 0.14.0, the default strategy will be replaced by the new strategy, the 'zscore' option will be removed. and using standardize=True will fall back to 'zscore_sample'.To avoid this warning, please use 'zscore_sample' instead.
  r=lw.fit_transform([ts])[0]
/Users/evangeline.bangsil/localwork/UTD-PROJECT/fm-subtype-discovery/experiments/ds002748_mdd/dataset_mdd.py:69: RuntimeWarning: divide by zero encountered in arctanh
  z=np.arctanh(r)
/Users/evangeline.bangsil/localwork/UTD-PROJECT/fm-subtype-discovery/experiments/ds002748_mdd/dataset_mdd.py:68: FutureWarning: The default strategy for standardize is currently 'zscore' which incorrectly uses population std to calculate sample zscores. The new strategy 'zscore_sample' corrects this behavior by using the sample std. In release 0.14.0, the default strategy will be replaced by the new strategy, the 'zscore' option will be removed. and using standardize=True will fall back to 'zscore_sample'.To avoid this warning, please use 'zscore_sample' instead.
  r=lw.fit_transform([ts])[0]
/Users/evangeline.bangsil/localwork/UTD-PROJECT/fm-subtype-discovery/experiments/ds002748_mdd/dataset_mdd.py:69: RuntimeWarning: divide by zero encountered in arctanh
  z=np.arctanh(r)
/Users/evangeline.bangsil/localwork/UTD-PROJECT/fm-subtype-discovery/experiments/ds002748_mdd/dataset_mdd.py:68: FutureWarning: The default strategy for standardize is currently 'zscore' which incorrectly uses population std to calculate sample zscores. The new strategy 'zscore_sample' corrects this behavior by using the sample std. In release 0.14.0, the default strategy will be replaced by the new strategy, the 'zscore' option will be removed. and using standardize=True will fall back to 'zscore_sample'.To avoid this warning, please use 'zscore_sample' instead.
  r=lw.fit_transform([ts])[0]
/Users/evangeline.bangsil/localwork/UTD-PROJECT/fm-subtype-discovery/experiments/ds002748_mdd/dataset_mdd.py:69: RuntimeWarning: divide by zero encountered in arctanh
  z=np.arctanh(r)
/Users/evangeline.bangsil/localwork/UTD-PROJECT/fm-subtype-discovery/experiments/ds002748_mdd/dataset_mdd.py:68: FutureWarning: The default strategy for standardize is currently 'zscore' which incorrectly uses population std to calculate sample zscores. The new strategy 'zscore_sample' corrects this behavior by using the sample std. In release 0.14.0, the default strategy will be replaced by the new strategy, the 'zscore' option will be removed. and using standardize=True will fall back to 'zscore_sample'.To avoid this warning, please use 'zscore_sample' instead.
  r=lw.fit_transform([ts])[0]
/Users/evangeline.bangsil/localwork/UTD-PROJECT/fm-subtype-discovery/experiments/ds002748_mdd/dataset_mdd.py:69: RuntimeWarning: divide by zero encountered in arctanh
  z=np.arctanh(r)
/Users/evangeline.bangsil/localwork/UTD-PROJECT/fm-subtype-discovery/experiments/ds002748_mdd/dataset_mdd.py:68: FutureWarning: The default strategy for standardize is currently 'zscore' which incorrectly uses population std to calculate sample zscores. The new strategy 'zscore_sample' corrects this behavior by using the sample std. In release 0.14.0, the default strategy will be replaced by the new strategy, the 'zscore' option will be removed. and using standardize=True will fall back to 'zscore_sample'.To avoid this warning, please use 'zscore_sample' instead.
  r=lw.fit_transform([ts])[0]
/Users/evangeline.bangsil/localwork/UTD-PROJECT/fm-subtype-discovery/experiments/ds002748_mdd/dataset_mdd.py:69: RuntimeWarning: divide by zero encountered in arctanh
  z=np.arctanh(r)
/Users/evangeline.bangsil/localwork/UTD-PROJECT/fm-subtype-discovery/experiments/ds002748_mdd/dataset_mdd.py:68: FutureWarning: The default strategy for standardize is currently 'zscore' which incorrectly uses population std to calculate sample zscores. The new strategy 'zscore_sample' corrects this behavior by using the sample std. In release 0.14.0, the default strategy will be replaced by the new strategy, the 'zscore' option will be removed. and using standardize=True will fall back to 'zscore_sample'.To avoid this warning, please use 'zscore_sample' instead.
  r=lw.fit_transform([ts])[0]
/Users/evangeline.bangsil/localwork/UTD-PROJECT/fm-subtype-discovery/experiments/ds002748_mdd/dataset_mdd.py:69: RuntimeWarning: divide by zero encountered in arctanh
  z=np.arctanh(r)
/Users/evangeline.bangsil/localwork/UTD-PROJECT/fm-subtype-discovery/experiments/ds002748_mdd/dataset_mdd.py:68: FutureWarning: The default strategy for standardize is currently 'zscore' which incorrectly uses population std to calculate sample zscores. The new strategy 'zscore_sample' corrects this behavior by using the sample std. In release 0.14.0, the default strategy will be replaced by the new strategy, the 'zscore' option will be removed. and using standardize=True will fall back to 'zscore_sample'.To avoid this warning, please use 'zscore_sample' instead.
  r=lw.fit_transform([ts])[0]
/Users/evangeline.bangsil/localwork/UTD-PROJECT/fm-subtype-discovery/experiments/ds002748_mdd/dataset_mdd.py:69: RuntimeWarning: divide by zero encountered in arctanh
  z=np.arctanh(r)
/Users/evangeline.bangsil/localwork/UTD-PROJECT/fm-subtype-discovery/experiments/ds002748_mdd/dataset_mdd.py:68: FutureWarning: The default strategy for standardize is currently 'zscore' which incorrectly uses population std to calculate sample zscores. The new strategy 'zscore_sample' corrects this behavior by using the sample std. In release 0.14.0, the default strategy will be replaced by the new strategy, the 'zscore' option will be removed. and using standardize=True will fall back to 'zscore_sample'.To avoid this warning, please use 'zscore_sample' instead.
  r=lw.fit_transform([ts])[0]
/Users/evangeline.bangsil/localwork/UTD-PROJECT/fm-subtype-discovery/experiments/ds002748_mdd/dataset_mdd.py:69: RuntimeWarning: divide by zero encountered in arctanh
  z=np.arctanh(r)
/Users/evangeline.bangsil/localwork/UTD-PROJECT/fm-subtype-discovery/experiments/ds002748_mdd/dataset_mdd.py:68: FutureWarning: The default strategy for standardize is currently 'zscore' which incorrectly uses population std to calculate sample zscores. The new strategy 'zscore_sample' corrects this behavior by using the sample std. In release 0.14.0, the default strategy will be replaced by the new strategy, the 'zscore' option will be removed. and using standardize=True will fall back to 'zscore_sample'.To avoid this warning, please use 'zscore_sample' instead.
  r=lw.fit_transform([ts])[0]
/Users/evangeline.bangsil/localwork/UTD-PROJECT/fm-subtype-discovery/experiments/ds002748_mdd/dataset_mdd.py:69: RuntimeWarning: divide by zero encountered in arctanh
  z=np.arctanh(r)
/Users/evangeline.bangsil/localwork/UTD-PROJECT/fm-subtype-discovery/experiments/ds002748_mdd/dataset_mdd.py:68: FutureWarning: The default strategy for standardize is currently 'zscore' which incorrectly uses population std to calculate sample zscores. The new strategy 'zscore_sample' corrects this behavior by using the sample std. In release 0.14.0, the default strategy will be replaced by the new strategy, the 'zscore' option will be removed. and using standardize=True will fall back to 'zscore_sample'.To avoid this warning, please use 'zscore_sample' instead.
  r=lw.fit_transform([ts])[0]
/Users/evangeline.bangsil/localwork/UTD-PROJECT/fm-subtype-discovery/experiments/ds002748_mdd/dataset_mdd.py:69: RuntimeWarning: divide by zero encountered in arctanh
  z=np.arctanh(r)
/Users/evangeline.bangsil/localwork/UTD-PROJECT/fm-subtype-discovery/experiments/ds002748_mdd/dataset_mdd.py:68: FutureWarning: The default strategy for standardize is currently 'zscore' which incorrectly uses population std to calculate sample zscores. The new strategy 'zscore_sample' corrects this behavior by using the sample std. In release 0.14.0, the default strategy will be replaced by the new strategy, the 'zscore' option will be removed. and using standardize=True will fall back to 'zscore_sample'.To avoid this warning, please use 'zscore_sample' instead.
  r=lw.fit_transform([ts])[0]
/Users/evangeline.bangsil/localwork/UTD-PROJECT/fm-subtype-discovery/experiments/ds002748_mdd/dataset_mdd.py:69: RuntimeWarning: divide by zero encountered in arctanh
  z=np.arctanh(r)
/Users/evangeline.bangsil/localwork/UTD-PROJECT/fm-subtype-discovery/experiments/ds002748_mdd/dataset_mdd.py:68: FutureWarning: The default strategy for standardize is currently 'zscore' which incorrectly uses population std to calculate sample zscores. The new strategy 'zscore_sample' corrects this behavior by using the sample std. In release 0.14.0, the default strategy will be replaced by the new strategy, the 'zscore' option will be removed. and using standardize=True will fall back to 'zscore_sample'.To avoid this warning, please use 'zscore_sample' instead.
  r=lw.fit_transform([ts])[0]
/Users/evangeline.bangsil/localwork/UTD-PROJECT/fm-subtype-discovery/experiments/ds002748_mdd/dataset_mdd.py:69: RuntimeWarning: divide by zero encountered in arctanh
  z=np.arctanh(r)
/Users/evangeline.bangsil/localwork/UTD-PROJECT/fm-subtype-discovery/experiments/ds002748_mdd/dataset_mdd.py:68: FutureWarning: The default strategy for standardize is currently 'zscore' which incorrectly uses population std to calculate sample zscores. The new strategy 'zscore_sample' corrects this behavior by using the sample std. In release 0.14.0, the default strategy will be replaced by the new strategy, the 'zscore' option will be removed. and using standardize=True will fall back to 'zscore_sample'.To avoid this warning, please use 'zscore_sample' instead.
  r=lw.fit_transform([ts])[0]
/Users/evangeline.bangsil/localwork/UTD-PROJECT/fm-subtype-discovery/experiments/ds002748_mdd/dataset_mdd.py:69: RuntimeWarning: divide by zero encountered in arctanh
  z=np.arctanh(r)
/Users/evangeline.bangsil/localwork/UTD-PROJECT/fm-subtype-discovery/experiments/ds002748_mdd/dataset_mdd.py:68: FutureWarning: The default strategy for standardize is currently 'zscore' which incorrectly uses population std to calculate sample zscores. The new strategy 'zscore_sample' corrects this behavior by using the sample std. In release 0.14.0, the default strategy will be replaced by the new strategy, the 'zscore' option will be removed. and using standardize=True will fall back to 'zscore_sample'.To avoid this warning, please use 'zscore_sample' instead.
  r=lw.fit_transform([ts])[0]
/Users/evangeline.bangsil/localwork/UTD-PROJECT/fm-subtype-discovery/experiments/ds002748_mdd/dataset_mdd.py:69: RuntimeWarning: divide by zero encountered in arctanh
  z=np.arctanh(r)
/Users/evangeline.bangsil/localwork/UTD-PROJECT/fm-subtype-discovery/experiments/ds002748_mdd/dataset_mdd.py:68: FutureWarning: The default strategy for standardize is currently 'zscore' which incorrectly uses population std to calculate sample zscores. The new strategy 'zscore_sample' corrects this behavior by using the sample std. In release 0.14.0, the default strategy will be replaced by the new strategy, the 'zscore' option will be removed. and using standardize=True will fall back to 'zscore_sample'.To avoid this warning, please use 'zscore_sample' instead.
  r=lw.fit_transform([ts])[0]
/Users/evangeline.bangsil/localwork/UTD-PROJECT/fm-subtype-discovery/experiments/ds002748_mdd/dataset_mdd.py:69: RuntimeWarning: divide by zero encountered in arctanh
  z=np.arctanh(r)
/Users/evangeline.bangsil/localwork/UTD-PROJECT/fm-subtype-discovery/experiments/ds002748_mdd/dataset_mdd.py:68: FutureWarning: The default strategy for standardize is currently 'zscore' which incorrectly uses population std to calculate sample zscores. The new strategy 'zscore_sample' corrects this behavior by using the sample std. In release 0.14.0, the default strategy will be replaced by the new strategy, the 'zscore' option will be removed. and using standardize=True will fall back to 'zscore_sample'.To avoid this warning, please use 'zscore_sample' instead.
  r=lw.fit_transform([ts])[0]
/Users/evangeline.bangsil/localwork/UTD-PROJECT/fm-subtype-discovery/experiments/ds002748_mdd/dataset_mdd.py:69: RuntimeWarning: divide by zero encountered in arctanh
  z=np.arctanh(r)
/Users/evangeline.bangsil/localwork/UTD-PROJECT/fm-subtype-discovery/experiments/ds002748_mdd/dataset_mdd.py:68: FutureWarning: The default strategy for standardize is currently 'zscore' which incorrectly uses population std to calculate sample zscores. The new strategy 'zscore_sample' corrects this behavior by using the sample std. In release 0.14.0, the default strategy will be replaced by the new strategy, the 'zscore' option will be removed. and using standardize=True will fall back to 'zscore_sample'.To avoid this warning, please use 'zscore_sample' instead.
  r=lw.fit_transform([ts])[0]
/Users/evangeline.bangsil/localwork/UTD-PROJECT/fm-subtype-discovery/experiments/ds002748_mdd/dataset_mdd.py:69: RuntimeWarning: divide by zero encountered in arctanh
  z=np.arctanh(r)
/Users/evangeline.bangsil/localwork/UTD-PROJECT/fm-subtype-discovery/experiments/ds002748_mdd/dataset_mdd.py:68: FutureWarning: The default strategy for standardize is currently 'zscore' which incorrectly uses population std to calculate sample zscores. The new strategy 'zscore_sample' corrects this behavior by using the sample std. In release 0.14.0, the default strategy will be replaced by the new strategy, the 'zscore' option will be removed. and using standardize=True will fall back to 'zscore_sample'.To avoid this warning, please use 'zscore_sample' instead.
  r=lw.fit_transform([ts])[0]
/Users/evangeline.bangsil/localwork/UTD-PROJECT/fm-subtype-discovery/experiments/ds002748_mdd/dataset_mdd.py:69: RuntimeWarning: divide by zero encountered in arctanh
  z=np.arctanh(r)
/Users/evangeline.bangsil/localwork/UTD-PROJECT/fm-subtype-discovery/experiments/ds002748_mdd/dataset_mdd.py:68: FutureWarning: The default strategy for standardize is currently 'zscore' which incorrectly uses population std to calculate sample zscores. The new strategy 'zscore_sample' corrects this behavior by using the sample std. In release 0.14.0, the default strategy will be replaced by the new strategy, the 'zscore' option will be removed. and using standardize=True will fall back to 'zscore_sample'.To avoid this warning, please use 'zscore_sample' instead.
  r=lw.fit_transform([ts])[0]
/Users/evangeline.bangsil/localwork/UTD-PROJECT/fm-subtype-discovery/experiments/ds002748_mdd/dataset_mdd.py:69: RuntimeWarning: divide by zero encountered in arctanh
  z=np.arctanh(r)
/Users/evangeline.bangsil/localwork/UTD-PROJECT/fm-subtype-discovery/experiments/ds002748_mdd/dataset_mdd.py:68: FutureWarning: The default strategy for standardize is currently 'zscore' which incorrectly uses population std to calculate sample zscores. The new strategy 'zscore_sample' corrects this behavior by using the sample std. In release 0.14.0, the default strategy will be replaced by the new strategy, the 'zscore' option will be removed. and using standardize=True will fall back to 'zscore_sample'.To avoid this warning, please use 'zscore_sample' instead.
  r=lw.fit_transform([ts])[0]
/Users/evangeline.bangsil/localwork/UTD-PROJECT/fm-subtype-discovery/experiments/ds002748_mdd/dataset_mdd.py:69: RuntimeWarning: divide by zero encountered in arctanh
  z=np.arctanh(r)
/Users/evangeline.bangsil/localwork/UTD-PROJECT/fm-subtype-discovery/experiments/ds002748_mdd/dataset_mdd.py:68: FutureWarning: The default strategy for standardize is currently 'zscore' which incorrectly uses population std to calculate sample zscores. The new strategy 'zscore_sample' corrects this behavior by using the sample std. In release 0.14.0, the default strategy will be replaced by the new strategy, the 'zscore' option will be removed. and using standardize=True will fall back to 'zscore_sample'.To avoid this warning, please use 'zscore_sample' instead.
  r=lw.fit_transform([ts])[0]
/Users/evangeline.bangsil/localwork/UTD-PROJECT/fm-subtype-discovery/experiments/ds002748_mdd/dataset_mdd.py:69: RuntimeWarning: divide by zero encountered in arctanh
  z=np.arctanh(r)
/Users/evangeline.bangsil/localwork/UTD-PROJECT/fm-subtype-discovery/experiments/ds002748_mdd/dataset_mdd.py:68: FutureWarning: The default strategy for standardize is currently 'zscore' which incorrectly uses population std to calculate sample zscores. The new strategy 'zscore_sample' corrects this behavior by using the sample std. In release 0.14.0, the default strategy will be replaced by the new strategy, the 'zscore' option will be removed. and using standardize=True will fall back to 'zscore_sample'.To avoid this warning, please use 'zscore_sample' instead.
  r=lw.fit_transform([ts])[0]
/Users/evangeline.bangsil/localwork/UTD-PROJECT/fm-subtype-discovery/experiments/ds002748_mdd/dataset_mdd.py:69: RuntimeWarning: divide by zero encountered in arctanh
  z=np.arctanh(r)
/Users/evangeline.bangsil/localwork/UTD-PROJECT/fm-subtype-discovery/experiments/ds002748_mdd/dataset_mdd.py:68: FutureWarning: The default strategy for standardize is currently 'zscore' which incorrectly uses population std to calculate sample zscores. The new strategy 'zscore_sample' corrects this behavior by using the sample std. In release 0.14.0, the default strategy will be replaced by the new strategy, the 'zscore' option will be removed. and using standardize=True will fall back to 'zscore_sample'.To avoid this warning, please use 'zscore_sample' instead.
  r=lw.fit_transform([ts])[0]
/Users/evangeline.bangsil/localwork/UTD-PROJECT/fm-subtype-discovery/experiments/ds002748_mdd/dataset_mdd.py:69: RuntimeWarning: divide by zero encountered in arctanh
  z=np.arctanh(r)
/Users/evangeline.bangsil/localwork/UTD-PROJECT/fm-subtype-discovery/experiments/ds002748_mdd/dataset_mdd.py:68: FutureWarning: The default strategy for standardize is currently 'zscore' which incorrectly uses population std to calculate sample zscores. The new strategy 'zscore_sample' corrects this behavior by using the sample std. In release 0.14.0, the default strategy will be replaced by the new strategy, the 'zscore' option will be removed. and using standardize=True will fall back to 'zscore_sample'.To avoid this warning, please use 'zscore_sample' instead.
  r=lw.fit_transform([ts])[0]
/Users/evangeline.bangsil/localwork/UTD-PROJECT/fm-subtype-discovery/experiments/ds002748_mdd/dataset_mdd.py:69: RuntimeWarning: divide by zero encountered in arctanh
  z=np.arctanh(r)
/Users/evangeline.bangsil/localwork/UTD-PROJECT/fm-subtype-discovery/experiments/ds002748_mdd/dataset_mdd.py:68: FutureWarning: The default strategy for standardize is currently 'zscore' which incorrectly uses population std to calculate sample zscores. The new strategy 'zscore_sample' corrects this behavior by using the sample std. In release 0.14.0, the default strategy will be replaced by the new strategy, the 'zscore' option will be removed. and using standardize=True will fall back to 'zscore_sample'.To avoid this warning, please use 'zscore_sample' instead.
  r=lw.fit_transform([ts])[0]
/Users/evangeline.bangsil/localwork/UTD-PROJECT/fm-subtype-discovery/experiments/ds002748_mdd/dataset_mdd.py:69: RuntimeWarning: divide by zero encountered in arctanh
  z=np.arctanh(r)
/Users/evangeline.bangsil/localwork/UTD-PROJECT/fm-subtype-discovery/experiments/ds002748_mdd/dataset_mdd.py:68: FutureWarning: The default strategy for standardize is currently 'zscore' which incorrectly uses population std to calculate sample zscores. The new strategy 'zscore_sample' corrects this behavior by using the sample std. In release 0.14.0, the default strategy will be replaced by the new strategy, the 'zscore' option will be removed. and using standardize=True will fall back to 'zscore_sample'.To avoid this warning, please use 'zscore_sample' instead.
  r=lw.fit_transform([ts])[0]
/Users/evangeline.bangsil/localwork/UTD-PROJECT/fm-subtype-discovery/experiments/ds002748_mdd/dataset_mdd.py:69: RuntimeWarning: divide by zero encountered in arctanh
  z=np.arctanh(r)
/Users/evangeline.bangsil/localwork/UTD-PROJECT/fm-subtype-discovery/experiments/ds002748_mdd/dataset_mdd.py:68: FutureWarning: The default strategy for standardize is currently 'zscore' which incorrectly uses population std to calculate sample zscores. The new strategy 'zscore_sample' corrects this behavior by using the sample std. In release 0.14.0, the default strategy will be replaced by the new strategy, the 'zscore' option will be removed. and using standardize=True will fall back to 'zscore_sample'.To avoid this warning, please use 'zscore_sample' instead.
  r=lw.fit_transform([ts])[0]
/Users/evangeline.bangsil/localwork/UTD-PROJECT/fm-subtype-discovery/experiments/ds002748_mdd/dataset_mdd.py:69: RuntimeWarning: divide by zero encountered in arctanh
  z=np.arctanh(r)
/Users/evangeline.bangsil/localwork/UTD-PROJECT/fm-subtype-discovery/experiments/ds002748_mdd/dataset_mdd.py:68: FutureWarning: The default strategy for standardize is currently 'zscore' which incorrectly uses population std to calculate sample zscores. The new strategy 'zscore_sample' corrects this behavior by using the sample std. In release 0.14.0, the default strategy will be replaced by the new strategy, the 'zscore' option will be removed. and using standardize=True will fall back to 'zscore_sample'.To avoid this warning, please use 'zscore_sample' instead.
  r=lw.fit_transform([ts])[0]
/Users/evangeline.bangsil/localwork/UTD-PROJECT/fm-subtype-discovery/experiments/ds002748_mdd/dataset_mdd.py:69: RuntimeWarning: divide by zero encountered in arctanh
  z=np.arctanh(r)
/Users/evangeline.bangsil/localwork/UTD-PROJECT/fm-subtype-discovery/experiments/ds002748_mdd/dataset_mdd.py:68: FutureWarning: The default strategy for standardize is currently 'zscore' which incorrectly uses population std to calculate sample zscores. The new strategy 'zscore_sample' corrects this behavior by using the sample std. In release 0.14.0, the default strategy will be replaced by the new strategy, the 'zscore' option will be removed. and using standardize=True will fall back to 'zscore_sample'.To avoid this warning, please use 'zscore_sample' instead.
  r=lw.fit_transform([ts])[0]
/Users/evangeline.bangsil/localwork/UTD-PROJECT/fm-subtype-discovery/experiments/ds002748_mdd/dataset_mdd.py:69: RuntimeWarning: divide by zero encountered in arctanh
  z=np.arctanh(r)
/Users/evangeline.bangsil/localwork/UTD-PROJECT/fm-subtype-discovery/experiments/ds002748_mdd/dataset_mdd.py:68: FutureWarning: The default strategy for standardize is currently 'zscore' which incorrectly uses population std to calculate sample zscores. The new strategy 'zscore_sample' corrects this behavior by using the sample std. In release 0.14.0, the default strategy will be replaced by the new strategy, the 'zscore' option will be removed. and using standardize=True will fall back to 'zscore_sample'.To avoid this warning, please use 'zscore_sample' instead.
  r=lw.fit_transform([ts])[0]
/Users/evangeline.bangsil/localwork/UTD-PROJECT/fm-subtype-discovery/experiments/ds002748_mdd/dataset_mdd.py:69: RuntimeWarning: divide by zero encountered in arctanh
  z=np.arctanh(r)
/Users/evangeline.bangsil/localwork/UTD-PROJECT/fm-subtype-discovery/experiments/ds002748_mdd/dataset_mdd.py:68: FutureWarning: The default strategy for standardize is currently 'zscore' which incorrectly uses population std to calculate sample zscores. The new strategy 'zscore_sample' corrects this behavior by using the sample std. In release 0.14.0, the default strategy will be replaced by the new strategy, the 'zscore' option will be removed. and using standardize=True will fall back to 'zscore_sample'.To avoid this warning, please use 'zscore_sample' instead.
  r=lw.fit_transform([ts])[0]
/Users/evangeline.bangsil/localwork/UTD-PROJECT/fm-subtype-discovery/experiments/ds002748_mdd/dataset_mdd.py:69: RuntimeWarning: divide by zero encountered in arctanh
  z=np.arctanh(r)
/Users/evangeline.bangsil/localwork/UTD-PROJECT/fm-subtype-discovery/experiments/ds002748_mdd/dataset_mdd.py:68: FutureWarning: The default strategy for standardize is currently 'zscore' which incorrectly uses population std to calculate sample zscores. The new strategy 'zscore_sample' corrects this behavior by using the sample std. In release 0.14.0, the default strategy will be replaced by the new strategy, the 'zscore' option will be removed. and using standardize=True will fall back to 'zscore_sample'.To avoid this warning, please use 'zscore_sample' instead.
  r=lw.fit_transform([ts])[0]
/Users/evangeline.bangsil/localwork/UTD-PROJECT/fm-subtype-discovery/experiments/ds002748_mdd/dataset_mdd.py:69: RuntimeWarning: divide by zero encountered in arctanh
  z=np.arctanh(r)
/Users/evangeline.bangsil/localwork/UTD-PROJECT/fm-subtype-discovery/experiments/ds002748_mdd/dataset_mdd.py:68: FutureWarning: The default strategy for standardize is currently 'zscore' which incorrectly uses population std to calculate sample zscores. The new strategy 'zscore_sample' corrects this behavior by using the sample std. In release 0.14.0, the default strategy will be replaced by the new strategy, the 'zscore' option will be removed. and using standardize=True will fall back to 'zscore_sample'.To avoid this warning, please use 'zscore_sample' instead.
  r=lw.fit_transform([ts])[0]
/Users/evangeline.bangsil/localwork/UTD-PROJECT/fm-subtype-discovery/experiments/ds002748_mdd/dataset_mdd.py:69: RuntimeWarning: divide by zero encountered in arctanh
  z=np.arctanh(r)
/Users/evangeline.bangsil/localwork/UTD-PROJECT/fm-subtype-discovery/experiments/ds002748_mdd/dataset_mdd.py:68: FutureWarning: The default strategy for standardize is currently 'zscore' which incorrectly uses population std to calculate sample zscores. The new strategy 'zscore_sample' corrects this behavior by using the sample std. In release 0.14.0, the default strategy will be replaced by the new strategy, the 'zscore' option will be removed. and using standardize=True will fall back to 'zscore_sample'.To avoid this warning, please use 'zscore_sample' instead.
  r=lw.fit_transform([ts])[0]
/Users/evangeline.bangsil/localwork/UTD-PROJECT/fm-subtype-discovery/experiments/ds002748_mdd/dataset_mdd.py:69: RuntimeWarning: divide by zero encountered in arctanh
  z=np.arctanh(r)
/Users/evangeline.bangsil/localwork/UTD-PROJECT/fm-subtype-discovery/experiments/ds002748_mdd/dataset_mdd.py:68: FutureWarning: The default strategy for standardize is currently 'zscore' which incorrectly uses population std to calculate sample zscores. The new strategy 'zscore_sample' corrects this behavior by using the sample std. In release 0.14.0, the default strategy will be replaced by the new strategy, the 'zscore' option will be removed. and using standardize=True will fall back to 'zscore_sample'.To avoid this warning, please use 'zscore_sample' instead.
  r=lw.fit_transform([ts])[0]
/Users/evangeline.bangsil/localwork/UTD-PROJECT/fm-subtype-discovery/experiments/ds002748_mdd/dataset_mdd.py:69: RuntimeWarning: divide by zero encountered in arctanh
  z=np.arctanh(r)
/Users/evangeline.bangsil/localwork/UTD-PROJECT/fm-subtype-discovery/experiments/ds002748_mdd/dataset_mdd.py:68: FutureWarning: The default strategy for standardize is currently 'zscore' which incorrectly uses population std to calculate sample zscores. The new strategy 'zscore_sample' corrects this behavior by using the sample std. In release 0.14.0, the default strategy will be replaced by the new strategy, the 'zscore' option will be removed. and using standardize=True will fall back to 'zscore_sample'.To avoid this warning, please use 'zscore_sample' instead.
  r=lw.fit_transform([ts])[0]
/Users/evangeline.bangsil/localwork/UTD-PROJECT/fm-subtype-discovery/experiments/ds002748_mdd/dataset_mdd.py:69: RuntimeWarning: divide by zero encountered in arctanh
  z=np.arctanh(r)
/Users/evangeline.bangsil/localwork/UTD-PROJECT/fm-subtype-discovery/experiments/ds002748_mdd/dataset_mdd.py:68: FutureWarning: The default strategy for standardize is currently 'zscore' which incorrectly uses population std to calculate sample zscores. The new strategy 'zscore_sample' corrects this behavior by using the sample std. In release 0.14.0, the default strategy will be replaced by the new strategy, the 'zscore' option will be removed. and using standardize=True will fall back to 'zscore_sample'.To avoid this warning, please use 'zscore_sample' instead.
  r=lw.fit_transform([ts])[0]
/Users/evangeline.bangsil/localwork/UTD-PROJECT/fm-subtype-discovery/experiments/ds002748_mdd/dataset_mdd.py:69: RuntimeWarning: divide by zero encountered in arctanh
  z=np.arctanh(r)
/Users/evangeline.bangsil/localwork/UTD-PROJECT/fm-subtype-discovery/experiments/ds002748_mdd/dataset_mdd.py:68: FutureWarning: The default strategy for standardize is currently 'zscore' which incorrectly uses population std to calculate sample zscores. The new strategy 'zscore_sample' corrects this behavior by using the sample std. In release 0.14.0, the default strategy will be replaced by the new strategy, the 'zscore' option will be removed. and using standardize=True will fall back to 'zscore_sample'.To avoid this warning, please use 'zscore_sample' instead.
  r=lw.fit_transform([ts])[0]
/Users/evangeline.bangsil/localwork/UTD-PROJECT/fm-subtype-discovery/experiments/ds002748_mdd/dataset_mdd.py:69: RuntimeWarning: divide by zero encountered in arctanh
  z=np.arctanh(r)
/Users/evangeline.bangsil/localwork/UTD-PROJECT/fm-subtype-discovery/experiments/ds002748_mdd/dataset_mdd.py:68: FutureWarning: The default strategy for standardize is currently 'zscore' which incorrectly uses population std to calculate sample zscores. The new strategy 'zscore_sample' corrects this behavior by using the sample std. In release 0.14.0, the default strategy will be replaced by the new strategy, the 'zscore' option will be removed. and using standardize=True will fall back to 'zscore_sample'.To avoid this warning, please use 'zscore_sample' instead.
  r=lw.fit_transform([ts])[0]
/Users/evangeline.bangsil/localwork/UTD-PROJECT/fm-subtype-discovery/experiments/ds002748_mdd/dataset_mdd.py:69: RuntimeWarning: divide by zero encountered in arctanh
  z=np.arctanh(r)
/Users/evangeline.bangsil/localwork/UTD-PROJECT/fm-subtype-discovery/experiments/ds002748_mdd/dataset_mdd.py:68: FutureWarning: The default strategy for standardize is currently 'zscore' which incorrectly uses population std to calculate sample zscores. The new strategy 'zscore_sample' corrects this behavior by using the sample std. In release 0.14.0, the default strategy will be replaced by the new strategy, the 'zscore' option will be removed. and using standardize=True will fall back to 'zscore_sample'.To avoid this warning, please use 'zscore_sample' instead.
  r=lw.fit_transform([ts])[0]
/Users/evangeline.bangsil/localwork/UTD-PROJECT/fm-subtype-discovery/experiments/ds002748_mdd/dataset_mdd.py:69: RuntimeWarning: divide by zero encountered in arctanh
  z=np.arctanh(r)
/Users/evangeline.bangsil/localwork/UTD-PROJECT/fm-subtype-discovery/experiments/ds002748_mdd/dataset_mdd.py:68: FutureWarning: The default strategy for standardize is currently 'zscore' which incorrectly uses population std to calculate sample zscores. The new strategy 'zscore_sample' corrects this behavior by using the sample std. In release 0.14.0, the default strategy will be replaced by the new strategy, the 'zscore' option will be removed. and using standardize=True will fall back to 'zscore_sample'.To avoid this warning, please use 'zscore_sample' instead.
  r=lw.fit_transform([ts])[0]
/Users/evangeline.bangsil/localwork/UTD-PROJECT/fm-subtype-discovery/experiments/ds002748_mdd/dataset_mdd.py:69: RuntimeWarning: divide by zero encountered in arctanh
  z=np.arctanh(r)
/Users/evangeline.bangsil/localwork/UTD-PROJECT/fm-subtype-discovery/experiments/ds002748_mdd/dataset_mdd.py:68: FutureWarning: The default strategy for standardize is currently 'zscore' which incorrectly uses population std to calculate sample zscores. The new strategy 'zscore_sample' corrects this behavior by using the sample std. In release 0.14.0, the default strategy will be replaced by the new strategy, the 'zscore' option will be removed. and using standardize=True will fall back to 'zscore_sample'.To avoid this warning, please use 'zscore_sample' instead.
  r=lw.fit_transform([ts])[0]
/Users/evangeline.bangsil/localwork/UTD-PROJECT/fm-subtype-discovery/experiments/ds002748_mdd/dataset_mdd.py:69: RuntimeWarning: divide by zero encountered in arctanh
  z=np.arctanh(r)
/Users/evangeline.bangsil/localwork/UTD-PROJECT/fm-subtype-discovery/experiments/ds002748_mdd/dataset_mdd.py:68: FutureWarning: The default strategy for standardize is currently 'zscore' which incorrectly uses population std to calculate sample zscores. The new strategy 'zscore_sample' corrects this behavior by using the sample std. In release 0.14.0, the default strategy will be replaced by the new strategy, the 'zscore' option will be removed. and using standardize=True will fall back to 'zscore_sample'.To avoid this warning, please use 'zscore_sample' instead.
  r=lw.fit_transform([ts])[0]
/Users/evangeline.bangsil/localwork/UTD-PROJECT/fm-subtype-discovery/experiments/ds002748_mdd/dataset_mdd.py:69: RuntimeWarning: divide by zero encountered in arctanh
  z=np.arctanh(r)
/Users/evangeline.bangsil/localwork/UTD-PROJECT/fm-subtype-discovery/experiments/ds002748_mdd/dataset_mdd.py:68: FutureWarning: The default strategy for standardize is currently 'zscore' which incorrectly uses population std to calculate sample zscores. The new strategy 'zscore_sample' corrects this behavior by using the sample std. In release 0.14.0, the default strategy will be replaced by the new strategy, the 'zscore' option will be removed. and using standardize=True will fall back to 'zscore_sample'.To avoid this warning, please use 'zscore_sample' instead.
  r=lw.fit_transform([ts])[0]
/Users/evangeline.bangsil/localwork/UTD-PROJECT/fm-subtype-discovery/experiments/ds002748_mdd/dataset_mdd.py:69: RuntimeWarning: divide by zero encountered in arctanh
  z=np.arctanh(r)
/Users/evangeline.bangsil/localwork/UTD-PROJECT/fm-subtype-discovery/experiments/ds002748_mdd/dataset_mdd.py:68: FutureWarning: The default strategy for standardize is currently 'zscore' which incorrectly uses population std to calculate sample zscores. The new strategy 'zscore_sample' corrects this behavior by using the sample std. In release 0.14.0, the default strategy will be replaced by the new strategy, the 'zscore' option will be removed. and using standardize=True will fall back to 'zscore_sample'.To avoid this warning, please use 'zscore_sample' instead.
  r=lw.fit_transform([ts])[0]
/Users/evangeline.bangsil/localwork/UTD-PROJECT/fm-subtype-discovery/experiments/ds002748_mdd/dataset_mdd.py:69: RuntimeWarning: divide by zero encountered in arctanh
  z=np.arctanh(r)
/Users/evangeline.bangsil/localwork/UTD-PROJECT/fm-subtype-discovery/experiments/ds002748_mdd/dataset_mdd.py:68: FutureWarning: The default strategy for standardize is currently 'zscore' which incorrectly uses population std to calculate sample zscores. The new strategy 'zscore_sample' corrects this behavior by using the sample std. In release 0.14.0, the default strategy will be replaced by the new strategy, the 'zscore' option will be removed. and using standardize=True will fall back to 'zscore_sample'.To avoid this warning, please use 'zscore_sample' instead.
  r=lw.fit_transform([ts])[0]
/Users/evangeline.bangsil/localwork/UTD-PROJECT/fm-subtype-discovery/experiments/ds002748_mdd/dataset_mdd.py:69: RuntimeWarning: divide by zero encountered in arctanh
  z=np.arctanh(r)
/Users/evangeline.bangsil/localwork/UTD-PROJECT/fm-subtype-discovery/experiments/ds002748_mdd/dataset_mdd.py:68: FutureWarning: The default strategy for standardize is currently 'zscore' which incorrectly uses population std to calculate sample zscores. The new strategy 'zscore_sample' corrects this behavior by using the sample std. In release 0.14.0, the default strategy will be replaced by the new strategy, the 'zscore' option will be removed. and using standardize=True will fall back to 'zscore_sample'.To avoid this warning, please use 'zscore_sample' instead.
  r=lw.fit_transform([ts])[0]
/Users/evangeline.bangsil/localwork/UTD-PROJECT/fm-subtype-discovery/experiments/ds002748_mdd/dataset_mdd.py:69: RuntimeWarning: divide by zero encountered in arctanh
  z=np.arctanh(r)
/Users/evangeline.bangsil/localwork/UTD-PROJECT/fm-subtype-discovery/experiments/ds002748_mdd/dataset_mdd.py:68: FutureWarning: The default strategy for standardize is currently 'zscore' which incorrectly uses population std to calculate sample zscores. The new strategy 'zscore_sample' corrects this behavior by using the sample std. In release 0.14.0, the default strategy will be replaced by the new strategy, the 'zscore' option will be removed. and using standardize=True will fall back to 'zscore_sample'.To avoid this warning, please use 'zscore_sample' instead.
  r=lw.fit_transform([ts])[0]
/Users/evangeline.bangsil/localwork/UTD-PROJECT/fm-subtype-discovery/experiments/ds002748_mdd/dataset_mdd.py:69: RuntimeWarning: divide by zero encountered in arctanh
  z=np.arctanh(r)
/Users/evangeline.bangsil/localwork/UTD-PROJECT/fm-subtype-discovery/experiments/ds002748_mdd/dataset_mdd.py:68: FutureWarning: The default strategy for standardize is currently 'zscore' which incorrectly uses population std to calculate sample zscores. The new strategy 'zscore_sample' corrects this behavior by using the sample std. In release 0.14.0, the default strategy will be replaced by the new strategy, the 'zscore' option will be removed. and using standardize=True will fall back to 'zscore_sample'.To avoid this warning, please use 'zscore_sample' instead.
  r=lw.fit_transform([ts])[0]
/Users/evangeline.bangsil/localwork/UTD-PROJECT/fm-subtype-discovery/experiments/ds002748_mdd/dataset_mdd.py:69: RuntimeWarning: divide by zero encountered in arctanh
  z=np.arctanh(r)
/Users/evangeline.bangsil/localwork/UTD-PROJECT/fm-subtype-discovery/experiments/ds002748_mdd/dataset_mdd.py:68: FutureWarning: The default strategy for standardize is currently 'zscore' which incorrectly uses population std to calculate sample zscores. The new strategy 'zscore_sample' corrects this behavior by using the sample std. In release 0.14.0, the default strategy will be replaced by the new strategy, the 'zscore' option will be removed. and using standardize=True will fall back to 'zscore_sample'.To avoid this warning, please use 'zscore_sample' instead.
  r=lw.fit_transform([ts])[0]
/Users/evangeline.bangsil/localwork/UTD-PROJECT/fm-subtype-discovery/experiments/ds002748_mdd/dataset_mdd.py:69: RuntimeWarning: divide by zero encountered in arctanh
  z=np.arctanh(r)
/Users/evangeline.bangsil/localwork/UTD-PROJECT/fm-subtype-discovery/experiments/ds002748_mdd/dataset_mdd.py:68: FutureWarning: The default strategy for standardize is currently 'zscore' which incorrectly uses population std to calculate sample zscores. The new strategy 'zscore_sample' corrects this behavior by using the sample std. In release 0.14.0, the default strategy will be replaced by the new strategy, the 'zscore' option will be removed. and using standardize=True will fall back to 'zscore_sample'.To avoid this warning, please use 'zscore_sample' instead.
  r=lw.fit_transform([ts])[0]
/Users/evangeline.bangsil/localwork/UTD-PROJECT/fm-subtype-discovery/experiments/ds002748_mdd/dataset_mdd.py:69: RuntimeWarning: divide by zero encountered in arctanh
  z=np.arctanh(r)
/Users/evangeline.bangsil/localwork/UTD-PROJECT/fm-subtype-discovery/experiments/ds002748_mdd/dataset_mdd.py:68: FutureWarning: The default strategy for standardize is currently 'zscore' which incorrectly uses population std to calculate sample zscores. The new strategy 'zscore_sample' corrects this behavior by using the sample std. In release 0.14.0, the default strategy will be replaced by the new strategy, the 'zscore' option will be removed. and using standardize=True will fall back to 'zscore_sample'.To avoid this warning, please use 'zscore_sample' instead.
  r=lw.fit_transform([ts])[0]
/Users/evangeline.bangsil/localwork/UTD-PROJECT/fm-subtype-discovery/experiments/ds002748_mdd/dataset_mdd.py:69: RuntimeWarning: divide by zero encountered in arctanh
  z=np.arctanh(r)
/Users/evangeline.bangsil/localwork/UTD-PROJECT/fm-subtype-discovery/experiments/ds002748_mdd/dataset_mdd.py:68: FutureWarning: The default strategy for standardize is currently 'zscore' which incorrectly uses population std to calculate sample zscores. The new strategy 'zscore_sample' corrects this behavior by using the sample std. In release 0.14.0, the default strategy will be replaced by the new strategy, the 'zscore' option will be removed. and using standardize=True will fall back to 'zscore_sample'.To avoid this warning, please use 'zscore_sample' instead.
  r=lw.fit_transform([ts])[0]
/Users/evangeline.bangsil/localwork/UTD-PROJECT/fm-subtype-discovery/experiments/ds002748_mdd/dataset_mdd.py:69: RuntimeWarning: divide by zero encountered in arctanh
  z=np.arctanh(r)
/Users/evangeline.bangsil/localwork/UTD-PROJECT/fm-subtype-discovery/experiments/ds002748_mdd/dataset_mdd.py:68: FutureWarning: The default strategy for standardize is currently 'zscore' which incorrectly uses population std to calculate sample zscores. The new strategy 'zscore_sample' corrects this behavior by using the sample std. In release 0.14.0, the default strategy will be replaced by the new strategy, the 'zscore' option will be removed. and using standardize=True will fall back to 'zscore_sample'.To avoid this warning, please use 'zscore_sample' instead.
  r=lw.fit_transform([ts])[0]
/Users/evangeline.bangsil/localwork/UTD-PROJECT/fm-subtype-discovery/experiments/ds002748_mdd/dataset_mdd.py:69: RuntimeWarning: divide by zero encountered in arctanh
  z=np.arctanh(r)
/Users/evangeline.bangsil/localwork/UTD-PROJECT/fm-subtype-discovery/experiments/ds002748_mdd/dataset_mdd.py:68: FutureWarning: The default strategy for standardize is currently 'zscore' which incorrectly uses population std to calculate sample zscores. The new strategy 'zscore_sample' corrects this behavior by using the sample std. In release 0.14.0, the default strategy will be replaced by the new strategy, the 'zscore' option will be removed. and using standardize=True will fall back to 'zscore_sample'.To avoid this warning, please use 'zscore_sample' instead.
  r=lw.fit_transform([ts])[0]
/Users/evangeline.bangsil/localwork/UTD-PROJECT/fm-subtype-discovery/experiments/ds002748_mdd/dataset_mdd.py:69: RuntimeWarning: divide by zero encountered in arctanh
  z=np.arctanh(r)
/Users/evangeline.bangsil/localwork/UTD-PROJECT/fm-subtype-discovery/experiments/ds002748_mdd/dataset_mdd.py:68: FutureWarning: The default strategy for standardize is currently 'zscore' which incorrectly uses population std to calculate sample zscores. The new strategy 'zscore_sample' corrects this behavior by using the sample std. In release 0.14.0, the default strategy will be replaced by the new strategy, the 'zscore' option will be removed. and using standardize=True will fall back to 'zscore_sample'.To avoid this warning, please use 'zscore_sample' instead.
  r=lw.fit_transform([ts])[0]
/Users/evangeline.bangsil/localwork/UTD-PROJECT/fm-subtype-discovery/experiments/ds002748_mdd/dataset_mdd.py:69: RuntimeWarning: divide by zero encountered in arctanh
  z=np.arctanh(r)
/Users/evangeline.bangsil/localwork/UTD-PROJECT/fm-subtype-discovery/experiments/ds002748_mdd/dataset_mdd.py:68: FutureWarning: The default strategy for standardize is currently 'zscore' which incorrectly uses population std to calculate sample zscores. The new strategy 'zscore_sample' corrects this behavior by using the sample std. In release 0.14.0, the default strategy will be replaced by the new strategy, the 'zscore' option will be removed. and using standardize=True will fall back to 'zscore_sample'.To avoid this warning, please use 'zscore_sample' instead.
  r=lw.fit_transform([ts])[0]
/Users/evangeline.bangsil/localwork/UTD-PROJECT/fm-subtype-discovery/experiments/ds002748_mdd/dataset_mdd.py:69: RuntimeWarning: divide by zero encountered in arctanh
  z=np.arctanh(r)
/Users/evangeline.bangsil/localwork/UTD-PROJECT/fm-subtype-discovery/experiments/ds002748_mdd/dataset_mdd.py:68: FutureWarning: The default strategy for standardize is currently 'zscore' which incorrectly uses population std to calculate sample zscores. The new strategy 'zscore_sample' corrects this behavior by using the sample std. In release 0.14.0, the default strategy will be replaced by the new strategy, the 'zscore' option will be removed. and using standardize=True will fall back to 'zscore_sample'.To avoid this warning, please use 'zscore_sample' instead.
  r=lw.fit_transform([ts])[0]
/Users/evangeline.bangsil/localwork/UTD-PROJECT/fm-subtype-discovery/experiments/ds002748_mdd/dataset_mdd.py:69: RuntimeWarning: divide by zero encountered in arctanh
  z=np.arctanh(r)
/Users/evangeline.bangsil/localwork/UTD-PROJECT/fm-subtype-discovery/experiments/ds002748_mdd/dataset_mdd.py:68: FutureWarning: The default strategy for standardize is currently 'zscore' which incorrectly uses population std to calculate sample zscores. The new strategy 'zscore_sample' corrects this behavior by using the sample std. In release 0.14.0, the default strategy will be replaced by the new strategy, the 'zscore' option will be removed. and using standardize=True will fall back to 'zscore_sample'.To avoid this warning, please use 'zscore_sample' instead.
  r=lw.fit_transform([ts])[0]
/Users/evangeline.bangsil/localwork/UTD-PROJECT/fm-subtype-discovery/experiments/ds002748_mdd/dataset_mdd.py:69: RuntimeWarning: divide by zero encountered in arctanh
  z=np.arctanh(r)
/Users/evangeline.bangsil/localwork/UTD-PROJECT/fm-subtype-discovery/experiments/ds002748_mdd/dataset_mdd.py:68: FutureWarning: The default strategy for standardize is currently 'zscore' which incorrectly uses population std to calculate sample zscores. The new strategy 'zscore_sample' corrects this behavior by using the sample std. In release 0.14.0, the default strategy will be replaced by the new strategy, the 'zscore' option will be removed. and using standardize=True will fall back to 'zscore_sample'.To avoid this warning, please use 'zscore_sample' instead.
  r=lw.fit_transform([ts])[0]
/Users/evangeline.bangsil/localwork/UTD-PROJECT/fm-subtype-discovery/experiments/ds002748_mdd/dataset_mdd.py:69: RuntimeWarning: divide by zero encountered in arctanh
  z=np.arctanh(r)
/Users/evangeline.bangsil/localwork/UTD-PROJECT/fm-subtype-discovery/experiments/ds002748_mdd/dataset_mdd.py:68: FutureWarning: The default strategy for standardize is currently 'zscore' which incorrectly uses population std to calculate sample zscores. The new strategy 'zscore_sample' corrects this behavior by using the sample std. In release 0.14.0, the default strategy will be replaced by the new strategy, the 'zscore' option will be removed. and using standardize=True will fall back to 'zscore_sample'.To avoid this warning, please use 'zscore_sample' instead.
  r=lw.fit_transform([ts])[0]
/Users/evangeline.bangsil/localwork/UTD-PROJECT/fm-subtype-discovery/experiments/ds002748_mdd/dataset_mdd.py:69: RuntimeWarning: divide by zero encountered in arctanh
  z=np.arctanh(r)
/Users/evangeline.bangsil/localwork/UTD-PROJECT/fm-subtype-discovery/experiments/ds002748_mdd/dataset_mdd.py:68: FutureWarning: The default strategy for standardize is currently 'zscore' which incorrectly uses population std to calculate sample zscores. The new strategy 'zscore_sample' corrects this behavior by using the sample std. In release 0.14.0, the default strategy will be replaced by the new strategy, the 'zscore' option will be removed. and using standardize=True will fall back to 'zscore_sample'.To avoid this warning, please use 'zscore_sample' instead.
  r=lw.fit_transform([ts])[0]
/Users/evangeline.bangsil/localwork/UTD-PROJECT/fm-subtype-discovery/experiments/ds002748_mdd/dataset_mdd.py:69: RuntimeWarning: divide by zero encountered in arctanh
  z=np.arctanh(r)
[I 2026-07-20 23:28:06,378] A new study created in memory with name: no-name-762a61b0-1ed2-490d-9f23-776c6fd40270
[I 2026-07-20 23:32:43,777] Trial 0 finished with value: 1.086043357849121 and parameters: {'dModel': 59, 'heads': 7, 'output': 37, 'layers': 3, 'dropout': 0.09600764128912204, 'lr': 0.00016566169744635856, 'weightDecay': 0.028777014221714935, 'maskRate': 0.24498117997790586, 'ntXentTemp': 0.2122618318359072, 'batchSize': 21}. Best is trial 0 with value: 1.086043357849121.
[I 2026-07-20 23:35:23,802] Trial 1 finished with value: 1.9382617473602295 and parameters: {'dModel': 74, 'heads': 5, 'output': 25, 'layers': 2, 'dropout': 0.12491903592917786, 'lr': 0.00017877180998125065, 'weightDecay': 0.06998173383569446, 'maskRate': 0.09261404674369395, 'ntXentTemp': 0.8380960611586268, 'batchSize': 15}. Best is trial 0 with value: 1.086043357849121.
[I 2026-07-20 23:41:01,172] Trial 2 finished with value: 1.8991641998291016 and parameters: {'dModel': 47, 'heads': 7, 'output': 32, 'layers': 4, 'dropout': 0.12086122817251839, 'lr': 1.021852554890586e-05, 'weightDecay': 0.0970642491804134, 'maskRate': 0.09877409717782666, 'ntXentTemp': 0.6734222924492639, 'batchSize': 12}. Best is trial 0 with value: 1.086043357849121.
[I 2026-07-20 23:46:23,303] Trial 3 finished with value: 1.6156691908836365 and parameters: {'dModel': 33, 'heads': 7, 'output': 47, 'layers': 4, 'dropout': 0.19505362384264316, 'lr': 1.1064175122531471e-05, 'weightDecay': 0.0001486178059846242, 'maskRate': 0.1289755416760727, 'ntXentTemp': 0.8278507648454049, 'batchSize': 18}. Best is trial 0 with value: 1.086043357849121.
[I 2026-07-20 23:47:44,005] Trial 4 finished with value: 1.0807793140411377 and parameters: {'dModel': 18, 'heads': 3, 'output': 35, 'layers': 3, 'dropout': 0.17669198254385296, 'lr': 0.0022438307047255605, 'weightDecay': 0.026120714069793508, 'maskRate': 0.16857944168463057, 'ntXentTemp': 0.5301906300045524, 'batchSize': 20}. Best is trial 4 with value: 1.0807793140411377.
[I 2026-07-20 23:48:07,731] Trial 5 pruned. 
[I 2026-07-20 23:48:21,269] Trial 6 pruned. 
[I 2026-07-20 23:48:50,860] Trial 7 pruned. 
[I 2026-07-20 23:55:55,239] Trial 8 finished with value: 1.0786343614260356 and parameters: {'dModel': 84, 'heads': 5, 'output': 64, 'layers': 4, 'dropout': 0.01994427610521302, 'lr': 0.0007071932871854606, 'weightDecay': 0.0007147481868840133, 'maskRate': 0.05014957943379224, 'ntXentTemp': 0.5746276214187908, 'batchSize': 9}. Best is trial 8 with value: 1.0786343614260356.
[I 2026-07-20 23:56:10,399] Trial 9 pruned. 
[I 2026-07-20 23:57:43,852] Trial 10 finished with value: 0.27056524343788624 and parameters: {'dModel': 123, 'heads': 2, 'output': 8, 'layers': 3, 'dropout': 0.01101100726171636, 'lr': 0.002253980859077261, 'weightDecay': 0.003669587831815732, 'maskRate': 0.05393271771711772, 'ntXentTemp': 0.2140059868884293, 'batchSize': 9}. Best is trial 10 with value: 0.27056524343788624.
[I 2026-07-20 23:59:19,453] Trial 11 finished with value: 0.2846590479214986 and parameters: {'dModel': 120, 'heads': 2, 'output': 8, 'layers': 3, 'dropout': 0.0204123218785508, 'lr': 0.0029313163073174065, 'weightDecay': 0.003332450606009472, 'maskRate': 0.054248827178228216, 'ntXentTemp': 0.21355361211870105, 'batchSize': 8}. Best is trial 10 with value: 0.27056524343788624.
[I 2026-07-21 00:00:58,818] Trial 12 finished with value: 0.23541377484798431 and parameters: {'dModel': 125, 'heads': 2, 'output': 8, 'layers': 3, 'dropout': 0.004968666665610634, 'lr': 0.0027299672017756338, 'weightDecay': 0.003597054684996892, 'maskRate': 0.08419546109096088, 'ntXentTemp': 0.20367878279369583, 'batchSize': 8}. Best is trial 12 with value: 0.23541377484798431.
[I 2026-07-21 00:02:51,283] Trial 13 finished with value: 0.6631189386049906 and parameters: {'dModel': 126, 'heads': 2, 'output': 17, 'layers': 3, 'dropout': 0.051084646966925815, 'lr': 0.0010755465471818275, 'weightDecay': 0.005033716974701685, 'maskRate': 0.09483976852011441, 'ntXentTemp': 0.35237165251175273, 'batchSize': 10}. Best is trial 12 with value: 0.23541377484798431.
[I 2026-07-21 00:02:56,491] Trial 14 pruned. 
[I 2026-07-21 00:05:34,258] Trial 15 finished with value: 0.6781818767388662 and parameters: {'dModel': 126, 'heads': 3, 'output': 15, 'layers': 3, 'dropout': 0.07455100562471446, 'lr': 0.00043600737572740446, 'weightDecay': 0.010947523902614782, 'maskRate': 0.07932005179057687, 'ntXentTemp': 0.3490395612366018, 'batchSize': 8}. Best is trial 12 with value: 0.23541377484798431.
[I 2026-07-21 00:07:58,632] Trial 16 finished with value: 0.46618111928304035 and parameters: {'dModel': 110, 'heads': 3, 'output': 25, 'layers': 2, 'dropout': 0.0019185726241616186, 'lr': 0.0017678915044516707, 'weightDecay': 0.0018207909096893192, 'maskRate': 0.1282600158975351, 'ntXentTemp': 0.2896054204506444, 'batchSize': 10}. Best is trial 12 with value: 0.23541377484798431.
[I 2026-07-21 00:08:04,985] Trial 17 pruned. 
[I 2026-07-21 00:09:45,626] Trial 18 finished with value: 0.40211643278598785 and parameters: {'dModel': 92, 'heads': 3, 'output': 11, 'layers': 2, 'dropout': 0.11202036103770979, 'lr': 0.0013754794144694967, 'weightDecay': 0.013272353370094036, 'maskRate': 0.11530869629701107, 'ntXentTemp': 0.20652773641603364, 'batchSize': 11}. Best is trial 12 with value: 0.23541377484798431.
[I 2026-07-21 00:10:02,631] Trial 19 pruned. 
[I 2026-07-21 00:10:09,994] Trial 20 pruned. 
[I 2026-07-21 00:11:45,878] Trial 21 finished with value: 0.2740960915883382 and parameters: {'dModel': 117, 'heads': 2, 'output': 8, 'layers': 3, 'dropout': 0.03436937084043236, 'lr': 0.0028785742592676335, 'weightDecay': 0.0032761825204395923, 'maskRate': 0.052236850384847475, 'ntXentTemp': 0.21731948989439795, 'batchSize': 8}. Best is trial 12 with value: 0.23541377484798431.
[I 2026-07-21 00:14:02,499] Trial 22 finished with value: 0.3647068714102109 and parameters: {'dModel': 114, 'heads': 3, 'output': 13, 'layers': 3, 'dropout': 0.0398628535428002, 'lr': 0.0015733282284215344, 'weightDecay': 0.004083338066588208, 'maskRate': 0.07602270828759491, 'ntXentTemp': 0.27168127594541003, 'batchSize': 9}. Best is trial 12 with value: 0.23541377484798431.
[I 2026-07-21 00:14:08,823] Trial 23 pruned. 
[I 2026-07-21 00:16:36,348] Trial 24 finished with value: 0.39595772822697956 and parameters: {'dModel': 107, 'heads': 3, 'output': 19, 'layers': 3, 'dropout': 0.08876484409389146, 'lr': 0.0009550897772898411, 'weightDecay': 0.00234999840914382, 'maskRate': 0.05048930766970725, 'ntXentTemp': 0.2736602780077623, 'batchSize': 8}. Best is trial 12 with value: 0.23541377484798431.
best valLoss=0.235414 -> /Users/evangeline.bangsil/localwork/UTD-PROJECT/fm-subtype-discovery/data/tune/bestParams.json
{'dModel': 125, 'heads': 2, 'output': 8, 'layers': 3, 'dropout': 0.004968666665610634, 'lr': 0.0027299672017756338, 'weightDecay': 0.003597054684996892, 'maskRate': 0.08419546109096088, 'ntXentTemp': 0.20367878279369583, 'batchSize': 8}
