/Users/evangeline.bangsil/localwork/UTD-PROJECT/fm-subtype-discovery/experiments/ds002748_mdd/dataset_mdd.py:68: FutureWarning: The default strategy for standardize is currently 'zscore' which incorrectly uses population std to calculate sample zscores. The new strategy 'zscore_sample' corrects this behavior by using the sample std. In release 0.14.0, the default strategy will be replaced by the new strategy, the 'zscore' option will be removed. and using standardize=True will fall back to 'zscore_sample'.To avoid this warning, please use 'zscore_sample' instead.
  r=lw.fit_transform([ts])[0]
/Users/evangeline.bangsil/localwork/UTD-PROJECT/fm-subtype-discovery/experiments/ds002748_mdd/dataset_mdd.py:69: RuntimeWarning: divide by zero encountered in arctanh
  z=np.arctanh(r)
/Users/evangeline.bangsil/localwork/UTD-PROJECT/fm-subtype-discovery/experiments/ds002748_mdd/dataset_mdd.py:68: FutureWarning: The default strategy for standardize is currently 'zscore' which incorrectly uses population std to calculate sample zscores. The new strategy 'zscore_sample' corrects this behavior by using the sample std. In release 0.14.0, the default strategy will be replaced by the new strategy, the 'zscore' option will be removed. and using standardize=True will fall back to 'zscore_sample'.To avoid this warning, please use 'zscore_sample' instead.
  r=lw.fit_transform([ts])[0]
/Users/evangeline.bangsil/localwork/UTD-PROJECT/fm-subtype-discovery/experiments/ds002748_mdd/dataset_mdd.py:69: RuntimeWarning: divide by zero encountered in arctanh
  z=np.arctanh(r)
/Users/evangeline.bangsil/localwork/UTD-PROJECT/fm-subtype-discovery/experiments/ds002748_mdd/dataset_mdd.py:68: FutureWarning: The default strategy for standardize is currently 'zscore' which incorrectly uses population std to calculate sample zscores. The new strategy 'zscore_sample' corrects this behavior by using the sample std. In release 0.14.0, the default strategy will be replaced by the new strategy, the 'zscore' option will be removed. and using standardize=True will fall back to 'zscore_sample'.To avoid this warning, please use 'zscore_sample' instead.
  r=lw.fit_transform([ts])[0]
/Users/evangeline.bangsil/localwork/UTD-PROJECT/fm-subtype-discovery/experiments/ds002748_mdd/dataset_mdd.py:69: RuntimeWarning: divide by zero encountered in arctanh
  z=np.arctanh(r)
/Users/evangeline.bangsil/localwork/UTD-PROJECT/fm-subtype-discovery/experiments/ds002748_mdd/dataset_mdd.py:68: FutureWarning: The default strategy for standardize is currently 'zscore' which incorrectly uses population std to calculate sample zscores. The new strategy 'zscore_sample' corrects this behavior by using the sample std. In release 0.14.0, the default strategy will be replaced by the new strategy, the 'zscore' option will be removed. and using standardize=True will fall back to 'zscore_sample'.To avoid this warning, please use 'zscore_sample' instead.
  r=lw.fit_transform([ts])[0]
/Users/evangeline.bangsil/localwork/UTD-PROJECT/fm-subtype-discovery/experiments/ds002748_mdd/dataset_mdd.py:69: RuntimeWarning: divide by zero encountered in arctanh
  z=np.arctanh(r)
/Users/evangeline.bangsil/localwork/UTD-PROJECT/fm-subtype-discovery/experiments/ds002748_mdd/dataset_mdd.py:68: FutureWarning: The default strategy for standardize is currently 'zscore' which incorrectly uses population std to calculate sample zscores. The new strategy 'zscore_sample' corrects this behavior by using the sample std. In release 0.14.0, the default strategy will be replaced by the new strategy, the 'zscore' option will be removed. and using standardize=True will fall back to 'zscore_sample'.To avoid this warning, please use 'zscore_sample' instead.
  r=lw.fit_transform([ts])[0]
/Users/evangeline.bangsil/localwork/UTD-PROJECT/fm-subtype-discovery/experiments/ds002748_mdd/dataset_mdd.py:69: RuntimeWarning: divide by zero encountered in arctanh
  z=np.arctanh(r)
/Users/evangeline.bangsil/localwork/UTD-PROJECT/fm-subtype-discovery/experiments/ds002748_mdd/dataset_mdd.py:68: FutureWarning: The default strategy for standardize is currently 'zscore' which incorrectly uses population std to calculate sample zscores. The new strategy 'zscore_sample' corrects this behavior by using the sample std. In release 0.14.0, the default strategy will be replaced by the new strategy, the 'zscore' option will be removed. and using standardize=True will fall back to 'zscore_sample'.To avoid this warning, please use 'zscore_sample' instead.
  r=lw.fit_transform([ts])[0]
/Users/evangeline.bangsil/localwork/UTD-PROJECT/fm-subtype-discovery/experiments/ds002748_mdd/dataset_mdd.py:69: RuntimeWarning: divide by zero encountered in arctanh
  z=np.arctanh(r)
/Users/evangeline.bangsil/localwork/UTD-PROJECT/fm-subtype-discovery/experiments/ds002748_mdd/dataset_mdd.py:68: FutureWarning: The default strategy for standardize is currently 'zscore' which incorrectly uses population std to calculate sample zscores. The new strategy 'zscore_sample' corrects this behavior by using the sample std. In release 0.14.0, the default strategy will be replaced by the new strategy, the 'zscore' option will be removed. and using standardize=True will fall back to 'zscore_sample'.To avoid this warning, please use 'zscore_sample' instead.
  r=lw.fit_transform([ts])[0]
/Users/evangeline.bangsil/localwork/UTD-PROJECT/fm-subtype-discovery/experiments/ds002748_mdd/dataset_mdd.py:69: RuntimeWarning: divide by zero encountered in arctanh
  z=np.arctanh(r)
/Users/evangeline.bangsil/localwork/UTD-PROJECT/fm-subtype-discovery/experiments/ds002748_mdd/dataset_mdd.py:68: FutureWarning: The default strategy for standardize is currently 'zscore' which incorrectly uses population std to calculate sample zscores. The new strategy 'zscore_sample' corrects this behavior by using the sample std. In release 0.14.0, the default strategy will be replaced by the new strategy, the 'zscore' option will be removed. and using standardize=True will fall back to 'zscore_sample'.To avoid this warning, please use 'zscore_sample' instead.
  r=lw.fit_transform([ts])[0]
/Users/evangeline.bangsil/localwork/UTD-PROJECT/fm-subtype-discovery/experiments/ds002748_mdd/dataset_mdd.py:69: RuntimeWarning: divide by zero encountered in arctanh
  z=np.arctanh(r)
/Users/evangeline.bangsil/localwork/UTD-PROJECT/fm-subtype-discovery/experiments/ds002748_mdd/dataset_mdd.py:68: FutureWarning: The default strategy for standardize is currently 'zscore' which incorrectly uses population std to calculate sample zscores. The new strategy 'zscore_sample' corrects this behavior by using the sample std. In release 0.14.0, the default strategy will be replaced by the new strategy, the 'zscore' option will be removed. and using standardize=True will fall back to 'zscore_sample'.To avoid this warning, please use 'zscore_sample' instead.
  r=lw.fit_transform([ts])[0]
/Users/evangeline.bangsil/localwork/UTD-PROJECT/fm-subtype-discovery/experiments/ds002748_mdd/dataset_mdd.py:69: RuntimeWarning: divide by zero encountered in arctanh
  z=np.arctanh(r)
/Users/evangeline.bangsil/localwork/UTD-PROJECT/fm-subtype-discovery/experiments/ds002748_mdd/dataset_mdd.py:68: FutureWarning: The default strategy for standardize is currently 'zscore' which incorrectly uses population std to calculate sample zscores. The new strategy 'zscore_sample' corrects this behavior by using the sample std. In release 0.14.0, the default strategy will be replaced by the new strategy, the 'zscore' option will be removed. and using standardize=True will fall back to 'zscore_sample'.To avoid this warning, please use 'zscore_sample' instead.
  r=lw.fit_transform([ts])[0]
/Users/evangeline.bangsil/localwork/UTD-PROJECT/fm-subtype-discovery/experiments/ds002748_mdd/dataset_mdd.py:69: RuntimeWarning: divide by zero encountered in arctanh
  z=np.arctanh(r)
/Users/evangeline.bangsil/localwork/UTD-PROJECT/fm-subtype-discovery/experiments/ds002748_mdd/dataset_mdd.py:68: FutureWarning: The default strategy for standardize is currently 'zscore' which incorrectly uses population std to calculate sample zscores. The new strategy 'zscore_sample' corrects this behavior by using the sample std. In release 0.14.0, the default strategy will be replaced by the new strategy, the 'zscore' option will be removed. and using standardize=True will fall back to 'zscore_sample'.To avoid this warning, please use 'zscore_sample' instead.
  r=lw.fit_transform([ts])[0]
/Users/evangeline.bangsil/localwork/UTD-PROJECT/fm-subtype-discovery/experiments/ds002748_mdd/dataset_mdd.py:69: RuntimeWarning: divide by zero encountered in arctanh
  z=np.arctanh(r)
/Users/evangeline.bangsil/localwork/UTD-PROJECT/fm-subtype-discovery/experiments/ds002748_mdd/dataset_mdd.py:68: FutureWarning: The default strategy for standardize is currently 'zscore' which incorrectly uses population std to calculate sample zscores. The new strategy 'zscore_sample' corrects this behavior by using the sample std. In release 0.14.0, the default strategy will be replaced by the new strategy, the 'zscore' option will be removed. and using standardize=True will fall back to 'zscore_sample'.To avoid this warning, please use 'zscore_sample' instead.
  r=lw.fit_transform([ts])[0]
/Users/evangeline.bangsil/localwork/UTD-PROJECT/fm-subtype-discovery/experiments/ds002748_mdd/dataset_mdd.py:69: RuntimeWarning: divide by zero encountered in arctanh
  z=np.arctanh(r)
/Users/evangeline.bangsil/localwork/UTD-PROJECT/fm-subtype-discovery/experiments/ds002748_mdd/dataset_mdd.py:68: FutureWarning: The default strategy for standardize is currently 'zscore' which incorrectly uses population std to calculate sample zscores. The new strategy 'zscore_sample' corrects this behavior by using the sample std. In release 0.14.0, the default strategy will be replaced by the new strategy, the 'zscore' option will be removed. and using standardize=True will fall back to 'zscore_sample'.To avoid this warning, please use 'zscore_sample' instead.
  r=lw.fit_transform([ts])[0]
/Users/evangeline.bangsil/localwork/UTD-PROJECT/fm-subtype-discovery/experiments/ds002748_mdd/dataset_mdd.py:69: RuntimeWarning: divide by zero encountered in arctanh
  z=np.arctanh(r)
/Users/evangeline.bangsil/localwork/UTD-PROJECT/fm-subtype-discovery/experiments/ds002748_mdd/dataset_mdd.py:68: FutureWarning: The default strategy for standardize is currently 'zscore' which incorrectly uses population std to calculate sample zscores. The new strategy 'zscore_sample' corrects this behavior by using the sample std. In release 0.14.0, the default strategy will be replaced by the new strategy, the 'zscore' option will be removed. and using standardize=True will fall back to 'zscore_sample'.To avoid this warning, please use 'zscore_sample' instead.
  r=lw.fit_transform([ts])[0]
/Users/evangeline.bangsil/localwork/UTD-PROJECT/fm-subtype-discovery/experiments/ds002748_mdd/dataset_mdd.py:69: RuntimeWarning: divide by zero encountered in arctanh
  z=np.arctanh(r)
/Users/evangeline.bangsil/localwork/UTD-PROJECT/fm-subtype-discovery/experiments/ds002748_mdd/dataset_mdd.py:68: FutureWarning: The default strategy for standardize is currently 'zscore' which incorrectly uses population std to calculate sample zscores. The new strategy 'zscore_sample' corrects this behavior by using the sample std. In release 0.14.0, the default strategy will be replaced by the new strategy, the 'zscore' option will be removed. and using standardize=True will fall back to 'zscore_sample'.To avoid this warning, please use 'zscore_sample' instead.
  r=lw.fit_transform([ts])[0]
/Users/evangeline.bangsil/localwork/UTD-PROJECT/fm-subtype-discovery/experiments/ds002748_mdd/dataset_mdd.py:69: RuntimeWarning: divide by zero encountered in arctanh
  z=np.arctanh(r)
/Users/evangeline.bangsil/localwork/UTD-PROJECT/fm-subtype-discovery/experiments/ds002748_mdd/dataset_mdd.py:68: FutureWarning: The default strategy for standardize is currently 'zscore' which incorrectly uses population std to calculate sample zscores. The new strategy 'zscore_sample' corrects this behavior by using the sample std. In release 0.14.0, the default strategy will be replaced by the new strategy, the 'zscore' option will be removed. and using standardize=True will fall back to 'zscore_sample'.To avoid this warning, please use 'zscore_sample' instead.
  r=lw.fit_transform([ts])[0]
/Users/evangeline.bangsil/localwork/UTD-PROJECT/fm-subtype-discovery/experiments/ds002748_mdd/dataset_mdd.py:69: RuntimeWarning: divide by zero encountered in arctanh
  z=np.arctanh(r)
/Users/evangeline.bangsil/localwork/UTD-PROJECT/fm-subtype-discovery/experiments/ds002748_mdd/dataset_mdd.py:68: FutureWarning: The default strategy for standardize is currently 'zscore' which incorrectly uses population std to calculate sample zscores. The new strategy 'zscore_sample' corrects this behavior by using the sample std. In release 0.14.0, the default strategy will be replaced by the new strategy, the 'zscore' option will be removed. and using standardize=True will fall back to 'zscore_sample'.To avoid this warning, please use 'zscore_sample' instead.
  r=lw.fit_transform([ts])[0]
/Users/evangeline.bangsil/localwork/UTD-PROJECT/fm-subtype-discovery/experiments/ds002748_mdd/dataset_mdd.py:69: RuntimeWarning: divide by zero encountered in arctanh
  z=np.arctanh(r)
/Users/evangeline.bangsil/localwork/UTD-PROJECT/fm-subtype-discovery/experiments/ds002748_mdd/dataset_mdd.py:68: FutureWarning: The default strategy for standardize is currently 'zscore' which incorrectly uses population std to calculate sample zscores. The new strategy 'zscore_sample' corrects this behavior by using the sample std. In release 0.14.0, the default strategy will be replaced by the new strategy, the 'zscore' option will be removed. and using standardize=True will fall back to 'zscore_sample'.To avoid this warning, please use 'zscore_sample' instead.
  r=lw.fit_transform([ts])[0]
/Users/evangeline.bangsil/localwork/UTD-PROJECT/fm-subtype-discovery/experiments/ds002748_mdd/dataset_mdd.py:69: RuntimeWarning: divide by zero encountered in arctanh
  z=np.arctanh(r)
/Users/evangeline.bangsil/localwork/UTD-PROJECT/fm-subtype-discovery/experiments/ds002748_mdd/dataset_mdd.py:68: FutureWarning: The default strategy for standardize is currently 'zscore' which incorrectly uses population std to calculate sample zscores. The new strategy 'zscore_sample' corrects this behavior by using the sample std. In release 0.14.0, the default strategy will be replaced by the new strategy, the 'zscore' option will be removed. and using standardize=True will fall back to 'zscore_sample'.To avoid this warning, please use 'zscore_sample' instead.
  r=lw.fit_transform([ts])[0]
/Users/evangeline.bangsil/localwork/UTD-PROJECT/fm-subtype-discovery/experiments/ds002748_mdd/dataset_mdd.py:69: RuntimeWarning: divide by zero encountered in arctanh
  z=np.arctanh(r)
/Users/evangeline.bangsil/localwork/UTD-PROJECT/fm-subtype-discovery/experiments/ds002748_mdd/dataset_mdd.py:68: FutureWarning: The default strategy for standardize is currently 'zscore' which incorrectly uses population std to calculate sample zscores. The new strategy 'zscore_sample' corrects this behavior by using the sample std. In release 0.14.0, the default strategy will be replaced by the new strategy, the 'zscore' option will be removed. and using standardize=True will fall back to 'zscore_sample'.To avoid this warning, please use 'zscore_sample' instead.
  r=lw.fit_transform([ts])[0]
/Users/evangeline.bangsil/localwork/UTD-PROJECT/fm-subtype-discovery/experiments/ds002748_mdd/dataset_mdd.py:69: RuntimeWarning: divide by zero encountered in arctanh
  z=np.arctanh(r)
/Users/evangeline.bangsil/localwork/UTD-PROJECT/fm-subtype-discovery/experiments/ds002748_mdd/dataset_mdd.py:68: FutureWarning: The default strategy for standardize is currently 'zscore' which incorrectly uses population std to calculate sample zscores. The new strategy 'zscore_sample' corrects this behavior by using the sample std. In release 0.14.0, the default strategy will be replaced by the new strategy, the 'zscore' option will be removed. and using standardize=True will fall back to 'zscore_sample'.To avoid this warning, please use 'zscore_sample' instead.
  r=lw.fit_transform([ts])[0]
/Users/evangeline.bangsil/localwork/UTD-PROJECT/fm-subtype-discovery/experiments/ds002748_mdd/dataset_mdd.py:69: RuntimeWarning: divide by zero encountered in arctanh
  z=np.arctanh(r)
/Users/evangeline.bangsil/localwork/UTD-PROJECT/fm-subtype-discovery/experiments/ds002748_mdd/dataset_mdd.py:68: FutureWarning: The default strategy for standardize is currently 'zscore' which incorrectly uses population std to calculate sample zscores. The new strategy 'zscore_sample' corrects this behavior by using the sample std. In release 0.14.0, the default strategy will be replaced by the new strategy, the 'zscore' option will be removed. and using standardize=True will fall back to 'zscore_sample'.To avoid this warning, please use 'zscore_sample' instead.
  r=lw.fit_transform([ts])[0]
/Users/evangeline.bangsil/localwork/UTD-PROJECT/fm-subtype-discovery/experiments/ds002748_mdd/dataset_mdd.py:69: RuntimeWarning: divide by zero encountered in arctanh
  z=np.arctanh(r)
/Users/evangeline.bangsil/localwork/UTD-PROJECT/fm-subtype-discovery/experiments/ds002748_mdd/dataset_mdd.py:68: FutureWarning: The default strategy for standardize is currently 'zscore' which incorrectly uses population std to calculate sample zscores. The new strategy 'zscore_sample' corrects this behavior by using the sample std. In release 0.14.0, the default strategy will be replaced by the new strategy, the 'zscore' option will be removed. and using standardize=True will fall back to 'zscore_sample'.To avoid this warning, please use 'zscore_sample' instead.
  r=lw.fit_transform([ts])[0]
/Users/evangeline.bangsil/localwork/UTD-PROJECT/fm-subtype-discovery/experiments/ds002748_mdd/dataset_mdd.py:69: RuntimeWarning: divide by zero encountered in arctanh
  z=np.arctanh(r)
/Users/evangeline.bangsil/localwork/UTD-PROJECT/fm-subtype-discovery/experiments/ds002748_mdd/dataset_mdd.py:68: FutureWarning: The default strategy for standardize is currently 'zscore' which incorrectly uses population std to calculate sample zscores. The new strategy 'zscore_sample' corrects this behavior by using the sample std. In release 0.14.0, the default strategy will be replaced by the new strategy, the 'zscore' option will be removed. and using standardize=True will fall back to 'zscore_sample'.To avoid this warning, please use 'zscore_sample' instead.
  r=lw.fit_transform([ts])[0]
/Users/evangeline.bangsil/localwork/UTD-PROJECT/fm-subtype-discovery/experiments/ds002748_mdd/dataset_mdd.py:69: RuntimeWarning: divide by zero encountered in arctanh
  z=np.arctanh(r)
/Users/evangeline.bangsil/localwork/UTD-PROJECT/fm-subtype-discovery/experiments/ds002748_mdd/dataset_mdd.py:68: FutureWarning: The default strategy for standardize is currently 'zscore' which incorrectly uses population std to calculate sample zscores. The new strategy 'zscore_sample' corrects this behavior by using the sample std. In release 0.14.0, the default strategy will be replaced by the new strategy, the 'zscore' option will be removed. and using standardize=True will fall back to 'zscore_sample'.To avoid this warning, please use 'zscore_sample' instead.
  r=lw.fit_transform([ts])[0]
/Users/evangeline.bangsil/localwork/UTD-PROJECT/fm-subtype-discovery/experiments/ds002748_mdd/dataset_mdd.py:69: RuntimeWarning: divide by zero encountered in arctanh
  z=np.arctanh(r)
/Users/evangeline.bangsil/localwork/UTD-PROJECT/fm-subtype-discovery/experiments/ds002748_mdd/dataset_mdd.py:68: FutureWarning: The default strategy for standardize is currently 'zscore' which incorrectly uses population std to calculate sample zscores. The new strategy 'zscore_sample' corrects this behavior by using the sample std. In release 0.14.0, the default strategy will be replaced by the new strategy, the 'zscore' option will be removed. and using standardize=True will fall back to 'zscore_sample'.To avoid this warning, please use 'zscore_sample' instead.
  r=lw.fit_transform([ts])[0]
/Users/evangeline.bangsil/localwork/UTD-PROJECT/fm-subtype-discovery/experiments/ds002748_mdd/dataset_mdd.py:69: RuntimeWarning: divide by zero encountered in arctanh
  z=np.arctanh(r)
/Users/evangeline.bangsil/localwork/UTD-PROJECT/fm-subtype-discovery/experiments/ds002748_mdd/dataset_mdd.py:68: FutureWarning: The default strategy for standardize is currently 'zscore' which incorrectly uses population std to calculate sample zscores. The new strategy 'zscore_sample' corrects this behavior by using the sample std. In release 0.14.0, the default strategy will be replaced by the new strategy, the 'zscore' option will be removed. and using standardize=True will fall back to 'zscore_sample'.To avoid this warning, please use 'zscore_sample' instead.
  r=lw.fit_transform([ts])[0]
/Users/evangeline.bangsil/localwork/UTD-PROJECT/fm-subtype-discovery/experiments/ds002748_mdd/dataset_mdd.py:69: RuntimeWarning: divide by zero encountered in arctanh
  z=np.arctanh(r)
/Users/evangeline.bangsil/localwork/UTD-PROJECT/fm-subtype-discovery/experiments/ds002748_mdd/dataset_mdd.py:68: FutureWarning: The default strategy for standardize is currently 'zscore' which incorrectly uses population std to calculate sample zscores. The new strategy 'zscore_sample' corrects this behavior by using the sample std. In release 0.14.0, the default strategy will be replaced by the new strategy, the 'zscore' option will be removed. and using standardize=True will fall back to 'zscore_sample'.To avoid this warning, please use 'zscore_sample' instead.
  r=lw.fit_transform([ts])[0]
/Users/evangeline.bangsil/localwork/UTD-PROJECT/fm-subtype-discovery/experiments/ds002748_mdd/dataset_mdd.py:69: RuntimeWarning: divide by zero encountered in arctanh
  z=np.arctanh(r)
/Users/evangeline.bangsil/localwork/UTD-PROJECT/fm-subtype-discovery/experiments/ds002748_mdd/dataset_mdd.py:68: FutureWarning: The default strategy for standardize is currently 'zscore' which incorrectly uses population std to calculate sample zscores. The new strategy 'zscore_sample' corrects this behavior by using the sample std. In release 0.14.0, the default strategy will be replaced by the new strategy, the 'zscore' option will be removed. and using standardize=True will fall back to 'zscore_sample'.To avoid this warning, please use 'zscore_sample' instead.
  r=lw.fit_transform([ts])[0]
/Users/evangeline.bangsil/localwork/UTD-PROJECT/fm-subtype-discovery/experiments/ds002748_mdd/dataset_mdd.py:69: RuntimeWarning: divide by zero encountered in arctanh
  z=np.arctanh(r)
/Users/evangeline.bangsil/localwork/UTD-PROJECT/fm-subtype-discovery/experiments/ds002748_mdd/dataset_mdd.py:68: FutureWarning: The default strategy for standardize is currently 'zscore' which incorrectly uses population std to calculate sample zscores. The new strategy 'zscore_sample' corrects this behavior by using the sample std. In release 0.14.0, the default strategy will be replaced by the new strategy, the 'zscore' option will be removed. and using standardize=True will fall back to 'zscore_sample'.To avoid this warning, please use 'zscore_sample' instead.
  r=lw.fit_transform([ts])[0]
/Users/evangeline.bangsil/localwork/UTD-PROJECT/fm-subtype-discovery/experiments/ds002748_mdd/dataset_mdd.py:69: RuntimeWarning: divide by zero encountered in arctanh
  z=np.arctanh(r)
/Users/evangeline.bangsil/localwork/UTD-PROJECT/fm-subtype-discovery/experiments/ds002748_mdd/dataset_mdd.py:68: FutureWarning: The default strategy for standardize is currently 'zscore' which incorrectly uses population std to calculate sample zscores. The new strategy 'zscore_sample' corrects this behavior by using the sample std. In release 0.14.0, the default strategy will be replaced by the new strategy, the 'zscore' option will be removed. and using standardize=True will fall back to 'zscore_sample'.To avoid this warning, please use 'zscore_sample' instead.
  r=lw.fit_transform([ts])[0]
/Users/evangeline.bangsil/localwork/UTD-PROJECT/fm-subtype-discovery/experiments/ds002748_mdd/dataset_mdd.py:69: RuntimeWarning: divide by zero encountered in arctanh
  z=np.arctanh(r)
/Users/evangeline.bangsil/localwork/UTD-PROJECT/fm-subtype-discovery/experiments/ds002748_mdd/dataset_mdd.py:68: FutureWarning: The default strategy for standardize is currently 'zscore' which incorrectly uses population std to calculate sample zscores. The new strategy 'zscore_sample' corrects this behavior by using the sample std. In release 0.14.0, the default strategy will be replaced by the new strategy, the 'zscore' option will be removed. and using standardize=True will fall back to 'zscore_sample'.To avoid this warning, please use 'zscore_sample' instead.
  r=lw.fit_transform([ts])[0]
/Users/evangeline.bangsil/localwork/UTD-PROJECT/fm-subtype-discovery/experiments/ds002748_mdd/dataset_mdd.py:69: RuntimeWarning: divide by zero encountered in arctanh
  z=np.arctanh(r)
/Users/evangeline.bangsil/localwork/UTD-PROJECT/fm-subtype-discovery/experiments/ds002748_mdd/dataset_mdd.py:68: FutureWarning: The default strategy for standardize is currently 'zscore' which incorrectly uses population std to calculate sample zscores. The new strategy 'zscore_sample' corrects this behavior by using the sample std. In release 0.14.0, the default strategy will be replaced by the new strategy, the 'zscore' option will be removed. and using standardize=True will fall back to 'zscore_sample'.To avoid this warning, please use 'zscore_sample' instead.
  r=lw.fit_transform([ts])[0]
/Users/evangeline.bangsil/localwork/UTD-PROJECT/fm-subtype-discovery/experiments/ds002748_mdd/dataset_mdd.py:69: RuntimeWarning: divide by zero encountered in arctanh
  z=np.arctanh(r)
/Users/evangeline.bangsil/localwork/UTD-PROJECT/fm-subtype-discovery/experiments/ds002748_mdd/dataset_mdd.py:68: FutureWarning: The default strategy for standardize is currently 'zscore' which incorrectly uses population std to calculate sample zscores. The new strategy 'zscore_sample' corrects this behavior by using the sample std. In release 0.14.0, the default strategy will be replaced by the new strategy, the 'zscore' option will be removed. and using standardize=True will fall back to 'zscore_sample'.To avoid this warning, please use 'zscore_sample' instead.
  r=lw.fit_transform([ts])[0]
/Users/evangeline.bangsil/localwork/UTD-PROJECT/fm-subtype-discovery/experiments/ds002748_mdd/dataset_mdd.py:69: RuntimeWarning: divide by zero encountered in arctanh
  z=np.arctanh(r)
/Users/evangeline.bangsil/localwork/UTD-PROJECT/fm-subtype-discovery/experiments/ds002748_mdd/dataset_mdd.py:68: FutureWarning: The default strategy for standardize is currently 'zscore' which incorrectly uses population std to calculate sample zscores. The new strategy 'zscore_sample' corrects this behavior by using the sample std. In release 0.14.0, the default strategy will be replaced by the new strategy, the 'zscore' option will be removed. and using standardize=True will fall back to 'zscore_sample'.To avoid this warning, please use 'zscore_sample' instead.
  r=lw.fit_transform([ts])[0]
/Users/evangeline.bangsil/localwork/UTD-PROJECT/fm-subtype-discovery/experiments/ds002748_mdd/dataset_mdd.py:69: RuntimeWarning: divide by zero encountered in arctanh
  z=np.arctanh(r)
/Users/evangeline.bangsil/localwork/UTD-PROJECT/fm-subtype-discovery/experiments/ds002748_mdd/dataset_mdd.py:68: FutureWarning: The default strategy for standardize is currently 'zscore' which incorrectly uses population std to calculate sample zscores. The new strategy 'zscore_sample' corrects this behavior by using the sample std. In release 0.14.0, the default strategy will be replaced by the new strategy, the 'zscore' option will be removed. and using standardize=True will fall back to 'zscore_sample'.To avoid this warning, please use 'zscore_sample' instead.
  r=lw.fit_transform([ts])[0]
/Users/evangeline.bangsil/localwork/UTD-PROJECT/fm-subtype-discovery/experiments/ds002748_mdd/dataset_mdd.py:69: RuntimeWarning: divide by zero encountered in arctanh
  z=np.arctanh(r)
/Users/evangeline.bangsil/localwork/UTD-PROJECT/fm-subtype-discovery/experiments/ds002748_mdd/dataset_mdd.py:68: FutureWarning: The default strategy for standardize is currently 'zscore' which incorrectly uses population std to calculate sample zscores. The new strategy 'zscore_sample' corrects this behavior by using the sample std. In release 0.14.0, the default strategy will be replaced by the new strategy, the 'zscore' option will be removed. and using standardize=True will fall back to 'zscore_sample'.To avoid this warning, please use 'zscore_sample' instead.
  r=lw.fit_transform([ts])[0]
/Users/evangeline.bangsil/localwork/UTD-PROJECT/fm-subtype-discovery/experiments/ds002748_mdd/dataset_mdd.py:69: RuntimeWarning: divide by zero encountered in arctanh
  z=np.arctanh(r)
/Users/evangeline.bangsil/localwork/UTD-PROJECT/fm-subtype-discovery/experiments/ds002748_mdd/dataset_mdd.py:68: FutureWarning: The default strategy for standardize is currently 'zscore' which incorrectly uses population std to calculate sample zscores. The new strategy 'zscore_sample' corrects this behavior by using the sample std. In release 0.14.0, the default strategy will be replaced by the new strategy, the 'zscore' option will be removed. and using standardize=True will fall back to 'zscore_sample'.To avoid this warning, please use 'zscore_sample' instead.
  r=lw.fit_transform([ts])[0]
/Users/evangeline.bangsil/localwork/UTD-PROJECT/fm-subtype-discovery/experiments/ds002748_mdd/dataset_mdd.py:69: RuntimeWarning: divide by zero encountered in arctanh
  z=np.arctanh(r)
/Users/evangeline.bangsil/localwork/UTD-PROJECT/fm-subtype-discovery/experiments/ds002748_mdd/dataset_mdd.py:68: FutureWarning: The default strategy for standardize is currently 'zscore' which incorrectly uses population std to calculate sample zscores. The new strategy 'zscore_sample' corrects this behavior by using the sample std. In release 0.14.0, the default strategy will be replaced by the new strategy, the 'zscore' option will be removed. and using standardize=True will fall back to 'zscore_sample'.To avoid this warning, please use 'zscore_sample' instead.
  r=lw.fit_transform([ts])[0]
/Users/evangeline.bangsil/localwork/UTD-PROJECT/fm-subtype-discovery/experiments/ds002748_mdd/dataset_mdd.py:69: RuntimeWarning: divide by zero encountered in arctanh
  z=np.arctanh(r)
/Users/evangeline.bangsil/localwork/UTD-PROJECT/fm-subtype-discovery/experiments/ds002748_mdd/dataset_mdd.py:68: FutureWarning: The default strategy for standardize is currently 'zscore' which incorrectly uses population std to calculate sample zscores. The new strategy 'zscore_sample' corrects this behavior by using the sample std. In release 0.14.0, the default strategy will be replaced by the new strategy, the 'zscore' option will be removed. and using standardize=True will fall back to 'zscore_sample'.To avoid this warning, please use 'zscore_sample' instead.
  r=lw.fit_transform([ts])[0]
/Users/evangeline.bangsil/localwork/UTD-PROJECT/fm-subtype-discovery/experiments/ds002748_mdd/dataset_mdd.py:69: RuntimeWarning: divide by zero encountered in arctanh
  z=np.arctanh(r)
/Users/evangeline.bangsil/localwork/UTD-PROJECT/fm-subtype-discovery/experiments/ds002748_mdd/dataset_mdd.py:68: FutureWarning: The default strategy for standardize is currently 'zscore' which incorrectly uses population std to calculate sample zscores. The new strategy 'zscore_sample' corrects this behavior by using the sample std. In release 0.14.0, the default strategy will be replaced by the new strategy, the 'zscore' option will be removed. and using standardize=True will fall back to 'zscore_sample'.To avoid this warning, please use 'zscore_sample' instead.
  r=lw.fit_transform([ts])[0]
/Users/evangeline.bangsil/localwork/UTD-PROJECT/fm-subtype-discovery/experiments/ds002748_mdd/dataset_mdd.py:69: RuntimeWarning: divide by zero encountered in arctanh
  z=np.arctanh(r)
/Users/evangeline.bangsil/localwork/UTD-PROJECT/fm-subtype-discovery/experiments/ds002748_mdd/dataset_mdd.py:68: FutureWarning: The default strategy for standardize is currently 'zscore' which incorrectly uses population std to calculate sample zscores. The new strategy 'zscore_sample' corrects this behavior by using the sample std. In release 0.14.0, the default strategy will be replaced by the new strategy, the 'zscore' option will be removed. and using standardize=True will fall back to 'zscore_sample'.To avoid this warning, please use 'zscore_sample' instead.
  r=lw.fit_transform([ts])[0]
/Users/evangeline.bangsil/localwork/UTD-PROJECT/fm-subtype-discovery/experiments/ds002748_mdd/dataset_mdd.py:69: RuntimeWarning: divide by zero encountered in arctanh
  z=np.arctanh(r)
/Users/evangeline.bangsil/localwork/UTD-PROJECT/fm-subtype-discovery/experiments/ds002748_mdd/dataset_mdd.py:68: FutureWarning: The default strategy for standardize is currently 'zscore' which incorrectly uses population std to calculate sample zscores. The new strategy 'zscore_sample' corrects this behavior by using the sample std. In release 0.14.0, the default strategy will be replaced by the new strategy, the 'zscore' option will be removed. and using standardize=True will fall back to 'zscore_sample'.To avoid this warning, please use 'zscore_sample' instead.
  r=lw.fit_transform([ts])[0]
/Users/evangeline.bangsil/localwork/UTD-PROJECT/fm-subtype-discovery/experiments/ds002748_mdd/dataset_mdd.py:69: RuntimeWarning: divide by zero encountered in arctanh
  z=np.arctanh(r)
/Users/evangeline.bangsil/localwork/UTD-PROJECT/fm-subtype-discovery/experiments/ds002748_mdd/dataset_mdd.py:68: FutureWarning: The default strategy for standardize is currently 'zscore' which incorrectly uses population std to calculate sample zscores. The new strategy 'zscore_sample' corrects this behavior by using the sample std. In release 0.14.0, the default strategy will be replaced by the new strategy, the 'zscore' option will be removed. and using standardize=True will fall back to 'zscore_sample'.To avoid this warning, please use 'zscore_sample' instead.
  r=lw.fit_transform([ts])[0]
/Users/evangeline.bangsil/localwork/UTD-PROJECT/fm-subtype-discovery/experiments/ds002748_mdd/dataset_mdd.py:69: RuntimeWarning: divide by zero encountered in arctanh
  z=np.arctanh(r)
/Users/evangeline.bangsil/localwork/UTD-PROJECT/fm-subtype-discovery/experiments/ds002748_mdd/dataset_mdd.py:68: FutureWarning: The default strategy for standardize is currently 'zscore' which incorrectly uses population std to calculate sample zscores. The new strategy 'zscore_sample' corrects this behavior by using the sample std. In release 0.14.0, the default strategy will be replaced by the new strategy, the 'zscore' option will be removed. and using standardize=True will fall back to 'zscore_sample'.To avoid this warning, please use 'zscore_sample' instead.
  r=lw.fit_transform([ts])[0]
/Users/evangeline.bangsil/localwork/UTD-PROJECT/fm-subtype-discovery/experiments/ds002748_mdd/dataset_mdd.py:69: RuntimeWarning: divide by zero encountered in arctanh
  z=np.arctanh(r)
/Users/evangeline.bangsil/localwork/UTD-PROJECT/fm-subtype-discovery/experiments/ds002748_mdd/dataset_mdd.py:68: FutureWarning: The default strategy for standardize is currently 'zscore' which incorrectly uses population std to calculate sample zscores. The new strategy 'zscore_sample' corrects this behavior by using the sample std. In release 0.14.0, the default strategy will be replaced by the new strategy, the 'zscore' option will be removed. and using standardize=True will fall back to 'zscore_sample'.To avoid this warning, please use 'zscore_sample' instead.
  r=lw.fit_transform([ts])[0]
/Users/evangeline.bangsil/localwork/UTD-PROJECT/fm-subtype-discovery/experiments/ds002748_mdd/dataset_mdd.py:69: RuntimeWarning: divide by zero encountered in arctanh
  z=np.arctanh(r)
/Users/evangeline.bangsil/localwork/UTD-PROJECT/fm-subtype-discovery/experiments/ds002748_mdd/dataset_mdd.py:68: FutureWarning: The default strategy for standardize is currently 'zscore' which incorrectly uses population std to calculate sample zscores. The new strategy 'zscore_sample' corrects this behavior by using the sample std. In release 0.14.0, the default strategy will be replaced by the new strategy, the 'zscore' option will be removed. and using standardize=True will fall back to 'zscore_sample'.To avoid this warning, please use 'zscore_sample' instead.
  r=lw.fit_transform([ts])[0]
/Users/evangeline.bangsil/localwork/UTD-PROJECT/fm-subtype-discovery/experiments/ds002748_mdd/dataset_mdd.py:69: RuntimeWarning: divide by zero encountered in arctanh
  z=np.arctanh(r)
/Users/evangeline.bangsil/localwork/UTD-PROJECT/fm-subtype-discovery/experiments/ds002748_mdd/dataset_mdd.py:68: FutureWarning: The default strategy for standardize is currently 'zscore' which incorrectly uses population std to calculate sample zscores. The new strategy 'zscore_sample' corrects this behavior by using the sample std. In release 0.14.0, the default strategy will be replaced by the new strategy, the 'zscore' option will be removed. and using standardize=True will fall back to 'zscore_sample'.To avoid this warning, please use 'zscore_sample' instead.
  r=lw.fit_transform([ts])[0]
/Users/evangeline.bangsil/localwork/UTD-PROJECT/fm-subtype-discovery/experiments/ds002748_mdd/dataset_mdd.py:69: RuntimeWarning: divide by zero encountered in arctanh
  z=np.arctanh(r)
/Users/evangeline.bangsil/localwork/UTD-PROJECT/fm-subtype-discovery/experiments/ds002748_mdd/dataset_mdd.py:68: FutureWarning: The default strategy for standardize is currently 'zscore' which incorrectly uses population std to calculate sample zscores. The new strategy 'zscore_sample' corrects this behavior by using the sample std. In release 0.14.0, the default strategy will be replaced by the new strategy, the 'zscore' option will be removed. and using standardize=True will fall back to 'zscore_sample'.To avoid this warning, please use 'zscore_sample' instead.
  r=lw.fit_transform([ts])[0]
/Users/evangeline.bangsil/localwork/UTD-PROJECT/fm-subtype-discovery/experiments/ds002748_mdd/dataset_mdd.py:69: RuntimeWarning: divide by zero encountered in arctanh
  z=np.arctanh(r)
/Users/evangeline.bangsil/localwork/UTD-PROJECT/fm-subtype-discovery/experiments/ds002748_mdd/dataset_mdd.py:68: FutureWarning: The default strategy for standardize is currently 'zscore' which incorrectly uses population std to calculate sample zscores. The new strategy 'zscore_sample' corrects this behavior by using the sample std. In release 0.14.0, the default strategy will be replaced by the new strategy, the 'zscore' option will be removed. and using standardize=True will fall back to 'zscore_sample'.To avoid this warning, please use 'zscore_sample' instead.
  r=lw.fit_transform([ts])[0]
/Users/evangeline.bangsil/localwork/UTD-PROJECT/fm-subtype-discovery/experiments/ds002748_mdd/dataset_mdd.py:69: RuntimeWarning: divide by zero encountered in arctanh
  z=np.arctanh(r)
/Users/evangeline.bangsil/localwork/UTD-PROJECT/fm-subtype-discovery/experiments/ds002748_mdd/dataset_mdd.py:68: FutureWarning: The default strategy for standardize is currently 'zscore' which incorrectly uses population std to calculate sample zscores. The new strategy 'zscore_sample' corrects this behavior by using the sample std. In release 0.14.0, the default strategy will be replaced by the new strategy, the 'zscore' option will be removed. and using standardize=True will fall back to 'zscore_sample'.To avoid this warning, please use 'zscore_sample' instead.
  r=lw.fit_transform([ts])[0]
/Users/evangeline.bangsil/localwork/UTD-PROJECT/fm-subtype-discovery/experiments/ds002748_mdd/dataset_mdd.py:69: RuntimeWarning: divide by zero encountered in arctanh
  z=np.arctanh(r)
/Users/evangeline.bangsil/localwork/UTD-PROJECT/fm-subtype-discovery/experiments/ds002748_mdd/dataset_mdd.py:68: FutureWarning: The default strategy for standardize is currently 'zscore' which incorrectly uses population std to calculate sample zscores. The new strategy 'zscore_sample' corrects this behavior by using the sample std. In release 0.14.0, the default strategy will be replaced by the new strategy, the 'zscore' option will be removed. and using standardize=True will fall back to 'zscore_sample'.To avoid this warning, please use 'zscore_sample' instead.
  r=lw.fit_transform([ts])[0]
/Users/evangeline.bangsil/localwork/UTD-PROJECT/fm-subtype-discovery/experiments/ds002748_mdd/dataset_mdd.py:69: RuntimeWarning: divide by zero encountered in arctanh
  z=np.arctanh(r)
/Users/evangeline.bangsil/localwork/UTD-PROJECT/fm-subtype-discovery/experiments/ds002748_mdd/dataset_mdd.py:68: FutureWarning: The default strategy for standardize is currently 'zscore' which incorrectly uses population std to calculate sample zscores. The new strategy 'zscore_sample' corrects this behavior by using the sample std. In release 0.14.0, the default strategy will be replaced by the new strategy, the 'zscore' option will be removed. and using standardize=True will fall back to 'zscore_sample'.To avoid this warning, please use 'zscore_sample' instead.
  r=lw.fit_transform([ts])[0]
/Users/evangeline.bangsil/localwork/UTD-PROJECT/fm-subtype-discovery/experiments/ds002748_mdd/dataset_mdd.py:69: RuntimeWarning: divide by zero encountered in arctanh
  z=np.arctanh(r)
/Users/evangeline.bangsil/localwork/UTD-PROJECT/fm-subtype-discovery/experiments/ds002748_mdd/dataset_mdd.py:68: FutureWarning: The default strategy for standardize is currently 'zscore' which incorrectly uses population std to calculate sample zscores. The new strategy 'zscore_sample' corrects this behavior by using the sample std. In release 0.14.0, the default strategy will be replaced by the new strategy, the 'zscore' option will be removed. and using standardize=True will fall back to 'zscore_sample'.To avoid this warning, please use 'zscore_sample' instead.
  r=lw.fit_transform([ts])[0]
/Users/evangeline.bangsil/localwork/UTD-PROJECT/fm-subtype-discovery/experiments/ds002748_mdd/dataset_mdd.py:69: RuntimeWarning: divide by zero encountered in arctanh
  z=np.arctanh(r)
/Users/evangeline.bangsil/localwork/UTD-PROJECT/fm-subtype-discovery/experiments/ds002748_mdd/dataset_mdd.py:68: FutureWarning: The default strategy for standardize is currently 'zscore' which incorrectly uses population std to calculate sample zscores. The new strategy 'zscore_sample' corrects this behavior by using the sample std. In release 0.14.0, the default strategy will be replaced by the new strategy, the 'zscore' option will be removed. and using standardize=True will fall back to 'zscore_sample'.To avoid this warning, please use 'zscore_sample' instead.
  r=lw.fit_transform([ts])[0]
/Users/evangeline.bangsil/localwork/UTD-PROJECT/fm-subtype-discovery/experiments/ds002748_mdd/dataset_mdd.py:69: RuntimeWarning: divide by zero encountered in arctanh
  z=np.arctanh(r)
/Users/evangeline.bangsil/localwork/UTD-PROJECT/fm-subtype-discovery/experiments/ds002748_mdd/dataset_mdd.py:68: FutureWarning: The default strategy for standardize is currently 'zscore' which incorrectly uses population std to calculate sample zscores. The new strategy 'zscore_sample' corrects this behavior by using the sample std. In release 0.14.0, the default strategy will be replaced by the new strategy, the 'zscore' option will be removed. and using standardize=True will fall back to 'zscore_sample'.To avoid this warning, please use 'zscore_sample' instead.
  r=lw.fit_transform([ts])[0]
/Users/evangeline.bangsil/localwork/UTD-PROJECT/fm-subtype-discovery/experiments/ds002748_mdd/dataset_mdd.py:69: RuntimeWarning: divide by zero encountered in arctanh
  z=np.arctanh(r)
/Users/evangeline.bangsil/localwork/UTD-PROJECT/fm-subtype-discovery/experiments/ds002748_mdd/dataset_mdd.py:68: FutureWarning: The default strategy for standardize is currently 'zscore' which incorrectly uses population std to calculate sample zscores. The new strategy 'zscore_sample' corrects this behavior by using the sample std. In release 0.14.0, the default strategy will be replaced by the new strategy, the 'zscore' option will be removed. and using standardize=True will fall back to 'zscore_sample'.To avoid this warning, please use 'zscore_sample' instead.
  r=lw.fit_transform([ts])[0]
/Users/evangeline.bangsil/localwork/UTD-PROJECT/fm-subtype-discovery/experiments/ds002748_mdd/dataset_mdd.py:69: RuntimeWarning: divide by zero encountered in arctanh
  z=np.arctanh(r)
/Users/evangeline.bangsil/localwork/UTD-PROJECT/fm-subtype-discovery/experiments/ds002748_mdd/dataset_mdd.py:68: FutureWarning: The default strategy for standardize is currently 'zscore' which incorrectly uses population std to calculate sample zscores. The new strategy 'zscore_sample' corrects this behavior by using the sample std. In release 0.14.0, the default strategy will be replaced by the new strategy, the 'zscore' option will be removed. and using standardize=True will fall back to 'zscore_sample'.To avoid this warning, please use 'zscore_sample' instead.
  r=lw.fit_transform([ts])[0]
/Users/evangeline.bangsil/localwork/UTD-PROJECT/fm-subtype-discovery/experiments/ds002748_mdd/dataset_mdd.py:69: RuntimeWarning: divide by zero encountered in arctanh
  z=np.arctanh(r)
/Users/evangeline.bangsil/localwork/UTD-PROJECT/fm-subtype-discovery/experiments/ds002748_mdd/dataset_mdd.py:68: FutureWarning: The default strategy for standardize is currently 'zscore' which incorrectly uses population std to calculate sample zscores. The new strategy 'zscore_sample' corrects this behavior by using the sample std. In release 0.14.0, the default strategy will be replaced by the new strategy, the 'zscore' option will be removed. and using standardize=True will fall back to 'zscore_sample'.To avoid this warning, please use 'zscore_sample' instead.
  r=lw.fit_transform([ts])[0]
/Users/evangeline.bangsil/localwork/UTD-PROJECT/fm-subtype-discovery/experiments/ds002748_mdd/dataset_mdd.py:69: RuntimeWarning: divide by zero encountered in arctanh
  z=np.arctanh(r)
/Users/evangeline.bangsil/localwork/UTD-PROJECT/fm-subtype-discovery/experiments/ds002748_mdd/dataset_mdd.py:68: FutureWarning: The default strategy for standardize is currently 'zscore' which incorrectly uses population std to calculate sample zscores. The new strategy 'zscore_sample' corrects this behavior by using the sample std. In release 0.14.0, the default strategy will be replaced by the new strategy, the 'zscore' option will be removed. and using standardize=True will fall back to 'zscore_sample'.To avoid this warning, please use 'zscore_sample' instead.
  r=lw.fit_transform([ts])[0]
/Users/evangeline.bangsil/localwork/UTD-PROJECT/fm-subtype-discovery/experiments/ds002748_mdd/dataset_mdd.py:69: RuntimeWarning: divide by zero encountered in arctanh
  z=np.arctanh(r)
/Users/evangeline.bangsil/localwork/UTD-PROJECT/fm-subtype-discovery/experiments/ds002748_mdd/dataset_mdd.py:68: FutureWarning: The default strategy for standardize is currently 'zscore' which incorrectly uses population std to calculate sample zscores. The new strategy 'zscore_sample' corrects this behavior by using the sample std. In release 0.14.0, the default strategy will be replaced by the new strategy, the 'zscore' option will be removed. and using standardize=True will fall back to 'zscore_sample'.To avoid this warning, please use 'zscore_sample' instead.
  r=lw.fit_transform([ts])[0]
/Users/evangeline.bangsil/localwork/UTD-PROJECT/fm-subtype-discovery/experiments/ds002748_mdd/dataset_mdd.py:69: RuntimeWarning: divide by zero encountered in arctanh
  z=np.arctanh(r)
/Users/evangeline.bangsil/localwork/UTD-PROJECT/fm-subtype-discovery/experiments/ds002748_mdd/dataset_mdd.py:68: FutureWarning: The default strategy for standardize is currently 'zscore' which incorrectly uses population std to calculate sample zscores. The new strategy 'zscore_sample' corrects this behavior by using the sample std. In release 0.14.0, the default strategy will be replaced by the new strategy, the 'zscore' option will be removed. and using standardize=True will fall back to 'zscore_sample'.To avoid this warning, please use 'zscore_sample' instead.
  r=lw.fit_transform([ts])[0]
/Users/evangeline.bangsil/localwork/UTD-PROJECT/fm-subtype-discovery/experiments/ds002748_mdd/dataset_mdd.py:69: RuntimeWarning: divide by zero encountered in arctanh
  z=np.arctanh(r)
/Users/evangeline.bangsil/localwork/UTD-PROJECT/fm-subtype-discovery/experiments/ds002748_mdd/dataset_mdd.py:68: FutureWarning: The default strategy for standardize is currently 'zscore' which incorrectly uses population std to calculate sample zscores. The new strategy 'zscore_sample' corrects this behavior by using the sample std. In release 0.14.0, the default strategy will be replaced by the new strategy, the 'zscore' option will be removed. and using standardize=True will fall back to 'zscore_sample'.To avoid this warning, please use 'zscore_sample' instead.
  r=lw.fit_transform([ts])[0]
/Users/evangeline.bangsil/localwork/UTD-PROJECT/fm-subtype-discovery/experiments/ds002748_mdd/dataset_mdd.py:69: RuntimeWarning: divide by zero encountered in arctanh
  z=np.arctanh(r)
/Users/evangeline.bangsil/localwork/UTD-PROJECT/fm-subtype-discovery/experiments/ds002748_mdd/dataset_mdd.py:68: FutureWarning: The default strategy for standardize is currently 'zscore' which incorrectly uses population std to calculate sample zscores. The new strategy 'zscore_sample' corrects this behavior by using the sample std. In release 0.14.0, the default strategy will be replaced by the new strategy, the 'zscore' option will be removed. and using standardize=True will fall back to 'zscore_sample'.To avoid this warning, please use 'zscore_sample' instead.
  r=lw.fit_transform([ts])[0]
/Users/evangeline.bangsil/localwork/UTD-PROJECT/fm-subtype-discovery/experiments/ds002748_mdd/dataset_mdd.py:69: RuntimeWarning: divide by zero encountered in arctanh
  z=np.arctanh(r)
/Users/evangeline.bangsil/localwork/UTD-PROJECT/fm-subtype-discovery/experiments/ds002748_mdd/dataset_mdd.py:68: FutureWarning: The default strategy for standardize is currently 'zscore' which incorrectly uses population std to calculate sample zscores. The new strategy 'zscore_sample' corrects this behavior by using the sample std. In release 0.14.0, the default strategy will be replaced by the new strategy, the 'zscore' option will be removed. and using standardize=True will fall back to 'zscore_sample'.To avoid this warning, please use 'zscore_sample' instead.
  r=lw.fit_transform([ts])[0]
/Users/evangeline.bangsil/localwork/UTD-PROJECT/fm-subtype-discovery/experiments/ds002748_mdd/dataset_mdd.py:69: RuntimeWarning: divide by zero encountered in arctanh
  z=np.arctanh(r)
/Users/evangeline.bangsil/localwork/UTD-PROJECT/fm-subtype-discovery/experiments/ds002748_mdd/dataset_mdd.py:68: FutureWarning: The default strategy for standardize is currently 'zscore' which incorrectly uses population std to calculate sample zscores. The new strategy 'zscore_sample' corrects this behavior by using the sample std. In release 0.14.0, the default strategy will be replaced by the new strategy, the 'zscore' option will be removed. and using standardize=True will fall back to 'zscore_sample'.To avoid this warning, please use 'zscore_sample' instead.
  r=lw.fit_transform([ts])[0]
/Users/evangeline.bangsil/localwork/UTD-PROJECT/fm-subtype-discovery/experiments/ds002748_mdd/dataset_mdd.py:69: RuntimeWarning: divide by zero encountered in arctanh
  z=np.arctanh(r)
/Users/evangeline.bangsil/localwork/UTD-PROJECT/fm-subtype-discovery/experiments/ds002748_mdd/dataset_mdd.py:68: FutureWarning: The default strategy for standardize is currently 'zscore' which incorrectly uses population std to calculate sample zscores. The new strategy 'zscore_sample' corrects this behavior by using the sample std. In release 0.14.0, the default strategy will be replaced by the new strategy, the 'zscore' option will be removed. and using standardize=True will fall back to 'zscore_sample'.To avoid this warning, please use 'zscore_sample' instead.
  r=lw.fit_transform([ts])[0]
/Users/evangeline.bangsil/localwork/UTD-PROJECT/fm-subtype-discovery/experiments/ds002748_mdd/dataset_mdd.py:69: RuntimeWarning: divide by zero encountered in arctanh
  z=np.arctanh(r)
/Users/evangeline.bangsil/localwork/UTD-PROJECT/fm-subtype-discovery/experiments/ds002748_mdd/dataset_mdd.py:68: FutureWarning: The default strategy for standardize is currently 'zscore' which incorrectly uses population std to calculate sample zscores. The new strategy 'zscore_sample' corrects this behavior by using the sample std. In release 0.14.0, the default strategy will be replaced by the new strategy, the 'zscore' option will be removed. and using standardize=True will fall back to 'zscore_sample'.To avoid this warning, please use 'zscore_sample' instead.
  r=lw.fit_transform([ts])[0]
/Users/evangeline.bangsil/localwork/UTD-PROJECT/fm-subtype-discovery/experiments/ds002748_mdd/dataset_mdd.py:69: RuntimeWarning: divide by zero encountered in arctanh
  z=np.arctanh(r)
/Users/evangeline.bangsil/localwork/UTD-PROJECT/fm-subtype-discovery/experiments/ds002748_mdd/dataset_mdd.py:68: FutureWarning: The default strategy for standardize is currently 'zscore' which incorrectly uses population std to calculate sample zscores. The new strategy 'zscore_sample' corrects this behavior by using the sample std. In release 0.14.0, the default strategy will be replaced by the new strategy, the 'zscore' option will be removed. and using standardize=True will fall back to 'zscore_sample'.To avoid this warning, please use 'zscore_sample' instead.
  r=lw.fit_transform([ts])[0]
/Users/evangeline.bangsil/localwork/UTD-PROJECT/fm-subtype-discovery/experiments/ds002748_mdd/dataset_mdd.py:69: RuntimeWarning: divide by zero encountered in arctanh
  z=np.arctanh(r)
/Users/evangeline.bangsil/localwork/UTD-PROJECT/fm-subtype-discovery/experiments/ds002748_mdd/dataset_mdd.py:68: FutureWarning: The default strategy for standardize is currently 'zscore' which incorrectly uses population std to calculate sample zscores. The new strategy 'zscore_sample' corrects this behavior by using the sample std. In release 0.14.0, the default strategy will be replaced by the new strategy, the 'zscore' option will be removed. and using standardize=True will fall back to 'zscore_sample'.To avoid this warning, please use 'zscore_sample' instead.
  r=lw.fit_transform([ts])[0]
/Users/evangeline.bangsil/localwork/UTD-PROJECT/fm-subtype-discovery/experiments/ds002748_mdd/dataset_mdd.py:69: RuntimeWarning: divide by zero encountered in arctanh
  z=np.arctanh(r)
/Users/evangeline.bangsil/localwork/UTD-PROJECT/fm-subtype-discovery/experiments/ds002748_mdd/dataset_mdd.py:68: FutureWarning: The default strategy for standardize is currently 'zscore' which incorrectly uses population std to calculate sample zscores. The new strategy 'zscore_sample' corrects this behavior by using the sample std. In release 0.14.0, the default strategy will be replaced by the new strategy, the 'zscore' option will be removed. and using standardize=True will fall back to 'zscore_sample'.To avoid this warning, please use 'zscore_sample' instead.
  r=lw.fit_transform([ts])[0]
/Users/evangeline.bangsil/localwork/UTD-PROJECT/fm-subtype-discovery/experiments/ds002748_mdd/dataset_mdd.py:69: RuntimeWarning: divide by zero encountered in arctanh
  z=np.arctanh(r)
/Users/evangeline.bangsil/localwork/UTD-PROJECT/fm-subtype-discovery/experiments/ds002748_mdd/dataset_mdd.py:68: FutureWarning: The default strategy for standardize is currently 'zscore' which incorrectly uses population std to calculate sample zscores. The new strategy 'zscore_sample' corrects this behavior by using the sample std. In release 0.14.0, the default strategy will be replaced by the new strategy, the 'zscore' option will be removed. and using standardize=True will fall back to 'zscore_sample'.To avoid this warning, please use 'zscore_sample' instead.
  r=lw.fit_transform([ts])[0]
/Users/evangeline.bangsil/localwork/UTD-PROJECT/fm-subtype-discovery/experiments/ds002748_mdd/dataset_mdd.py:69: RuntimeWarning: divide by zero encountered in arctanh
  z=np.arctanh(r)
Epoch 0: train=2.1930 val=1.6800
Epoch 1: train=1.7191 val=1.0352
Epoch 2: train=1.2889 val=1.0608
Epoch 3: train=1.2990 val=0.9234
Epoch 4: train=1.1181 val=0.9273
Epoch 5: train=1.0685 val=0.8035
Epoch 6: train=0.9225 val=0.7130
Epoch 7: train=0.9322 val=0.6921
Epoch 8: train=0.9415 val=0.7462
Epoch 9: train=0.9027 val=0.6312
Epoch 10: train=0.8044 val=0.6329
Epoch 11: train=0.7453 val=0.5288
Epoch 12: train=0.8116 val=0.6496
Epoch 13: train=0.8159 val=0.5269
Epoch 14: train=0.7873 val=0.4926
Epoch 15: train=0.7736 val=0.3816
Epoch 16: train=0.7713 val=0.4718
Epoch 17: train=0.7985 val=0.5231
Epoch 18: train=0.7719 val=0.4521
Epoch 19: train=0.8016 val=0.5320
Epoch 20: train=0.7508 val=0.5516
Epoch 21: train=0.7086 val=0.4591
Epoch 22: train=0.6768 val=0.5367
Epoch 23: train=0.7175 val=0.4817
Epoch 24: train=0.5778 val=0.4370
Epoch 25: train=0.6316 val=0.4727
Epoch 26: train=0.6710 val=0.4319
Epoch 27: train=0.6173 val=0.5406
Epoch 28: train=0.6230 val=0.4278
Epoch 29: train=0.5577 val=0.4449
Epoch 30: train=0.5464 val=0.3915
Epoch 31: train=0.6781 val=0.5766
Epoch 32: train=0.7043 val=0.4980
Epoch 33: train=0.5937 val=0.5392
Epoch 34: train=0.6872 val=0.3886
Epoch 35: train=0.6297 val=0.6011
Epoch 36: train=0.5847 val=0.4538
Epoch 37: train=0.7199 val=0.4857
Epoch 38: train=0.5906 val=0.5354
Epoch 39: train=0.5685 val=0.4286
Epoch 40: train=0.5645 val=0.3545
Epoch 41: train=0.4871 val=0.4097
Epoch 42: train=0.5957 val=0.4288
Epoch 43: train=0.5266 val=0.4309
Epoch 44: train=0.5288 val=0.4623
Epoch 45: train=0.5094 val=0.4535
Epoch 46: train=0.5555 val=0.3987
Epoch 47: train=0.6089 val=0.3720
Epoch 48: train=0.5384 val=0.4221
Epoch 49: train=0.5255 val=0.4148
Epoch 50: train=0.5496 val=0.4014
Epoch 51: train=0.5358 val=0.3958
Epoch 52: train=0.5678 val=0.4248
Epoch 53: train=0.5222 val=0.4949
Epoch 54: train=0.4726 val=0.4475
Epoch 55: train=0.5160 val=0.3879
Epoch 56: train=0.5389 val=0.3529
Epoch 57: train=0.5025 val=0.3790
Epoch 58: train=0.5376 val=0.3581
Epoch 59: train=0.4591 val=0.4263
Epoch 60: train=0.5900 val=0.3707
Epoch 61: train=0.4994 val=0.4077
Epoch 62: train=0.4650 val=0.4408
Epoch 63: train=0.5716 val=0.3632
Epoch 64: train=0.5067 val=0.3420
Epoch 65: train=0.5233 val=0.4192
Epoch 66: train=0.4700 val=0.4201
Epoch 67: train=0.5522 val=0.3957
Epoch 68: train=0.5153 val=0.3830
Epoch 69: train=0.4894 val=0.3961
Epoch 70: train=0.4619 val=0.3623
Epoch 71: train=0.4636 val=0.3598
Epoch 72: train=0.5021 val=0.3272
Epoch 73: train=0.4707 val=0.3103
Epoch 74: train=0.4312 val=0.3355
Epoch 75: train=0.4757 val=0.3532
Epoch 76: train=0.4611 val=0.2783
Epoch 77: train=0.4654 val=0.3418
Epoch 78: train=0.3761 val=0.3686
Epoch 79: train=0.4512 val=0.2946
Epoch 80: train=0.5057 val=0.2998
Epoch 81: train=0.3816 val=0.3853
Epoch 82: train=0.4526 val=0.3566
Epoch 83: train=0.4408 val=0.3576
Epoch 84: train=0.4613 val=0.4216
Epoch 85: train=0.3982 val=0.3940
Epoch 86: train=0.4807 val=0.3292
Epoch 87: train=0.4333 val=0.3727
Epoch 88: train=0.4488 val=0.4107
Epoch 89: train=0.4403 val=0.4197
Epoch 90: train=0.4356 val=0.3685
Epoch 91: train=0.4009 val=0.3403
Epoch 92: train=0.4112 val=0.3309
Epoch 93: train=0.4379 val=0.4329
Epoch 94: train=0.3895 val=0.4055
Epoch 95: train=0.4386 val=0.3656
Epoch 96: train=0.3814 val=0.3591
Epoch 97: train=0.4305 val=0.4230
Epoch 98: train=0.4730 val=0.3756
Epoch 99: train=0.4182 val=0.3297
Epoch 100: train=0.3835 val=0.3324
Epoch 101: train=0.4541 val=0.3837
Early stopping at epoch 101
